{"error":{"errno":-4058,"code":"ENOENT","syscall":"open","path":"C:\\Workflow\\projects\\git\\templates\\node-express-typescript-api\\assets\\logs\\2020-12-12.log"},"level":"error","message":"uncaughtException: ENOENT: no such file or directory, open 'C:\\Workflow\\projects\\git\\templates\\node-express-typescript-api\\assets\\logs\\2020-12-12.log'\nError: ENOENT: no such file or directory, open 'C:\\Workflow\\projects\\git\\templates\\node-express-typescript-api\\assets\\logs\\2020-12-12.log'","stack":"Error: ENOENT: no such file or directory, open 'C:\\Workflow\\projects\\git\\templates\\node-express-typescript-api\\assets\\logs\\2020-12-12.log'","exception":true,"date":"Tue Dec 15 2020 08:46:52 GMT+0100 (GMT+01:00)","process":{"pid":16484,"uid":null,"gid":null,"cwd":"C:\\Workflow\\projects\\git\\templates\\node-express-typescript-api","execPath":"C:\\Program Files\\nodejs\\node.exe","version":"v12.18.3","argv":["C:\\Workflow\\projects\\git\\templates\\node-express-typescript-api\\node_modules\\ts-node\\dist\\bin.js","C:\\Workflow\\projects\\git\\templates\\node-express-typescript-api\\src\\index.ts"],"memoryUsage":{"rss":194420736,"heapTotal":166387712,"heapUsed":133588816,"external":2362691,"arrayBuffers":295472}},"os":{"loadavg":[0,0,0],"uptime":250455},"trace":[],"timestamp":"2020-12-15 08:46:52"}
{"message":"IP address: ::1, user: - | HTTP/1.1 GET /logs/ responded with 200 - 46.27 ms - Mozilla/5.0 (Windows NT 10.0; Win64; x64) AppleWebKit/537.36 (KHTML, like Gecko) Chrome/87.0.4280.88 Safari/537.36\n","level":"info","timestamp":"2020-12-15 08:50:23"}
{"message":"IP address: ::1, user: - | HTTP/1.1 GET /logs/ responded with 200 - 3.67 ms - Mozilla/5.0 (Windows NT 10.0; Win64; x64) AppleWebKit/537.36 (KHTML, like Gecko) Chrome/87.0.4280.88 Safari/537.36\n","level":"info","timestamp":"2020-12-15 08:50:26"}
{"message":"IP address: ::1, user: - | HTTP/1.1 GET /logs/ responded with 200 - 2.76 ms - Mozilla/5.0 (Windows NT 10.0; Win64; x64) AppleWebKit/537.36 (KHTML, like Gecko) Chrome/87.0.4280.88 Safari/537.36\n","level":"info","timestamp":"2020-12-15 08:50:31"}
{"message":"IP address: ::1, user: - | HTTP/1.1 GET /logs/2020-12-12 responded with 200 - 8.76 ms - Mozilla/5.0 (Windows NT 10.0; Win64; x64) AppleWebKit/537.36 (KHTML, like Gecko) Chrome/87.0.4280.88 Safari/537.36\n","level":"info","timestamp":"2020-12-15 08:50:38"}
{"error":{"errno":-4058,"code":"ENOENT","syscall":"open","path":"C:\\Workflow\\projects\\git\\templates\\node-express-typescript-api\\src\\assets\\logs\\2020-12-13.log"},"level":"error","message":"uncaughtException: ENOENT: no such file or directory, open 'C:\\Workflow\\projects\\git\\templates\\node-express-typescript-api\\src\\assets\\logs\\2020-12-13.log'\nError: ENOENT: no such file or directory, open 'C:\\Workflow\\projects\\git\\templates\\node-express-typescript-api\\src\\assets\\logs\\2020-12-13.log'","stack":"Error: ENOENT: no such file or directory, open 'C:\\Workflow\\projects\\git\\templates\\node-express-typescript-api\\src\\assets\\logs\\2020-12-13.log'","exception":true,"date":"Tue Dec 15 2020 08:50:44 GMT+0100 (GMT+01:00)","process":{"pid":5236,"uid":null,"gid":null,"cwd":"C:\\Workflow\\projects\\git\\templates\\node-express-typescript-api","execPath":"C:\\Program Files\\nodejs\\node.exe","version":"v12.18.3","argv":["C:\\Workflow\\projects\\git\\templates\\node-express-typescript-api\\node_modules\\ts-node\\dist\\bin.js","C:\\Workflow\\projects\\git\\templates\\node-express-typescript-api\\src\\index.ts"],"memoryUsage":{"rss":151949312,"heapTotal":122609664,"heapUsed":116649944,"external":2205750,"arrayBuffers":138531}},"os":{"loadavg":[0,0,0],"uptime":250688},"trace":[],"timestamp":"2020-12-15 08:50:45"}
{"error":{"errno":-4058,"code":"ENOENT","syscall":"open","path":"C:\\Workflow\\projects\\git\\templates\\node-express-typescript-api\\src\\assets\\logs\\2020-12-13.log"},"level":"error","message":"uncaughtException: ENOENT: no such file or directory, open 'C:\\Workflow\\projects\\git\\templates\\node-express-typescript-api\\src\\assets\\logs\\2020-12-13.log'\nError: ENOENT: no such file or directory, open 'C:\\Workflow\\projects\\git\\templates\\node-express-typescript-api\\src\\assets\\logs\\2020-12-13.log'","stack":"Error: ENOENT: no such file or directory, open 'C:\\Workflow\\projects\\git\\templates\\node-express-typescript-api\\src\\assets\\logs\\2020-12-13.log'","exception":true,"date":"Tue Dec 15 2020 08:52:28 GMT+0100 (GMT+01:00)","process":{"pid":17420,"uid":null,"gid":null,"cwd":"C:\\Workflow\\projects\\git\\templates\\node-express-typescript-api","execPath":"C:\\Program Files\\nodejs\\node.exe","version":"v12.18.3","argv":["C:\\Workflow\\projects\\git\\templates\\node-express-typescript-api\\node_modules\\ts-node\\dist\\bin.js","C:\\Workflow\\projects\\git\\templates\\node-express-typescript-api\\src\\index.ts"],"memoryUsage":{"rss":200249344,"heapTotal":166912000,"heapUsed":133235304,"external":2362691,"arrayBuffers":295472}},"os":{"loadavg":[0,0,0],"uptime":250792},"trace":[],"timestamp":"2020-12-15 08:52:28"}
{"error":{"diagnosticText":"\u001b[96msrc/utils/readLineAsync.ts\u001b[0m:\u001b[93m1\u001b[0m:\u001b[93m28\u001b[0m - \u001b[91merror\u001b[0m\u001b[90m TS6133: \u001b[0m'existsSync' is declared but its value is never read.\r\n\r\n\u001b[30;47m1\u001b[0m import { createReadStream, existsSync } from 'fs';\r\n\u001b[30;47m \u001b[0m \u001b[91m                           ~~~~~~~~~~\u001b[0m\r\n\r\n","diagnosticCodes":[6133]},"level":"error","message":"uncaughtException: ⨯ Unable to compile TypeScript:\n\u001b[96msrc/utils/readLineAsync.ts\u001b[0m:\u001b[93m1\u001b[0m:\u001b[93m28\u001b[0m - \u001b[91merror\u001b[0m\u001b[90m TS6133: \u001b[0m'existsSync' is declared but its value is never read.\r\n\r\n\u001b[30;47m1\u001b[0m import { createReadStream, existsSync } from 'fs';\r\n\u001b[30;47m \u001b[0m \u001b[91m                           ~~~~~~~~~~\u001b[0m\r\n\r\n\nTSError: ⨯ Unable to compile TypeScript:\n\u001b[96msrc/utils/readLineAsync.ts\u001b[0m:\u001b[93m1\u001b[0m:\u001b[93m28\u001b[0m - \u001b[91merror\u001b[0m\u001b[90m TS6133: \u001b[0m'existsSync' is declared but its value is never read.\r\n\r\n\u001b[30;47m1\u001b[0m import { createReadStream, existsSync } from 'fs';\r\n\u001b[30;47m \u001b[0m \u001b[91m                           ~~~~~~~~~~\u001b[0m\r\n\r\n\n    at createTSError (C:\\Workflow\\projects\\git\\templates\\node-express-typescript-api\\node_modules\\ts-node\\src\\index.ts:513:12)\n    at reportTSError (C:\\Workflow\\projects\\git\\templates\\node-express-typescript-api\\node_modules\\ts-node\\src\\index.ts:517:19)\n    at getOutput (C:\\Workflow\\projects\\git\\templates\\node-express-typescript-api\\node_modules\\ts-node\\src\\index.ts:752:36)\n    at Object.compile (C:\\Workflow\\projects\\git\\templates\\node-express-typescript-api\\node_modules\\ts-node\\src\\index.ts:968:32)\n    at Module.m._compile (C:\\Workflow\\projects\\git\\templates\\node-express-typescript-api\\node_modules\\ts-node\\src\\index.ts:1056:42)\n    at Module._extensions..js (internal/modules/cjs/loader.js:1157:10)\n    at Object.require.extensions.<computed> [as .ts] (C:\\Workflow\\projects\\git\\templates\\node-express-typescript-api\\node_modules\\ts-node\\src\\index.ts:1059:12)\n    at Module.load (internal/modules/cjs/loader.js:985:32)\n    at Function.Module._load (internal/modules/cjs/loader.js:878:14)\n    at Module.require (internal/modules/cjs/loader.js:1025:19)","stack":"TSError: ⨯ Unable to compile TypeScript:\n\u001b[96msrc/utils/readLineAsync.ts\u001b[0m:\u001b[93m1\u001b[0m:\u001b[93m28\u001b[0m - \u001b[91merror\u001b[0m\u001b[90m TS6133: \u001b[0m'existsSync' is declared but its value is never read.\r\n\r\n\u001b[30;47m1\u001b[0m import { createReadStream, existsSync } from 'fs';\r\n\u001b[30;47m \u001b[0m \u001b[91m                           ~~~~~~~~~~\u001b[0m\r\n\r\n\n    at createTSError (C:\\Workflow\\projects\\git\\templates\\node-express-typescript-api\\node_modules\\ts-node\\src\\index.ts:513:12)\n    at reportTSError (C:\\Workflow\\projects\\git\\templates\\node-express-typescript-api\\node_modules\\ts-node\\src\\index.ts:517:19)\n    at getOutput (C:\\Workflow\\projects\\git\\templates\\node-express-typescript-api\\node_modules\\ts-node\\src\\index.ts:752:36)\n    at Object.compile (C:\\Workflow\\projects\\git\\templates\\node-express-typescript-api\\node_modules\\ts-node\\src\\index.ts:968:32)\n    at Module.m._compile (C:\\Workflow\\projects\\git\\templates\\node-express-typescript-api\\node_modules\\ts-node\\src\\index.ts:1056:42)\n    at Module._extensions..js (internal/modules/cjs/loader.js:1157:10)\n    at Object.require.extensions.<computed> [as .ts] (C:\\Workflow\\projects\\git\\templates\\node-express-typescript-api\\node_modules\\ts-node\\src\\index.ts:1059:12)\n    at Module.load (internal/modules/cjs/loader.js:985:32)\n    at Function.Module._load (internal/modules/cjs/loader.js:878:14)\n    at Module.require (internal/modules/cjs/loader.js:1025:19)","exception":true,"date":"Tue Dec 15 2020 08:52:50 GMT+0100 (GMT+01:00)","process":{"pid":15744,"uid":null,"gid":null,"cwd":"C:\\Workflow\\projects\\git\\templates\\node-express-typescript-api","execPath":"C:\\Program Files\\nodejs\\node.exe","version":"v12.18.3","argv":["C:\\Workflow\\projects\\git\\templates\\node-express-typescript-api\\node_modules\\ts-node\\dist\\bin.js","C:\\Workflow\\projects\\git\\templates\\node-express-typescript-api\\src\\index.ts"],"memoryUsage":{"rss":195661824,"heapTotal":164175872,"heapUsed":124907136,"external":1945201,"arrayBuffers":72972}},"os":{"loadavg":[0,0,0],"uptime":250813},"trace":[{"column":12,"file":"C:\\Workflow\\projects\\git\\templates\\node-express-typescript-api\\node_modules\\ts-node\\src\\index.ts","function":"createTSError","line":513,"method":null,"native":false},{"column":19,"file":"C:\\Workflow\\projects\\git\\templates\\node-express-typescript-api\\node_modules\\ts-node\\src\\index.ts","function":"reportTSError","line":517,"method":null,"native":false},{"column":36,"file":"C:\\Workflow\\projects\\git\\templates\\node-express-typescript-api\\node_modules\\ts-node\\src\\index.ts","function":"getOutput","line":752,"method":null,"native":false},{"column":32,"file":"C:\\Workflow\\projects\\git\\templates\\node-express-typescript-api\\node_modules\\ts-node\\src\\index.ts","function":"Object.compile","line":968,"method":"compile","native":false},{"column":42,"file":"C:\\Workflow\\projects\\git\\templates\\node-express-typescript-api\\node_modules\\ts-node\\src\\index.ts","function":"Module.m._compile","line":1056,"method":"_compile","native":false},{"column":10,"file":"internal/modules/cjs/loader.js","function":"Module._extensions..js","line":1157,"method":".js","native":false},{"column":12,"file":"C:\\Workflow\\projects\\git\\templates\\node-express-typescript-api\\node_modules\\ts-node\\src\\index.ts","function":"Object.require.extensions.<computed> [as .ts]","line":1059,"method":"ts]","native":false},{"column":32,"file":"internal/modules/cjs/loader.js","function":"Module.load","line":985,"method":"load","native":false},{"column":14,"file":"internal/modules/cjs/loader.js","function":"Module._load","line":878,"method":"_load","native":false},{"column":19,"file":"internal/modules/cjs/loader.js","function":"Module.require","line":1025,"method":"require","native":false}],"timestamp":"2020-12-15 08:52:50"}
{"error":{"diagnosticText":"\u001b[96msrc/utils/readLineAsync.ts\u001b[0m:\u001b[93m1\u001b[0m:\u001b[93m28\u001b[0m - \u001b[91merror\u001b[0m\u001b[90m TS6133: \u001b[0m'existsSync' is declared but its value is never read.\r\n\r\n\u001b[30;47m1\u001b[0m import { createReadStream, existsSync } from 'fs';\r\n\u001b[30;47m \u001b[0m \u001b[91m                           ~~~~~~~~~~\u001b[0m\r\n\r\n","diagnosticCodes":[6133]},"level":"error","message":"uncaughtException: ⨯ Unable to compile TypeScript:\n\u001b[96msrc/utils/readLineAsync.ts\u001b[0m:\u001b[93m1\u001b[0m:\u001b[93m28\u001b[0m - \u001b[91merror\u001b[0m\u001b[90m TS6133: \u001b[0m'existsSync' is declared but its value is never read.\r\n\r\n\u001b[30;47m1\u001b[0m import { createReadStream, existsSync } from 'fs';\r\n\u001b[30;47m \u001b[0m \u001b[91m                           ~~~~~~~~~~\u001b[0m\r\n\r\n\nTSError: ⨯ Unable to compile TypeScript:\n\u001b[96msrc/utils/readLineAsync.ts\u001b[0m:\u001b[93m1\u001b[0m:\u001b[93m28\u001b[0m - \u001b[91merror\u001b[0m\u001b[90m TS6133: \u001b[0m'existsSync' is declared but its value is never read.\r\n\r\n\u001b[30;47m1\u001b[0m import { createReadStream, existsSync } from 'fs';\r\n\u001b[30;47m \u001b[0m \u001b[91m                           ~~~~~~~~~~\u001b[0m\r\n\r\n\n    at createTSError (C:\\Workflow\\projects\\git\\templates\\node-express-typescript-api\\node_modules\\ts-node\\src\\index.ts:513:12)\n    at reportTSError (C:\\Workflow\\projects\\git\\templates\\node-express-typescript-api\\node_modules\\ts-node\\src\\index.ts:517:19)\n    at getOutput (C:\\Workflow\\projects\\git\\templates\\node-express-typescript-api\\node_modules\\ts-node\\src\\index.ts:752:36)\n    at Object.compile (C:\\Workflow\\projects\\git\\templates\\node-express-typescript-api\\node_modules\\ts-node\\src\\index.ts:968:32)\n    at Module.m._compile (C:\\Workflow\\projects\\git\\templates\\node-express-typescript-api\\node_modules\\ts-node\\src\\index.ts:1056:42)\n    at Module._extensions..js (internal/modules/cjs/loader.js:1157:10)\n    at Object.require.extensions.<computed> [as .ts] (C:\\Workflow\\projects\\git\\templates\\node-express-typescript-api\\node_modules\\ts-node\\src\\index.ts:1059:12)\n    at Module.load (internal/modules/cjs/loader.js:985:32)\n    at Function.Module._load (internal/modules/cjs/loader.js:878:14)\n    at Module.require (internal/modules/cjs/loader.js:1025:19)","stack":"TSError: ⨯ Unable to compile TypeScript:\n\u001b[96msrc/utils/readLineAsync.ts\u001b[0m:\u001b[93m1\u001b[0m:\u001b[93m28\u001b[0m - \u001b[91merror\u001b[0m\u001b[90m TS6133: \u001b[0m'existsSync' is declared but its value is never read.\r\n\r\n\u001b[30;47m1\u001b[0m import { createReadStream, existsSync } from 'fs';\r\n\u001b[30;47m \u001b[0m \u001b[91m                           ~~~~~~~~~~\u001b[0m\r\n\r\n\n    at createTSError (C:\\Workflow\\projects\\git\\templates\\node-express-typescript-api\\node_modules\\ts-node\\src\\index.ts:513:12)\n    at reportTSError (C:\\Workflow\\projects\\git\\templates\\node-express-typescript-api\\node_modules\\ts-node\\src\\index.ts:517:19)\n    at getOutput (C:\\Workflow\\projects\\git\\templates\\node-express-typescript-api\\node_modules\\ts-node\\src\\index.ts:752:36)\n    at Object.compile (C:\\Workflow\\projects\\git\\templates\\node-express-typescript-api\\node_modules\\ts-node\\src\\index.ts:968:32)\n    at Module.m._compile (C:\\Workflow\\projects\\git\\templates\\node-express-typescript-api\\node_modules\\ts-node\\src\\index.ts:1056:42)\n    at Module._extensions..js (internal/modules/cjs/loader.js:1157:10)\n    at Object.require.extensions.<computed> [as .ts] (C:\\Workflow\\projects\\git\\templates\\node-express-typescript-api\\node_modules\\ts-node\\src\\index.ts:1059:12)\n    at Module.load (internal/modules/cjs/loader.js:985:32)\n    at Function.Module._load (internal/modules/cjs/loader.js:878:14)\n    at Module.require (internal/modules/cjs/loader.js:1025:19)","exception":true,"date":"Tue Dec 15 2020 08:53:26 GMT+0100 (GMT+01:00)","process":{"pid":10520,"uid":null,"gid":null,"cwd":"C:\\Workflow\\projects\\git\\templates\\node-express-typescript-api","execPath":"C:\\Program Files\\nodejs\\node.exe","version":"v12.18.3","argv":["C:\\Workflow\\projects\\git\\templates\\node-express-typescript-api\\node_modules\\ts-node\\dist\\bin.js","C:\\Workflow\\projects\\git\\templates\\node-express-typescript-api\\src\\index.ts"],"memoryUsage":{"rss":189370368,"heapTotal":161193984,"heapUsed":140519840,"external":2258997,"arrayBuffers":386683}},"os":{"loadavg":[0,0,0],"uptime":250850},"trace":[{"column":12,"file":"C:\\Workflow\\projects\\git\\templates\\node-express-typescript-api\\node_modules\\ts-node\\src\\index.ts","function":"createTSError","line":513,"method":null,"native":false},{"column":19,"file":"C:\\Workflow\\projects\\git\\templates\\node-express-typescript-api\\node_modules\\ts-node\\src\\index.ts","function":"reportTSError","line":517,"method":null,"native":false},{"column":36,"file":"C:\\Workflow\\projects\\git\\templates\\node-express-typescript-api\\node_modules\\ts-node\\src\\index.ts","function":"getOutput","line":752,"method":null,"native":false},{"column":32,"file":"C:\\Workflow\\projects\\git\\templates\\node-express-typescript-api\\node_modules\\ts-node\\src\\index.ts","function":"Object.compile","line":968,"method":"compile","native":false},{"column":42,"file":"C:\\Workflow\\projects\\git\\templates\\node-express-typescript-api\\node_modules\\ts-node\\src\\index.ts","function":"Module.m._compile","line":1056,"method":"_compile","native":false},{"column":10,"file":"internal/modules/cjs/loader.js","function":"Module._extensions..js","line":1157,"method":".js","native":false},{"column":12,"file":"C:\\Workflow\\projects\\git\\templates\\node-express-typescript-api\\node_modules\\ts-node\\src\\index.ts","function":"Object.require.extensions.<computed> [as .ts]","line":1059,"method":"ts]","native":false},{"column":32,"file":"internal/modules/cjs/loader.js","function":"Module.load","line":985,"method":"load","native":false},{"column":14,"file":"internal/modules/cjs/loader.js","function":"Module._load","line":878,"method":"_load","native":false},{"column":19,"file":"internal/modules/cjs/loader.js","function":"Module.require","line":1025,"method":"require","native":false}],"timestamp":"2020-12-15 08:53:26"}
{"error":{"diagnosticText":"\u001b[96msrc/utils/readLineAsync.ts\u001b[0m:\u001b[93m1\u001b[0m:\u001b[93m28\u001b[0m - \u001b[91merror\u001b[0m\u001b[90m TS6133: \u001b[0m'existsSync' is declared but its value is never read.\r\n\r\n\u001b[30;47m1\u001b[0m import { createReadStream, existsSync } from 'fs';\r\n\u001b[30;47m \u001b[0m \u001b[91m                           ~~~~~~~~~~\u001b[0m\r\n\r\n","diagnosticCodes":[6133]},"level":"error","message":"uncaughtException: ⨯ Unable to compile TypeScript:\n\u001b[96msrc/utils/readLineAsync.ts\u001b[0m:\u001b[93m1\u001b[0m:\u001b[93m28\u001b[0m - \u001b[91merror\u001b[0m\u001b[90m TS6133: \u001b[0m'existsSync' is declared but its value is never read.\r\n\r\n\u001b[30;47m1\u001b[0m import { createReadStream, existsSync } from 'fs';\r\n\u001b[30;47m \u001b[0m \u001b[91m                           ~~~~~~~~~~\u001b[0m\r\n\r\n\nTSError: ⨯ Unable to compile TypeScript:\n\u001b[96msrc/utils/readLineAsync.ts\u001b[0m:\u001b[93m1\u001b[0m:\u001b[93m28\u001b[0m - \u001b[91merror\u001b[0m\u001b[90m TS6133: \u001b[0m'existsSync' is declared but its value is never read.\r\n\r\n\u001b[30;47m1\u001b[0m import { createReadStream, existsSync } from 'fs';\r\n\u001b[30;47m \u001b[0m \u001b[91m                           ~~~~~~~~~~\u001b[0m\r\n\r\n\n    at createTSError (C:\\Workflow\\projects\\git\\templates\\node-express-typescript-api\\node_modules\\ts-node\\src\\index.ts:513:12)\n    at reportTSError (C:\\Workflow\\projects\\git\\templates\\node-express-typescript-api\\node_modules\\ts-node\\src\\index.ts:517:19)\n    at getOutput (C:\\Workflow\\projects\\git\\templates\\node-express-typescript-api\\node_modules\\ts-node\\src\\index.ts:752:36)\n    at Object.compile (C:\\Workflow\\projects\\git\\templates\\node-express-typescript-api\\node_modules\\ts-node\\src\\index.ts:968:32)\n    at Module.m._compile (C:\\Workflow\\projects\\git\\templates\\node-express-typescript-api\\node_modules\\ts-node\\src\\index.ts:1056:42)\n    at Module._extensions..js (internal/modules/cjs/loader.js:1157:10)\n    at Object.require.extensions.<computed> [as .ts] (C:\\Workflow\\projects\\git\\templates\\node-express-typescript-api\\node_modules\\ts-node\\src\\index.ts:1059:12)\n    at Module.load (internal/modules/cjs/loader.js:985:32)\n    at Function.Module._load (internal/modules/cjs/loader.js:878:14)\n    at Module.require (internal/modules/cjs/loader.js:1025:19)","stack":"TSError: ⨯ Unable to compile TypeScript:\n\u001b[96msrc/utils/readLineAsync.ts\u001b[0m:\u001b[93m1\u001b[0m:\u001b[93m28\u001b[0m - \u001b[91merror\u001b[0m\u001b[90m TS6133: \u001b[0m'existsSync' is declared but its value is never read.\r\n\r\n\u001b[30;47m1\u001b[0m import { createReadStream, existsSync } from 'fs';\r\n\u001b[30;47m \u001b[0m \u001b[91m                           ~~~~~~~~~~\u001b[0m\r\n\r\n\n    at createTSError (C:\\Workflow\\projects\\git\\templates\\node-express-typescript-api\\node_modules\\ts-node\\src\\index.ts:513:12)\n    at reportTSError (C:\\Workflow\\projects\\git\\templates\\node-express-typescript-api\\node_modules\\ts-node\\src\\index.ts:517:19)\n    at getOutput (C:\\Workflow\\projects\\git\\templates\\node-express-typescript-api\\node_modules\\ts-node\\src\\index.ts:752:36)\n    at Object.compile (C:\\Workflow\\projects\\git\\templates\\node-express-typescript-api\\node_modules\\ts-node\\src\\index.ts:968:32)\n    at Module.m._compile (C:\\Workflow\\projects\\git\\templates\\node-express-typescript-api\\node_modules\\ts-node\\src\\index.ts:1056:42)\n    at Module._extensions..js (internal/modules/cjs/loader.js:1157:10)\n    at Object.require.extensions.<computed> [as .ts] (C:\\Workflow\\projects\\git\\templates\\node-express-typescript-api\\node_modules\\ts-node\\src\\index.ts:1059:12)\n    at Module.load (internal/modules/cjs/loader.js:985:32)\n    at Function.Module._load (internal/modules/cjs/loader.js:878:14)\n    at Module.require (internal/modules/cjs/loader.js:1025:19)","exception":true,"date":"Tue Dec 15 2020 08:53:43 GMT+0100 (GMT+01:00)","process":{"pid":7192,"uid":null,"gid":null,"cwd":"C:\\Workflow\\projects\\git\\templates\\node-express-typescript-api","execPath":"C:\\Program Files\\nodejs\\node.exe","version":"v12.18.3","argv":["C:\\Workflow\\projects\\git\\templates\\node-express-typescript-api\\node_modules\\ts-node\\dist\\bin.js","C:\\Workflow\\projects\\git\\templates\\node-express-typescript-api\\src\\index.ts"],"memoryUsage":{"rss":189513728,"heapTotal":161456128,"heapUsed":140069352,"external":2238192,"arrayBuffers":365878}},"os":{"loadavg":[0,0,0],"uptime":250867},"trace":[{"column":12,"file":"C:\\Workflow\\projects\\git\\templates\\node-express-typescript-api\\node_modules\\ts-node\\src\\index.ts","function":"createTSError","line":513,"method":null,"native":false},{"column":19,"file":"C:\\Workflow\\projects\\git\\templates\\node-express-typescript-api\\node_modules\\ts-node\\src\\index.ts","function":"reportTSError","line":517,"method":null,"native":false},{"column":36,"file":"C:\\Workflow\\projects\\git\\templates\\node-express-typescript-api\\node_modules\\ts-node\\src\\index.ts","function":"getOutput","line":752,"method":null,"native":false},{"column":32,"file":"C:\\Workflow\\projects\\git\\templates\\node-express-typescript-api\\node_modules\\ts-node\\src\\index.ts","function":"Object.compile","line":968,"method":"compile","native":false},{"column":42,"file":"C:\\Workflow\\projects\\git\\templates\\node-express-typescript-api\\node_modules\\ts-node\\src\\index.ts","function":"Module.m._compile","line":1056,"method":"_compile","native":false},{"column":10,"file":"internal/modules/cjs/loader.js","function":"Module._extensions..js","line":1157,"method":".js","native":false},{"column":12,"file":"C:\\Workflow\\projects\\git\\templates\\node-express-typescript-api\\node_modules\\ts-node\\src\\index.ts","function":"Object.require.extensions.<computed> [as .ts]","line":1059,"method":"ts]","native":false},{"column":32,"file":"internal/modules/cjs/loader.js","function":"Module.load","line":985,"method":"load","native":false},{"column":14,"file":"internal/modules/cjs/loader.js","function":"Module._load","line":878,"method":"_load","native":false},{"column":19,"file":"internal/modules/cjs/loader.js","function":"Module.require","line":1025,"method":"require","native":false}],"timestamp":"2020-12-15 08:53:43"}
{"message":"IP address: ::ffff:127.0.0.1, user: - | HTTP/1.1 GET /logs/2020-12-12 responded with 200 - 543.24 ms - Mozilla/5.0 (Windows NT 10.0; Win64; x64) AppleWebKit/537.36 (KHTML, like Gecko) Chrome/87.0.4280.88 Safari/537.36\n","level":"info","timestamp":"2020-12-15 08:54:19"}
{"error":{"errno":-4058,"code":"ENOENT","syscall":"open","path":"C:\\Workflow\\projects\\git\\templates\\node-express-typescript-api\\src\\assets\\logs\\2020-12-13.log"},"level":"error","message":"uncaughtException: ENOENT: no such file or directory, open 'C:\\Workflow\\projects\\git\\templates\\node-express-typescript-api\\src\\assets\\logs\\2020-12-13.log'\nError: ENOENT: no such file or directory, open 'C:\\Workflow\\projects\\git\\templates\\node-express-typescript-api\\src\\assets\\logs\\2020-12-13.log'","stack":"Error: ENOENT: no such file or directory, open 'C:\\Workflow\\projects\\git\\templates\\node-express-typescript-api\\src\\assets\\logs\\2020-12-13.log'","exception":true,"date":"Tue Dec 15 2020 08:54:24 GMT+0100 (GMT+01:00)","process":{"pid":7860,"uid":null,"gid":null,"cwd":"C:\\Workflow\\projects\\git\\templates\\node-express-typescript-api","execPath":"C:\\Program Files\\nodejs\\node.exe","version":"v12.18.3","argv":["C:\\Workflow\\projects\\git\\templates\\node-express-typescript-api\\node_modules\\ts-node\\dist\\bin.js","C:\\Workflow\\projects\\git\\templates\\node-express-typescript-api\\src\\index.ts"],"memoryUsage":{"rss":195391488,"heapTotal":165658624,"heapUsed":139084152,"external":2549539,"arrayBuffers":482320}},"os":{"loadavg":[0,0,0],"uptime":250908},"trace":[],"timestamp":"2020-12-15 08:54:24"}
{"error":{"diagnosticText":"\u001b[96msrc/utils/readLineAsync.ts\u001b[0m:\u001b[93m12\u001b[0m:\u001b[93m34\u001b[0m - \u001b[91merror\u001b[0m\u001b[90m TS1109: \u001b[0mExpression expected.\r\n\r\n\u001b[30;47m12\u001b[0m   if (!existsSync(logFile)) throw;\r\n\u001b[30;47m  \u001b[0m \u001b[91m                                 ~\u001b[0m\r\n\r\n","diagnosticCodes":[1109]},"level":"error","message":"uncaughtException: ⨯ Unable to compile TypeScript:\n\u001b[96msrc/utils/readLineAsync.ts\u001b[0m:\u001b[93m12\u001b[0m:\u001b[93m34\u001b[0m - \u001b[91merror\u001b[0m\u001b[90m TS1109: \u001b[0mExpression expected.\r\n\r\n\u001b[30;47m12\u001b[0m   if (!existsSync(logFile)) throw;\r\n\u001b[30;47m  \u001b[0m \u001b[91m                                 ~\u001b[0m\r\n\r\n\nTSError: ⨯ Unable to compile TypeScript:\n\u001b[96msrc/utils/readLineAsync.ts\u001b[0m:\u001b[93m12\u001b[0m:\u001b[93m34\u001b[0m - \u001b[91merror\u001b[0m\u001b[90m TS1109: \u001b[0mExpression expected.\r\n\r\n\u001b[30;47m12\u001b[0m   if (!existsSync(logFile)) throw;\r\n\u001b[30;47m  \u001b[0m \u001b[91m                                 ~\u001b[0m\r\n\r\n\n    at createTSError (C:\\Workflow\\projects\\git\\templates\\node-express-typescript-api\\node_modules\\ts-node\\src\\index.ts:513:12)\n    at reportTSError (C:\\Workflow\\projects\\git\\templates\\node-express-typescript-api\\node_modules\\ts-node\\src\\index.ts:517:19)\n    at getOutput (C:\\Workflow\\projects\\git\\templates\\node-express-typescript-api\\node_modules\\ts-node\\src\\index.ts:752:36)\n    at Object.compile (C:\\Workflow\\projects\\git\\templates\\node-express-typescript-api\\node_modules\\ts-node\\src\\index.ts:968:32)\n    at Module.m._compile (C:\\Workflow\\projects\\git\\templates\\node-express-typescript-api\\node_modules\\ts-node\\src\\index.ts:1056:42)\n    at Module._extensions..js (internal/modules/cjs/loader.js:1157:10)\n    at Object.require.extensions.<computed> [as .ts] (C:\\Workflow\\projects\\git\\templates\\node-express-typescript-api\\node_modules\\ts-node\\src\\index.ts:1059:12)\n    at Module.load (internal/modules/cjs/loader.js:985:32)\n    at Function.Module._load (internal/modules/cjs/loader.js:878:14)\n    at Module.require (internal/modules/cjs/loader.js:1025:19)","stack":"TSError: ⨯ Unable to compile TypeScript:\n\u001b[96msrc/utils/readLineAsync.ts\u001b[0m:\u001b[93m12\u001b[0m:\u001b[93m34\u001b[0m - \u001b[91merror\u001b[0m\u001b[90m TS1109: \u001b[0mExpression expected.\r\n\r\n\u001b[30;47m12\u001b[0m   if (!existsSync(logFile)) throw;\r\n\u001b[30;47m  \u001b[0m \u001b[91m                                 ~\u001b[0m\r\n\r\n\n    at createTSError (C:\\Workflow\\projects\\git\\templates\\node-express-typescript-api\\node_modules\\ts-node\\src\\index.ts:513:12)\n    at reportTSError (C:\\Workflow\\projects\\git\\templates\\node-express-typescript-api\\node_modules\\ts-node\\src\\index.ts:517:19)\n    at getOutput (C:\\Workflow\\projects\\git\\templates\\node-express-typescript-api\\node_modules\\ts-node\\src\\index.ts:752:36)\n    at Object.compile (C:\\Workflow\\projects\\git\\templates\\node-express-typescript-api\\node_modules\\ts-node\\src\\index.ts:968:32)\n    at Module.m._compile (C:\\Workflow\\projects\\git\\templates\\node-express-typescript-api\\node_modules\\ts-node\\src\\index.ts:1056:42)\n    at Module._extensions..js (internal/modules/cjs/loader.js:1157:10)\n    at Object.require.extensions.<computed> [as .ts] (C:\\Workflow\\projects\\git\\templates\\node-express-typescript-api\\node_modules\\ts-node\\src\\index.ts:1059:12)\n    at Module.load (internal/modules/cjs/loader.js:985:32)\n    at Function.Module._load (internal/modules/cjs/loader.js:878:14)\n    at Module.require (internal/modules/cjs/loader.js:1025:19)","exception":true,"date":"Tue Dec 15 2020 08:55:25 GMT+0100 (GMT+01:00)","process":{"pid":18816,"uid":null,"gid":null,"cwd":"C:\\Workflow\\projects\\git\\templates\\node-express-typescript-api","execPath":"C:\\Program Files\\nodejs\\node.exe","version":"v12.18.3","argv":["C:\\Workflow\\projects\\git\\templates\\node-express-typescript-api\\node_modules\\ts-node\\dist\\bin.js","C:\\Workflow\\projects\\git\\templates\\node-express-typescript-api\\src\\index.ts"],"memoryUsage":{"rss":193875968,"heapTotal":161193984,"heapUsed":139380200,"external":2203603,"arrayBuffers":331289}},"os":{"loadavg":[0,0,0],"uptime":250969},"trace":[{"column":12,"file":"C:\\Workflow\\projects\\git\\templates\\node-express-typescript-api\\node_modules\\ts-node\\src\\index.ts","function":"createTSError","line":513,"method":null,"native":false},{"column":19,"file":"C:\\Workflow\\projects\\git\\templates\\node-express-typescript-api\\node_modules\\ts-node\\src\\index.ts","function":"reportTSError","line":517,"method":null,"native":false},{"column":36,"file":"C:\\Workflow\\projects\\git\\templates\\node-express-typescript-api\\node_modules\\ts-node\\src\\index.ts","function":"getOutput","line":752,"method":null,"native":false},{"column":32,"file":"C:\\Workflow\\projects\\git\\templates\\node-express-typescript-api\\node_modules\\ts-node\\src\\index.ts","function":"Object.compile","line":968,"method":"compile","native":false},{"column":42,"file":"C:\\Workflow\\projects\\git\\templates\\node-express-typescript-api\\node_modules\\ts-node\\src\\index.ts","function":"Module.m._compile","line":1056,"method":"_compile","native":false},{"column":10,"file":"internal/modules/cjs/loader.js","function":"Module._extensions..js","line":1157,"method":".js","native":false},{"column":12,"file":"C:\\Workflow\\projects\\git\\templates\\node-express-typescript-api\\node_modules\\ts-node\\src\\index.ts","function":"Object.require.extensions.<computed> [as .ts]","line":1059,"method":"ts]","native":false},{"column":32,"file":"internal/modules/cjs/loader.js","function":"Module.load","line":985,"method":"load","native":false},{"column":14,"file":"internal/modules/cjs/loader.js","function":"Module._load","line":878,"method":"_load","native":false},{"column":19,"file":"internal/modules/cjs/loader.js","function":"Module.require","line":1025,"method":"require","native":false}],"timestamp":"2020-12-15 08:55:25"}
{"error":{"errno":-4058,"code":"ENOENT","syscall":"open","path":"C:\\Workflow\\projects\\git\\templates\\node-express-typescript-api\\src\\assets\\logs\\2020-12-13.log"},"level":"error","message":"uncaughtException: ENOENT: no such file or directory, open 'C:\\Workflow\\projects\\git\\templates\\node-express-typescript-api\\src\\assets\\logs\\2020-12-13.log'\nError: ENOENT: no such file or directory, open 'C:\\Workflow\\projects\\git\\templates\\node-express-typescript-api\\src\\assets\\logs\\2020-12-13.log'","stack":"Error: ENOENT: no such file or directory, open 'C:\\Workflow\\projects\\git\\templates\\node-express-typescript-api\\src\\assets\\logs\\2020-12-13.log'","exception":true,"date":"Tue Dec 15 2020 08:56:18 GMT+0100 (GMT+01:00)","process":{"pid":16396,"uid":null,"gid":null,"cwd":"C:\\Workflow\\projects\\git\\templates\\node-express-typescript-api","execPath":"C:\\Program Files\\nodejs\\node.exe","version":"v12.18.3","argv":["C:\\Workflow\\projects\\git\\templates\\node-express-typescript-api\\node_modules\\ts-node\\dist\\bin.js","C:\\Workflow\\projects\\git\\templates\\node-express-typescript-api\\src\\index.ts"],"memoryUsage":{"rss":194519040,"heapTotal":166043648,"heapUsed":133788272,"external":2339915,"arrayBuffers":272696}},"os":{"loadavg":[0,0,0],"uptime":251022},"trace":[],"timestamp":"2020-12-15 08:56:18"}
{"message":"IP address: ::1, user: - | HTTP/1.1 GET / responded with 200 - 12.52 ms - Mozilla/5.0 (Windows NT 10.0; Win64; x64) AppleWebKit/537.36 (KHTML, like Gecko) Chrome/87.0.4280.88 Safari/537.36\n","level":"info","timestamp":"2020-12-15 08:57:26"}
{"message":"IP address: ::1, user: - | HTTP/1.1 GET / responded with 304 - 1.87 ms - Mozilla/5.0 (Windows NT 10.0; Win64; x64) AppleWebKit/537.36 (KHTML, like Gecko) Chrome/87.0.4280.88 Safari/537.36\n","level":"info","timestamp":"2020-12-15 08:57:27"}
{"message":"IP address: ::1, user: - | HTTP/1.1 GET / responded with 304 - 159.55 ms - Mozilla/5.0 (Windows NT 10.0; Win64; x64) AppleWebKit/537.36 (KHTML, like Gecko) Chrome/87.0.4280.88 Safari/537.36\n","level":"info","timestamp":"2020-12-15 08:57:54"}
{"message":"IP address: ::1, user: - | HTTP/1.1 GET / responded with 304 - 19.47 ms - Mozilla/5.0 (Windows NT 10.0; Win64; x64) AppleWebKit/537.36 (KHTML, like Gecko) Chrome/87.0.4280.88 Safari/537.36\n","level":"info","timestamp":"2020-12-15 08:59:17"}
{"message":"IP address: ::1, user: - | HTTP/1.1 GET / responded with 304 - 2.63 ms - Mozilla/5.0 (Windows NT 10.0; Win64; x64) AppleWebKit/537.36 (KHTML, like Gecko) Chrome/87.0.4280.88 Safari/537.36\n","level":"info","timestamp":"2020-12-15 08:59:22"}
{"message":"IP address: ::1, user: - | HTTP/1.1 GET / responded with 404 - 15.34 ms - Mozilla/5.0 (Windows NT 10.0; Win64; x64) AppleWebKit/537.36 (KHTML, like Gecko) Chrome/87.0.4280.88 Safari/537.36\n","level":"info","timestamp":"2020-12-15 09:00:27"}
{"message":"IP address: ::1, user: - | HTTP/1.1 GET / responded with 404 - 1.25 ms - Mozilla/5.0 (Windows NT 10.0; Win64; x64) AppleWebKit/537.36 (KHTML, like Gecko) Chrome/87.0.4280.88 Safari/537.36\n","level":"info","timestamp":"2020-12-15 09:00:28"}
{"message":"IP address: ::1, user: - | HTTP/1.1 GET / responded with 404 - 32.89 ms - PostmanRuntime/7.26.8\n","level":"info","timestamp":"2020-12-15 09:00:34"}
{"message":"IP address: ::1, user: - | HTTP/1.1 GET / responded with 404 - 52.02 ms - PostmanRuntime/7.26.8\n","level":"info","timestamp":"2020-12-15 09:01:19"}
{"message":"IP address: ::1, user: - | HTTP/1.1 GET / responded with 404 - 2.44 ms - PostmanRuntime/7.26.8\n","level":"info","timestamp":"2020-12-15 09:01:24"}
{"message":"IP address: ::1, user: - | HTTP/1.1 GET / responded with 404 - 46.44 ms - PostmanRuntime/7.26.8\n","level":"info","timestamp":"2020-12-15 09:02:26"}
{"message":"IP address: ::1, user: - | HTTP/1.1 GET / responded with 404 - 5.69 ms - PostmanRuntime/7.26.8\n","level":"info","timestamp":"2020-12-15 09:02:30"}
{"message":"IP address: ::ffff:127.0.0.1, user: - | HTTP/1.1 GET / responded with 404 - 38.16 ms - PostmanRuntime/7.26.8\n","level":"info","timestamp":"2020-12-15 09:05:48"}
{"message":"IP address: ::ffff:127.0.0.1, user: - | HTTP/1.1 GET / responded with 404 - 2.17 ms - PostmanRuntime/7.26.8\n","level":"info","timestamp":"2020-12-15 09:05:51"}
{"message":"IP address: ::ffff:127.0.0.1, user: - | HTTP/1.1 GET / responded with 404 - 77.11 ms - PostmanRuntime/7.26.8\n","level":"info","timestamp":"2020-12-15 09:06:29"}
{"message":"IP address: ::1, user: - | HTTP/1.1 GET /logs responded with 200 - 19.10 ms - Mozilla/5.0 (Windows NT 10.0; Win64; x64) AppleWebKit/537.36 (KHTML, like Gecko) Chrome/87.0.4280.88 Safari/537.36\n","level":"info","timestamp":"2020-12-15 09:06:39"}
{"message":"IP address: ::1, user: - | HTTP/1.1 GET /logs/2020-12-12 responded with 304 - 8.55 ms - Mozilla/5.0 (Windows NT 10.0; Win64; x64) AppleWebKit/537.36 (KHTML, like Gecko) Chrome/87.0.4280.88 Safari/537.36\n","level":"info","timestamp":"2020-12-15 09:06:47"}
{"error":{"errno":-4058,"code":"ENOENT","syscall":"open","path":"C:\\Workflow\\projects\\git\\templates\\node-express-typescript-api\\src\\assets\\logs\\2020-12-13.log"},"level":"error","message":"uncaughtException: ENOENT: no such file or directory, open 'C:\\Workflow\\projects\\git\\templates\\node-express-typescript-api\\src\\assets\\logs\\2020-12-13.log'\nError: ENOENT: no such file or directory, open 'C:\\Workflow\\projects\\git\\templates\\node-express-typescript-api\\src\\assets\\logs\\2020-12-13.log'","stack":"Error: ENOENT: no such file or directory, open 'C:\\Workflow\\projects\\git\\templates\\node-express-typescript-api\\src\\assets\\logs\\2020-12-13.log'","exception":true,"date":"Tue Dec 15 2020 09:06:50 GMT+0100 (GMT+01:00)","process":{"pid":12960,"uid":null,"gid":null,"cwd":"C:\\Workflow\\projects\\git\\templates\\node-express-typescript-api","execPath":"C:\\Program Files\\nodejs\\node.exe","version":"v12.18.3","argv":["C:\\Workflow\\projects\\git\\templates\\node-express-typescript-api\\node_modules\\ts-node\\dist\\bin.js","C:\\Workflow\\projects\\git\\templates\\node-express-typescript-api\\src\\index.ts"],"memoryUsage":{"rss":197746688,"heapTotal":167833600,"heapUsed":136489936,"external":2733390,"arrayBuffers":666171}},"os":{"loadavg":[0,0,0],"uptime":251654},"trace":[],"timestamp":"2020-12-15 09:06:50"}
{"error":{"errno":-4058,"code":"ENOENT","syscall":"open","path":"C:\\Workflow\\projects\\git\\templates\\node-express-typescript-api\\src\\assets\\logs\\2020-12-13.log"},"level":"error","message":"uncaughtException: ENOENT: no such file or directory, open 'C:\\Workflow\\projects\\git\\templates\\node-express-typescript-api\\src\\assets\\logs\\2020-12-13.log'\nError: ENOENT: no such file or directory, open 'C:\\Workflow\\projects\\git\\templates\\node-express-typescript-api\\src\\assets\\logs\\2020-12-13.log'","stack":"Error: ENOENT: no such file or directory, open 'C:\\Workflow\\projects\\git\\templates\\node-express-typescript-api\\src\\assets\\logs\\2020-12-13.log'","exception":true,"date":"Tue Dec 15 2020 09:07:27 GMT+0100 (GMT+01:00)","process":{"pid":16008,"uid":null,"gid":null,"cwd":"C:\\Workflow\\projects\\git\\templates\\node-express-typescript-api","execPath":"C:\\Program Files\\nodejs\\node.exe","version":"v12.18.3","argv":["C:\\Workflow\\projects\\git\\templates\\node-express-typescript-api\\node_modules\\ts-node\\dist\\bin.js","C:\\Workflow\\projects\\git\\templates\\node-express-typescript-api\\src\\index.ts"],"memoryUsage":{"rss":199086080,"heapTotal":167092224,"heapUsed":122568408,"external":2172971,"arrayBuffers":105752}},"os":{"loadavg":[0,0,0],"uptime":251691},"trace":[],"timestamp":"2020-12-15 09:07:28"}
{"error":{"errno":-4058,"code":"ENOENT","syscall":"open","path":"C:\\Workflow\\projects\\git\\templates\\node-express-typescript-api\\src\\assets\\logs\\2020-12-13.log"},"level":"error","message":"uncaughtException: ENOENT: no such file or directory, open 'C:\\Workflow\\projects\\git\\templates\\node-express-typescript-api\\src\\assets\\logs\\2020-12-13.log'\nError: ENOENT: no such file or directory, open 'C:\\Workflow\\projects\\git\\templates\\node-express-typescript-api\\src\\assets\\logs\\2020-12-13.log'","stack":"Error: ENOENT: no such file or directory, open 'C:\\Workflow\\projects\\git\\templates\\node-express-typescript-api\\src\\assets\\logs\\2020-12-13.log'","exception":true,"date":"Tue Dec 15 2020 09:08:13 GMT+0100 (GMT+01:00)","process":{"pid":16752,"uid":null,"gid":null,"cwd":"C:\\Workflow\\projects\\git\\templates\\node-express-typescript-api","execPath":"C:\\Program Files\\nodejs\\node.exe","version":"v12.18.3","argv":["C:\\Workflow\\projects\\git\\templates\\node-express-typescript-api\\node_modules\\ts-node\\dist\\bin.js","C:\\Workflow\\projects\\git\\templates\\node-express-typescript-api\\src\\index.ts"],"memoryUsage":{"rss":195592192,"heapTotal":165781504,"heapUsed":136073744,"external":2362691,"arrayBuffers":295472}},"os":{"loadavg":[0,0,0],"uptime":251736},"trace":[],"timestamp":"2020-12-15 09:08:13"}
{"error":{"diagnosticText":"\u001b[96msrc/routes/logs/logs.ts\u001b[0m:\u001b[93m19\u001b[0m:\u001b[93m57\u001b[0m - \u001b[91merror\u001b[0m\u001b[90m TS6133: \u001b[0m'next' is declared but its value is never read.\r\n\r\n\u001b[30;47m19\u001b[0m router.get('/:day', async (req: Request, res: Response, next: NextFunction) => {\r\n\u001b[30;47m  \u001b[0m \u001b[91m                                                        ~~~~\u001b[0m\r\n\r\n","diagnosticCodes":[6133]},"level":"error","message":"uncaughtException: ⨯ Unable to compile TypeScript:\n\u001b[96msrc/routes/logs/logs.ts\u001b[0m:\u001b[93m19\u001b[0m:\u001b[93m57\u001b[0m - \u001b[91merror\u001b[0m\u001b[90m TS6133: \u001b[0m'next' is declared but its value is never read.\r\n\r\n\u001b[30;47m19\u001b[0m router.get('/:day', async (req: Request, res: Response, next: NextFunction) => {\r\n\u001b[30;47m  \u001b[0m \u001b[91m                                                        ~~~~\u001b[0m\r\n\r\n\nTSError: ⨯ Unable to compile TypeScript:\n\u001b[96msrc/routes/logs/logs.ts\u001b[0m:\u001b[93m19\u001b[0m:\u001b[93m57\u001b[0m - \u001b[91merror\u001b[0m\u001b[90m TS6133: \u001b[0m'next' is declared but its value is never read.\r\n\r\n\u001b[30;47m19\u001b[0m router.get('/:day', async (req: Request, res: Response, next: NextFunction) => {\r\n\u001b[30;47m  \u001b[0m \u001b[91m                                                        ~~~~\u001b[0m\r\n\r\n\n    at createTSError (C:\\Workflow\\projects\\git\\templates\\node-express-typescript-api\\node_modules\\ts-node\\src\\index.ts:513:12)\n    at reportTSError (C:\\Workflow\\projects\\git\\templates\\node-express-typescript-api\\node_modules\\ts-node\\src\\index.ts:517:19)\n    at getOutput (C:\\Workflow\\projects\\git\\templates\\node-express-typescript-api\\node_modules\\ts-node\\src\\index.ts:752:36)\n    at Object.compile (C:\\Workflow\\projects\\git\\templates\\node-express-typescript-api\\node_modules\\ts-node\\src\\index.ts:968:32)\n    at Module.m._compile (C:\\Workflow\\projects\\git\\templates\\node-express-typescript-api\\node_modules\\ts-node\\src\\index.ts:1056:42)\n    at Module._extensions..js (internal/modules/cjs/loader.js:1157:10)\n    at Object.require.extensions.<computed> [as .ts] (C:\\Workflow\\projects\\git\\templates\\node-express-typescript-api\\node_modules\\ts-node\\src\\index.ts:1059:12)\n    at Module.load (internal/modules/cjs/loader.js:985:32)\n    at Function.Module._load (internal/modules/cjs/loader.js:878:14)\n    at Module.require (internal/modules/cjs/loader.js:1025:19)","stack":"TSError: ⨯ Unable to compile TypeScript:\n\u001b[96msrc/routes/logs/logs.ts\u001b[0m:\u001b[93m19\u001b[0m:\u001b[93m57\u001b[0m - \u001b[91merror\u001b[0m\u001b[90m TS6133: \u001b[0m'next' is declared but its value is never read.\r\n\r\n\u001b[30;47m19\u001b[0m router.get('/:day', async (req: Request, res: Response, next: NextFunction) => {\r\n\u001b[30;47m  \u001b[0m \u001b[91m                                                        ~~~~\u001b[0m\r\n\r\n\n    at createTSError (C:\\Workflow\\projects\\git\\templates\\node-express-typescript-api\\node_modules\\ts-node\\src\\index.ts:513:12)\n    at reportTSError (C:\\Workflow\\projects\\git\\templates\\node-express-typescript-api\\node_modules\\ts-node\\src\\index.ts:517:19)\n    at getOutput (C:\\Workflow\\projects\\git\\templates\\node-express-typescript-api\\node_modules\\ts-node\\src\\index.ts:752:36)\n    at Object.compile (C:\\Workflow\\projects\\git\\templates\\node-express-typescript-api\\node_modules\\ts-node\\src\\index.ts:968:32)\n    at Module.m._compile (C:\\Workflow\\projects\\git\\templates\\node-express-typescript-api\\node_modules\\ts-node\\src\\index.ts:1056:42)\n    at Module._extensions..js (internal/modules/cjs/loader.js:1157:10)\n    at Object.require.extensions.<computed> [as .ts] (C:\\Workflow\\projects\\git\\templates\\node-express-typescript-api\\node_modules\\ts-node\\src\\index.ts:1059:12)\n    at Module.load (internal/modules/cjs/loader.js:985:32)\n    at Function.Module._load (internal/modules/cjs/loader.js:878:14)\n    at Module.require (internal/modules/cjs/loader.js:1025:19)","exception":true,"date":"Tue Dec 15 2020 09:08:28 GMT+0100 (GMT+01:00)","process":{"pid":17880,"uid":null,"gid":null,"cwd":"C:\\Workflow\\projects\\git\\templates\\node-express-typescript-api","execPath":"C:\\Program Files\\nodejs\\node.exe","version":"v12.18.3","argv":["C:\\Workflow\\projects\\git\\templates\\node-express-typescript-api\\node_modules\\ts-node\\dist\\bin.js","C:\\Workflow\\projects\\git\\templates\\node-express-typescript-api\\src\\index.ts"],"memoryUsage":{"rss":193437696,"heapTotal":160407552,"heapUsed":142208024,"external":2404247,"arrayBuffers":531933}},"os":{"loadavg":[0,0,0],"uptime":251751},"trace":[{"column":12,"file":"C:\\Workflow\\projects\\git\\templates\\node-express-typescript-api\\node_modules\\ts-node\\src\\index.ts","function":"createTSError","line":513,"method":null,"native":false},{"column":19,"file":"C:\\Workflow\\projects\\git\\templates\\node-express-typescript-api\\node_modules\\ts-node\\src\\index.ts","function":"reportTSError","line":517,"method":null,"native":false},{"column":36,"file":"C:\\Workflow\\projects\\git\\templates\\node-express-typescript-api\\node_modules\\ts-node\\src\\index.ts","function":"getOutput","line":752,"method":null,"native":false},{"column":32,"file":"C:\\Workflow\\projects\\git\\templates\\node-express-typescript-api\\node_modules\\ts-node\\src\\index.ts","function":"Object.compile","line":968,"method":"compile","native":false},{"column":42,"file":"C:\\Workflow\\projects\\git\\templates\\node-express-typescript-api\\node_modules\\ts-node\\src\\index.ts","function":"Module.m._compile","line":1056,"method":"_compile","native":false},{"column":10,"file":"internal/modules/cjs/loader.js","function":"Module._extensions..js","line":1157,"method":".js","native":false},{"column":12,"file":"C:\\Workflow\\projects\\git\\templates\\node-express-typescript-api\\node_modules\\ts-node\\src\\index.ts","function":"Object.require.extensions.<computed> [as .ts]","line":1059,"method":"ts]","native":false},{"column":32,"file":"internal/modules/cjs/loader.js","function":"Module.load","line":985,"method":"load","native":false},{"column":14,"file":"internal/modules/cjs/loader.js","function":"Module._load","line":878,"method":"_load","native":false},{"column":19,"file":"internal/modules/cjs/loader.js","function":"Module.require","line":1025,"method":"require","native":false}],"timestamp":"2020-12-15 09:08:28"}
{"error":{"errno":-4058,"code":"ENOENT","syscall":"open","path":"C:\\Workflow\\projects\\git\\templates\\node-express-typescript-api\\src\\assets\\logs\\2020-12-13.log"},"level":"error","message":"uncaughtException: ENOENT: no such file or directory, open 'C:\\Workflow\\projects\\git\\templates\\node-express-typescript-api\\src\\assets\\logs\\2020-12-13.log'\nError: ENOENT: no such file or directory, open 'C:\\Workflow\\projects\\git\\templates\\node-express-typescript-api\\src\\assets\\logs\\2020-12-13.log'","stack":"Error: ENOENT: no such file or directory, open 'C:\\Workflow\\projects\\git\\templates\\node-express-typescript-api\\src\\assets\\logs\\2020-12-13.log'","exception":true,"date":"Tue Dec 15 2020 09:08:54 GMT+0100 (GMT+01:00)","process":{"pid":16408,"uid":null,"gid":null,"cwd":"C:\\Workflow\\projects\\git\\templates\\node-express-typescript-api","execPath":"C:\\Program Files\\nodejs\\node.exe","version":"v12.18.3","argv":["C:\\Workflow\\projects\\git\\templates\\node-express-typescript-api\\node_modules\\ts-node\\dist\\bin.js","C:\\Workflow\\projects\\git\\templates\\node-express-typescript-api\\src\\index.ts"],"memoryUsage":{"rss":195665920,"heapTotal":164995072,"heapUsed":128065800,"external":2172035,"arrayBuffers":102854}},"os":{"loadavg":[0,0,0],"uptime":251778},"trace":[],"timestamp":"2020-12-15 09:08:54"}
{"message":"IP address: ::1, user: - | HTTP/1.1 GET /logs/2020-12-13 responded with 200 - 82.14 ms - Mozilla/5.0 (Windows NT 10.0; Win64; x64) AppleWebKit/537.36 (KHTML, like Gecko) Chrome/87.0.4280.88 Safari/537.36\n","level":"info","timestamp":"2020-12-15 09:11:34"}
{"message":"IP address: ::1, user: - | HTTP/1.1 GET /logs/2020-12-13 responded with 200 - 44.89 ms - PostmanRuntime/7.26.8\n","level":"info","timestamp":"2020-12-15 09:11:34"}
{"message":"IP address: ::ffff:127.0.0.1, user: - | HTTP/1.1 GET /logs/2020-12-13 responded with 200 - 70.33 ms - PostmanRuntime/7.26.8\n","level":"info","timestamp":"2020-12-15 09:12:44"}
{"error":{"diagnosticText":"\u001b[96msrc/routes/logs/logs.ts\u001b[0m:\u001b[93m19\u001b[0m:\u001b[93m57\u001b[0m - \u001b[91merror\u001b[0m\u001b[90m TS6133: \u001b[0m'next' is declared but its value is never read.\r\n\r\n\u001b[30;47m19\u001b[0m router.get('/:day', async (req: Request, res: Response, next: NextFunction) => {\r\n\u001b[30;47m  \u001b[0m \u001b[91m                                                        ~~~~\u001b[0m\r\n\r\n","diagnosticCodes":[6133]},"level":"error","message":"uncaughtException: ⨯ Unable to compile TypeScript:\n\u001b[96msrc/routes/logs/logs.ts\u001b[0m:\u001b[93m19\u001b[0m:\u001b[93m57\u001b[0m - \u001b[91merror\u001b[0m\u001b[90m TS6133: \u001b[0m'next' is declared but its value is never read.\r\n\r\n\u001b[30;47m19\u001b[0m router.get('/:day', async (req: Request, res: Response, next: NextFunction) => {\r\n\u001b[30;47m  \u001b[0m \u001b[91m                                                        ~~~~\u001b[0m\r\n\r\n\nTSError: ⨯ Unable to compile TypeScript:\n\u001b[96msrc/routes/logs/logs.ts\u001b[0m:\u001b[93m19\u001b[0m:\u001b[93m57\u001b[0m - \u001b[91merror\u001b[0m\u001b[90m TS6133: \u001b[0m'next' is declared but its value is never read.\r\n\r\n\u001b[30;47m19\u001b[0m router.get('/:day', async (req: Request, res: Response, next: NextFunction) => {\r\n\u001b[30;47m  \u001b[0m \u001b[91m                                                        ~~~~\u001b[0m\r\n\r\n\n    at createTSError (C:\\Workflow\\projects\\git\\templates\\node-express-typescript-api\\node_modules\\ts-node\\src\\index.ts:513:12)\n    at reportTSError (C:\\Workflow\\projects\\git\\templates\\node-express-typescript-api\\node_modules\\ts-node\\src\\index.ts:517:19)\n    at getOutput (C:\\Workflow\\projects\\git\\templates\\node-express-typescript-api\\node_modules\\ts-node\\src\\index.ts:752:36)\n    at Object.compile (C:\\Workflow\\projects\\git\\templates\\node-express-typescript-api\\node_modules\\ts-node\\src\\index.ts:968:32)\n    at Module.m._compile (C:\\Workflow\\projects\\git\\templates\\node-express-typescript-api\\node_modules\\ts-node\\src\\index.ts:1056:42)\n    at Module._extensions..js (internal/modules/cjs/loader.js:1157:10)\n    at Object.require.extensions.<computed> [as .ts] (C:\\Workflow\\projects\\git\\templates\\node-express-typescript-api\\node_modules\\ts-node\\src\\index.ts:1059:12)\n    at Module.load (internal/modules/cjs/loader.js:985:32)\n    at Function.Module._load (internal/modules/cjs/loader.js:878:14)\n    at Module.require (internal/modules/cjs/loader.js:1025:19)","stack":"TSError: ⨯ Unable to compile TypeScript:\n\u001b[96msrc/routes/logs/logs.ts\u001b[0m:\u001b[93m19\u001b[0m:\u001b[93m57\u001b[0m - \u001b[91merror\u001b[0m\u001b[90m TS6133: \u001b[0m'next' is declared but its value is never read.\r\n\r\n\u001b[30;47m19\u001b[0m router.get('/:day', async (req: Request, res: Response, next: NextFunction) => {\r\n\u001b[30;47m  \u001b[0m \u001b[91m                                                        ~~~~\u001b[0m\r\n\r\n\n    at createTSError (C:\\Workflow\\projects\\git\\templates\\node-express-typescript-api\\node_modules\\ts-node\\src\\index.ts:513:12)\n    at reportTSError (C:\\Workflow\\projects\\git\\templates\\node-express-typescript-api\\node_modules\\ts-node\\src\\index.ts:517:19)\n    at getOutput (C:\\Workflow\\projects\\git\\templates\\node-express-typescript-api\\node_modules\\ts-node\\src\\index.ts:752:36)\n    at Object.compile (C:\\Workflow\\projects\\git\\templates\\node-express-typescript-api\\node_modules\\ts-node\\src\\index.ts:968:32)\n    at Module.m._compile (C:\\Workflow\\projects\\git\\templates\\node-express-typescript-api\\node_modules\\ts-node\\src\\index.ts:1056:42)\n    at Module._extensions..js (internal/modules/cjs/loader.js:1157:10)\n    at Object.require.extensions.<computed> [as .ts] (C:\\Workflow\\projects\\git\\templates\\node-express-typescript-api\\node_modules\\ts-node\\src\\index.ts:1059:12)\n    at Module.load (internal/modules/cjs/loader.js:985:32)\n    at Function.Module._load (internal/modules/cjs/loader.js:878:14)\n    at Module.require (internal/modules/cjs/loader.js:1025:19)","exception":true,"date":"Tue Dec 15 2020 09:15:35 GMT+0100 (GMT+01:00)","process":{"pid":15060,"uid":null,"gid":null,"cwd":"C:\\Workflow\\projects\\git\\templates\\node-express-typescript-api","execPath":"C:\\Program Files\\nodejs\\node.exe","version":"v12.18.3","argv":["C:\\Workflow\\projects\\git\\templates\\node-express-typescript-api\\node_modules\\ts-node\\dist\\bin.js","C:\\Workflow\\projects\\git\\templates\\node-express-typescript-api\\src\\index.ts"],"memoryUsage":{"rss":190984192,"heapTotal":162766848,"heapUsed":135883112,"external":2098340,"arrayBuffers":226026}},"os":{"loadavg":[0,0,0],"uptime":252179},"trace":[{"column":12,"file":"C:\\Workflow\\projects\\git\\templates\\node-express-typescript-api\\node_modules\\ts-node\\src\\index.ts","function":"createTSError","line":513,"method":null,"native":false},{"column":19,"file":"C:\\Workflow\\projects\\git\\templates\\node-express-typescript-api\\node_modules\\ts-node\\src\\index.ts","function":"reportTSError","line":517,"method":null,"native":false},{"column":36,"file":"C:\\Workflow\\projects\\git\\templates\\node-express-typescript-api\\node_modules\\ts-node\\src\\index.ts","function":"getOutput","line":752,"method":null,"native":false},{"column":32,"file":"C:\\Workflow\\projects\\git\\templates\\node-express-typescript-api\\node_modules\\ts-node\\src\\index.ts","function":"Object.compile","line":968,"method":"compile","native":false},{"column":42,"file":"C:\\Workflow\\projects\\git\\templates\\node-express-typescript-api\\node_modules\\ts-node\\src\\index.ts","function":"Module.m._compile","line":1056,"method":"_compile","native":false},{"column":10,"file":"internal/modules/cjs/loader.js","function":"Module._extensions..js","line":1157,"method":".js","native":false},{"column":12,"file":"C:\\Workflow\\projects\\git\\templates\\node-express-typescript-api\\node_modules\\ts-node\\src\\index.ts","function":"Object.require.extensions.<computed> [as .ts]","line":1059,"method":"ts]","native":false},{"column":32,"file":"internal/modules/cjs/loader.js","function":"Module.load","line":985,"method":"load","native":false},{"column":14,"file":"internal/modules/cjs/loader.js","function":"Module._load","line":878,"method":"_load","native":false},{"column":19,"file":"internal/modules/cjs/loader.js","function":"Module.require","line":1025,"method":"require","native":false}],"timestamp":"2020-12-15 09:15:35"}
{"message":"IP address: ::1, user: - | HTTP/1.1 GET /logs/2020-12-13 responded with 404 - 16.87 ms - PostmanRuntime/7.26.8\n","level":"info","timestamp":"2020-12-15 09:16:04"}
{"message":"IP address: ::1, user: - | HTTP/1.1 GET /logs/2020-12-13 responded with 200 - 15.19 ms - PostmanRuntime/7.26.8\n","level":"info","timestamp":"2020-12-15 09:16:28"}
{"message":"IP address: ::1, user: - | HTTP/1.1 GET /logs/2020-12-13 responded with 200 - 21.14 ms - PostmanRuntime/7.26.8\n","level":"info","timestamp":"2020-12-15 09:18:38"}
{"message":"IP address: ::1, user: - | HTTP/1.1 GET /logs/2020-12-13 responded with 200 - 1.61 ms - PostmanRuntime/7.26.8\n","level":"info","timestamp":"2020-12-15 09:18:40"}
{"message":"IP address: ::1, user: - | HTTP/1.1 GET /logs/2020-12-13 responded with 200 - 21.61 ms - PostmanRuntime/7.26.8\n","level":"info","timestamp":"2020-12-15 09:19:21"}
