{"message":"IP address: ::1, user: - | HTTP/1.1 GET /logs responded with 200 - 5.05 ms - Mozilla/5.0 (Windows NT 10.0; Win64; x64) AppleWebKit/537.36 (KHTML, like Gecko) Chrome/87.0.4280.88 Safari/537.36\n","level":"info","timestamp":"2020-12-12 17:20:08"}
{"message":"IP address: ::1, user: - | HTTP/1.1 GET /logs responded with 200 - 2.08 ms - Mozilla/5.0 (Windows NT 10.0; Win64; x64) AppleWebKit/537.36 (KHTML, like Gecko) Chrome/87.0.4280.88 Safari/537.36\n","level":"info","timestamp":"2020-12-12 17:20:08"}
{"message":"IP address: ::1, user: - | HTTP/1.1 GET /logs responded with 200 - 1.49 ms - Mozilla/5.0 (Windows NT 10.0; Win64; x64) AppleWebKit/537.36 (KHTML, like Gecko) Chrome/87.0.4280.88 Safari/537.36\n","level":"info","timestamp":"2020-12-12 17:20:09"}
{"message":"IP address: ::1, user: - | HTTP/1.1 GET /logs responded with 200 - 1.52 ms - Mozilla/5.0 (Windows NT 10.0; Win64; x64) AppleWebKit/537.36 (KHTML, like Gecko) Chrome/87.0.4280.88 Safari/537.36\n","level":"info","timestamp":"2020-12-12 17:20:10"}
{"message":"IP address: ::1, user: - | HTTP/1.1 GET /logs responded with 200 - 1.86 ms - Mozilla/5.0 (Windows NT 10.0; Win64; x64) AppleWebKit/537.36 (KHTML, like Gecko) Chrome/87.0.4280.88 Safari/537.36\n","level":"info","timestamp":"2020-12-12 17:20:21"}
{"message":"IP address: ::1, user: - | HTTP/1.1 GET /logs responded with 200 - 1.69 ms - Mozilla/5.0 (Windows NT 10.0; Win64; x64) AppleWebKit/537.36 (KHTML, like Gecko) Chrome/87.0.4280.88 Safari/537.36\n","level":"info","timestamp":"2020-12-12 17:20:23"}
{"message":"IP address: ::1, user: - | HTTP/1.1 GET /logs responded with 200 - 6.40 ms - Mozilla/5.0 (Windows NT 10.0; Win64; x64) AppleWebKit/537.36 (KHTML, like Gecko) Chrome/87.0.4280.88 Safari/537.36\n","level":"info","timestamp":"2020-12-12 17:21:43"}
{"message":"IP address: ::1, user: - | HTTP/1.1 GET /logs responded with 200 - 6.45 ms - Mozilla/5.0 (Windows NT 10.0; Win64; x64) AppleWebKit/537.36 (KHTML, like Gecko) Chrome/87.0.4280.88 Safari/537.36\n","level":"info","timestamp":"2020-12-12 17:22:00"}
{"error":{"diagnosticText":"\u001b[96msrc/routes/logs/logs.ts\u001b[0m:\u001b[93m3\u001b[0m:\u001b[93m1\u001b[0m - \u001b[91merror\u001b[0m\u001b[90m TS6133: \u001b[0m'groupBy' is declared but its value is never read.\r\n\r\n\u001b[30;47m3\u001b[0m import { groupBy } from 'lodash';\r\n\u001b[30;47m \u001b[0m \u001b[91m~~~~~~~~~~~~~~~~~~~~~~~~~~~~~~~~~\u001b[0m\r\n\r\n","diagnosticCodes":[6133]},"level":"error","message":"uncaughtException: ⨯ Unable to compile TypeScript:\n\u001b[96msrc/routes/logs/logs.ts\u001b[0m:\u001b[93m3\u001b[0m:\u001b[93m1\u001b[0m - \u001b[91merror\u001b[0m\u001b[90m TS6133: \u001b[0m'groupBy' is declared but its value is never read.\r\n\r\n\u001b[30;47m3\u001b[0m import { groupBy } from 'lodash';\r\n\u001b[30;47m \u001b[0m \u001b[91m~~~~~~~~~~~~~~~~~~~~~~~~~~~~~~~~~\u001b[0m\r\n\r\n\nTSError: ⨯ Unable to compile TypeScript:\n\u001b[96msrc/routes/logs/logs.ts\u001b[0m:\u001b[93m3\u001b[0m:\u001b[93m1\u001b[0m - \u001b[91merror\u001b[0m\u001b[90m TS6133: \u001b[0m'groupBy' is declared but its value is never read.\r\n\r\n\u001b[30;47m3\u001b[0m import { groupBy } from 'lodash';\r\n\u001b[30;47m \u001b[0m \u001b[91m~~~~~~~~~~~~~~~~~~~~~~~~~~~~~~~~~\u001b[0m\r\n\r\n\n    at createTSError (C:\\Workflow\\projects\\git\\templates\\node-express-typescript-api\\node_modules\\ts-node\\src\\index.ts:513:12)\n    at reportTSError (C:\\Workflow\\projects\\git\\templates\\node-express-typescript-api\\node_modules\\ts-node\\src\\index.ts:517:19)\n    at getOutput (C:\\Workflow\\projects\\git\\templates\\node-express-typescript-api\\node_modules\\ts-node\\src\\index.ts:752:36)\n    at Object.compile (C:\\Workflow\\projects\\git\\templates\\node-express-typescript-api\\node_modules\\ts-node\\src\\index.ts:968:32)\n    at Module.m._compile (C:\\Workflow\\projects\\git\\templates\\node-express-typescript-api\\node_modules\\ts-node\\src\\index.ts:1056:42)\n    at Module._extensions..js (internal/modules/cjs/loader.js:1157:10)\n    at Object.require.extensions.<computed> [as .ts] (C:\\Workflow\\projects\\git\\templates\\node-express-typescript-api\\node_modules\\ts-node\\src\\index.ts:1059:12)\n    at Module.load (internal/modules/cjs/loader.js:985:32)\n    at Function.Module._load (internal/modules/cjs/loader.js:878:14)\n    at Module.require (internal/modules/cjs/loader.js:1025:19)","stack":"TSError: ⨯ Unable to compile TypeScript:\n\u001b[96msrc/routes/logs/logs.ts\u001b[0m:\u001b[93m3\u001b[0m:\u001b[93m1\u001b[0m - \u001b[91merror\u001b[0m\u001b[90m TS6133: \u001b[0m'groupBy' is declared but its value is never read.\r\n\r\n\u001b[30;47m3\u001b[0m import { groupBy } from 'lodash';\r\n\u001b[30;47m \u001b[0m \u001b[91m~~~~~~~~~~~~~~~~~~~~~~~~~~~~~~~~~\u001b[0m\r\n\r\n\n    at createTSError (C:\\Workflow\\projects\\git\\templates\\node-express-typescript-api\\node_modules\\ts-node\\src\\index.ts:513:12)\n    at reportTSError (C:\\Workflow\\projects\\git\\templates\\node-express-typescript-api\\node_modules\\ts-node\\src\\index.ts:517:19)\n    at getOutput (C:\\Workflow\\projects\\git\\templates\\node-express-typescript-api\\node_modules\\ts-node\\src\\index.ts:752:36)\n    at Object.compile (C:\\Workflow\\projects\\git\\templates\\node-express-typescript-api\\node_modules\\ts-node\\src\\index.ts:968:32)\n    at Module.m._compile (C:\\Workflow\\projects\\git\\templates\\node-express-typescript-api\\node_modules\\ts-node\\src\\index.ts:1056:42)\n    at Module._extensions..js (internal/modules/cjs/loader.js:1157:10)\n    at Object.require.extensions.<computed> [as .ts] (C:\\Workflow\\projects\\git\\templates\\node-express-typescript-api\\node_modules\\ts-node\\src\\index.ts:1059:12)\n    at Module.load (internal/modules/cjs/loader.js:985:32)\n    at Function.Module._load (internal/modules/cjs/loader.js:878:14)\n    at Module.require (internal/modules/cjs/loader.js:1025:19)","exception":true,"date":"Sat Dec 12 2020 17:22:24 GMT+0100 (GMT+01:00)","process":{"pid":16256,"uid":null,"gid":null,"cwd":"C:\\Workflow\\projects\\git\\templates\\node-express-typescript-api","execPath":"C:\\Program Files\\nodejs\\node.exe","version":"v12.18.3","argv":["C:\\Workflow\\projects\\git\\templates\\node-express-typescript-api\\node_modules\\ts-node\\dist\\bin.js","C:\\Workflow\\projects\\git\\templates\\node-express-typescript-api\\src\\index.ts"],"memoryUsage":{"rss":160403456,"heapTotal":130928640,"heapUsed":107757528,"external":2167982,"arrayBuffers":340360}},"os":{"loadavg":[0,0,0],"uptime":22188},"trace":[{"column":12,"file":"C:\\Workflow\\projects\\git\\templates\\node-express-typescript-api\\node_modules\\ts-node\\src\\index.ts","function":"createTSError","line":513,"method":null,"native":false},{"column":19,"file":"C:\\Workflow\\projects\\git\\templates\\node-express-typescript-api\\node_modules\\ts-node\\src\\index.ts","function":"reportTSError","line":517,"method":null,"native":false},{"column":36,"file":"C:\\Workflow\\projects\\git\\templates\\node-express-typescript-api\\node_modules\\ts-node\\src\\index.ts","function":"getOutput","line":752,"method":null,"native":false},{"column":32,"file":"C:\\Workflow\\projects\\git\\templates\\node-express-typescript-api\\node_modules\\ts-node\\src\\index.ts","function":"Object.compile","line":968,"method":"compile","native":false},{"column":42,"file":"C:\\Workflow\\projects\\git\\templates\\node-express-typescript-api\\node_modules\\ts-node\\src\\index.ts","function":"Module.m._compile","line":1056,"method":"_compile","native":false},{"column":10,"file":"internal/modules/cjs/loader.js","function":"Module._extensions..js","line":1157,"method":".js","native":false},{"column":12,"file":"C:\\Workflow\\projects\\git\\templates\\node-express-typescript-api\\node_modules\\ts-node\\src\\index.ts","function":"Object.require.extensions.<computed> [as .ts]","line":1059,"method":"ts]","native":false},{"column":32,"file":"internal/modules/cjs/loader.js","function":"Module.load","line":985,"method":"load","native":false},{"column":14,"file":"internal/modules/cjs/loader.js","function":"Module._load","line":878,"method":"_load","native":false},{"column":19,"file":"internal/modules/cjs/loader.js","function":"Module.require","line":1025,"method":"require","native":false}],"timestamp":"2020-12-12 17:22:24"}
{"message":"IP address: ::ffff:127.0.0.1, user: - | HTTP/1.1 GET /logs responded with 200 - 7.36 ms - Mozilla/5.0 (Windows NT 10.0; Win64; x64) AppleWebKit/537.36 (KHTML, like Gecko) Chrome/87.0.4280.88 Safari/537.36\n","level":"info","timestamp":"2020-12-12 17:22:39"}
{"error":{"diagnosticText":"\u001b[96msrc/routes/logs/logs.ts\u001b[0m:\u001b[93m6\u001b[0m:\u001b[93m1\u001b[0m - \u001b[91merror\u001b[0m\u001b[90m TS6133: \u001b[0m'today' is declared but its value is never read.\r\n\r\n\u001b[30;47m6\u001b[0m import { today } from '../../server/logger';\r\n\u001b[30;47m \u001b[0m \u001b[91m~~~~~~~~~~~~~~~~~~~~~~~~~~~~~~~~~~~~~~~~~~~~\u001b[0m\r\n\u001b[96msrc/routes/logs/logs.ts\u001b[0m:\u001b[93m32\u001b[0m:\u001b[93m9\u001b[0m - \u001b[91merror\u001b[0m\u001b[90m TS2554: \u001b[0mExpected 2 arguments, but got 1.\r\n\r\n\u001b[30;47m32\u001b[0m   await readLineAsync((line) => logs.push(JSON.parse(line)));\r\n\u001b[30;47m  \u001b[0m \u001b[91m        ~~~~~~~~~~~~~~~~~~~~~~~~~~~~~~~~~~~~~~~~~~~~~~~~~~~~\u001b[0m\r\n\u001b[96msrc/routes/logs/logs.ts\u001b[0m:\u001b[93m32\u001b[0m:\u001b[93m24\u001b[0m - \u001b[91merror\u001b[0m\u001b[90m TS7006: \u001b[0mParameter 'line' implicitly has an 'any' type.\r\n\r\n\u001b[30;47m32\u001b[0m   await readLineAsync((line) => logs.push(JSON.parse(line)));\r\n\u001b[30;47m  \u001b[0m \u001b[91m                       ~~~~\u001b[0m\r\n\u001b[96msrc/routes/logs/logs.ts\u001b[0m:\u001b[93m43\u001b[0m:\u001b[93m11\u001b[0m - \u001b[91merror\u001b[0m\u001b[90m TS2554: \u001b[0mExpected 2 arguments, but got 1.\r\n\r\n\u001b[30;47m43\u001b[0m     await readLineAsync((line) => logs.push(JSON.parse(line)));\r\n\u001b[30;47m  \u001b[0m \u001b[91m          ~~~~~~~~~~~~~~~~~~~~~~~~~~~~~~~~~~~~~~~~~~~~~~~~~~~~\u001b[0m\r\n\u001b[96msrc/routes/logs/logs.ts\u001b[0m:\u001b[93m43\u001b[0m:\u001b[93m26\u001b[0m - \u001b[91merror\u001b[0m\u001b[90m TS7006: \u001b[0mParameter 'line' implicitly has an 'any' type.\r\n\r\n\u001b[30;47m43\u001b[0m     await readLineAsync((line) => logs.push(JSON.parse(line)));\r\n\u001b[30;47m  \u001b[0m \u001b[91m                         ~~~~\u001b[0m\r\n\r\n","diagnosticCodes":[6133,2554,7006,2554,7006]},"level":"error","message":"uncaughtException: ⨯ Unable to compile TypeScript:\n\u001b[96msrc/routes/logs/logs.ts\u001b[0m:\u001b[93m6\u001b[0m:\u001b[93m1\u001b[0m - \u001b[91merror\u001b[0m\u001b[90m TS6133: \u001b[0m'today' is declared but its value is never read.\r\n\r\n\u001b[30;47m6\u001b[0m import { today } from '../../server/logger';\r\n\u001b[30;47m \u001b[0m \u001b[91m~~~~~~~~~~~~~~~~~~~~~~~~~~~~~~~~~~~~~~~~~~~~\u001b[0m\r\n\u001b[96msrc/routes/logs/logs.ts\u001b[0m:\u001b[93m32\u001b[0m:\u001b[93m9\u001b[0m - \u001b[91merror\u001b[0m\u001b[90m TS2554: \u001b[0mExpected 2 arguments, but got 1.\r\n\r\n\u001b[30;47m32\u001b[0m   await readLineAsync((line) => logs.push(JSON.parse(line)));\r\n\u001b[30;47m  \u001b[0m \u001b[91m        ~~~~~~~~~~~~~~~~~~~~~~~~~~~~~~~~~~~~~~~~~~~~~~~~~~~~\u001b[0m\r\n\u001b[96msrc/routes/logs/logs.ts\u001b[0m:\u001b[93m32\u001b[0m:\u001b[93m24\u001b[0m - \u001b[91merror\u001b[0m\u001b[90m TS7006: \u001b[0mParameter 'line' implicitly has an 'any' type.\r\n\r\n\u001b[30;47m32\u001b[0m   await readLineAsync((line) => logs.push(JSON.parse(line)));\r\n\u001b[30;47m  \u001b[0m \u001b[91m                       ~~~~\u001b[0m\r\n\u001b[96msrc/routes/logs/logs.ts\u001b[0m:\u001b[93m43\u001b[0m:\u001b[93m11\u001b[0m - \u001b[91merror\u001b[0m\u001b[90m TS2554: \u001b[0mExpected 2 arguments, but got 1.\r\n\r\n\u001b[30;47m43\u001b[0m     await readLineAsync((line) => logs.push(JSON.parse(line)));\r\n\u001b[30;47m  \u001b[0m \u001b[91m          ~~~~~~~~~~~~~~~~~~~~~~~~~~~~~~~~~~~~~~~~~~~~~~~~~~~~\u001b[0m\r\n\u001b[96msrc/routes/logs/logs.ts\u001b[0m:\u001b[93m43\u001b[0m:\u001b[93m26\u001b[0m - \u001b[91merror\u001b[0m\u001b[90m TS7006: \u001b[0mParameter 'line' implicitly has an 'any' type.\r\n\r\n\u001b[30;47m43\u001b[0m     await readLineAsync((line) => logs.push(JSON.parse(line)));\r\n\u001b[30;47m  \u001b[0m \u001b[91m                         ~~~~\u001b[0m\r\n\r\n\nTSError: ⨯ Unable to compile TypeScript:\n\u001b[96msrc/routes/logs/logs.ts\u001b[0m:\u001b[93m6\u001b[0m:\u001b[93m1\u001b[0m - \u001b[91merror\u001b[0m\u001b[90m TS6133: \u001b[0m'today' is declared but its value is never read.\r\n\r\n\u001b[30;47m6\u001b[0m import { today } from '../../server/logger';\r\n\u001b[30;47m \u001b[0m \u001b[91m~~~~~~~~~~~~~~~~~~~~~~~~~~~~~~~~~~~~~~~~~~~~\u001b[0m\r\n\u001b[96msrc/routes/logs/logs.ts\u001b[0m:\u001b[93m32\u001b[0m:\u001b[93m9\u001b[0m - \u001b[91merror\u001b[0m\u001b[90m TS2554: \u001b[0mExpected 2 arguments, but got 1.\r\n\r\n\u001b[30;47m32\u001b[0m   await readLineAsync((line) => logs.push(JSON.parse(line)));\r\n\u001b[30;47m  \u001b[0m \u001b[91m        ~~~~~~~~~~~~~~~~~~~~~~~~~~~~~~~~~~~~~~~~~~~~~~~~~~~~\u001b[0m\r\n\u001b[96msrc/routes/logs/logs.ts\u001b[0m:\u001b[93m32\u001b[0m:\u001b[93m24\u001b[0m - \u001b[91merror\u001b[0m\u001b[90m TS7006: \u001b[0mParameter 'line' implicitly has an 'any' type.\r\n\r\n\u001b[30;47m32\u001b[0m   await readLineAsync((line) => logs.push(JSON.parse(line)));\r\n\u001b[30;47m  \u001b[0m \u001b[91m                       ~~~~\u001b[0m\r\n\u001b[96msrc/routes/logs/logs.ts\u001b[0m:\u001b[93m43\u001b[0m:\u001b[93m11\u001b[0m - \u001b[91merror\u001b[0m\u001b[90m TS2554: \u001b[0mExpected 2 arguments, but got 1.\r\n\r\n\u001b[30;47m43\u001b[0m     await readLineAsync((line) => logs.push(JSON.parse(line)));\r\n\u001b[30;47m  \u001b[0m \u001b[91m          ~~~~~~~~~~~~~~~~~~~~~~~~~~~~~~~~~~~~~~~~~~~~~~~~~~~~\u001b[0m\r\n\u001b[96msrc/routes/logs/logs.ts\u001b[0m:\u001b[93m43\u001b[0m:\u001b[93m26\u001b[0m - \u001b[91merror\u001b[0m\u001b[90m TS7006: \u001b[0mParameter 'line' implicitly has an 'any' type.\r\n\r\n\u001b[30;47m43\u001b[0m     await readLineAsync((line) => logs.push(JSON.parse(line)));\r\n\u001b[30;47m  \u001b[0m \u001b[91m                         ~~~~\u001b[0m\r\n\r\n\n    at createTSError (C:\\Workflow\\projects\\git\\templates\\node-express-typescript-api\\node_modules\\ts-node\\src\\index.ts:513:12)\n    at reportTSError (C:\\Workflow\\projects\\git\\templates\\node-express-typescript-api\\node_modules\\ts-node\\src\\index.ts:517:19)\n    at getOutput (C:\\Workflow\\projects\\git\\templates\\node-express-typescript-api\\node_modules\\ts-node\\src\\index.ts:752:36)\n    at Object.compile (C:\\Workflow\\projects\\git\\templates\\node-express-typescript-api\\node_modules\\ts-node\\src\\index.ts:968:32)\n    at Module.m._compile (C:\\Workflow\\projects\\git\\templates\\node-express-typescript-api\\node_modules\\ts-node\\src\\index.ts:1056:42)\n    at Module._extensions..js (internal/modules/cjs/loader.js:1157:10)\n    at Object.require.extensions.<computed> [as .ts] (C:\\Workflow\\projects\\git\\templates\\node-express-typescript-api\\node_modules\\ts-node\\src\\index.ts:1059:12)\n    at Module.load (internal/modules/cjs/loader.js:985:32)\n    at Function.Module._load (internal/modules/cjs/loader.js:878:14)\n    at Module.require (internal/modules/cjs/loader.js:1025:19)","stack":"TSError: ⨯ Unable to compile TypeScript:\n\u001b[96msrc/routes/logs/logs.ts\u001b[0m:\u001b[93m6\u001b[0m:\u001b[93m1\u001b[0m - \u001b[91merror\u001b[0m\u001b[90m TS6133: \u001b[0m'today' is declared but its value is never read.\r\n\r\n\u001b[30;47m6\u001b[0m import { today } from '../../server/logger';\r\n\u001b[30;47m \u001b[0m \u001b[91m~~~~~~~~~~~~~~~~~~~~~~~~~~~~~~~~~~~~~~~~~~~~\u001b[0m\r\n\u001b[96msrc/routes/logs/logs.ts\u001b[0m:\u001b[93m32\u001b[0m:\u001b[93m9\u001b[0m - \u001b[91merror\u001b[0m\u001b[90m TS2554: \u001b[0mExpected 2 arguments, but got 1.\r\n\r\n\u001b[30;47m32\u001b[0m   await readLineAsync((line) => logs.push(JSON.parse(line)));\r\n\u001b[30;47m  \u001b[0m \u001b[91m        ~~~~~~~~~~~~~~~~~~~~~~~~~~~~~~~~~~~~~~~~~~~~~~~~~~~~\u001b[0m\r\n\u001b[96msrc/routes/logs/logs.ts\u001b[0m:\u001b[93m32\u001b[0m:\u001b[93m24\u001b[0m - \u001b[91merror\u001b[0m\u001b[90m TS7006: \u001b[0mParameter 'line' implicitly has an 'any' type.\r\n\r\n\u001b[30;47m32\u001b[0m   await readLineAsync((line) => logs.push(JSON.parse(line)));\r\n\u001b[30;47m  \u001b[0m \u001b[91m                       ~~~~\u001b[0m\r\n\u001b[96msrc/routes/logs/logs.ts\u001b[0m:\u001b[93m43\u001b[0m:\u001b[93m11\u001b[0m - \u001b[91merror\u001b[0m\u001b[90m TS2554: \u001b[0mExpected 2 arguments, but got 1.\r\n\r\n\u001b[30;47m43\u001b[0m     await readLineAsync((line) => logs.push(JSON.parse(line)));\r\n\u001b[30;47m  \u001b[0m \u001b[91m          ~~~~~~~~~~~~~~~~~~~~~~~~~~~~~~~~~~~~~~~~~~~~~~~~~~~~\u001b[0m\r\n\u001b[96msrc/routes/logs/logs.ts\u001b[0m:\u001b[93m43\u001b[0m:\u001b[93m26\u001b[0m - \u001b[91merror\u001b[0m\u001b[90m TS7006: \u001b[0mParameter 'line' implicitly has an 'any' type.\r\n\r\n\u001b[30;47m43\u001b[0m     await readLineAsync((line) => logs.push(JSON.parse(line)));\r\n\u001b[30;47m  \u001b[0m \u001b[91m                         ~~~~\u001b[0m\r\n\r\n\n    at createTSError (C:\\Workflow\\projects\\git\\templates\\node-express-typescript-api\\node_modules\\ts-node\\src\\index.ts:513:12)\n    at reportTSError (C:\\Workflow\\projects\\git\\templates\\node-express-typescript-api\\node_modules\\ts-node\\src\\index.ts:517:19)\n    at getOutput (C:\\Workflow\\projects\\git\\templates\\node-express-typescript-api\\node_modules\\ts-node\\src\\index.ts:752:36)\n    at Object.compile (C:\\Workflow\\projects\\git\\templates\\node-express-typescript-api\\node_modules\\ts-node\\src\\index.ts:968:32)\n    at Module.m._compile (C:\\Workflow\\projects\\git\\templates\\node-express-typescript-api\\node_modules\\ts-node\\src\\index.ts:1056:42)\n    at Module._extensions..js (internal/modules/cjs/loader.js:1157:10)\n    at Object.require.extensions.<computed> [as .ts] (C:\\Workflow\\projects\\git\\templates\\node-express-typescript-api\\node_modules\\ts-node\\src\\index.ts:1059:12)\n    at Module.load (internal/modules/cjs/loader.js:985:32)\n    at Function.Module._load (internal/modules/cjs/loader.js:878:14)\n    at Module.require (internal/modules/cjs/loader.js:1025:19)","exception":true,"date":"Sat Dec 12 2020 17:24:53 GMT+0100 (GMT+01:00)","process":{"pid":7452,"uid":null,"gid":null,"cwd":"C:\\Workflow\\projects\\git\\templates\\node-express-typescript-api","execPath":"C:\\Program Files\\nodejs\\node.exe","version":"v12.18.3","argv":["C:\\Workflow\\projects\\git\\templates\\node-express-typescript-api\\node_modules\\ts-node\\dist\\bin.js","C:\\Workflow\\projects\\git\\templates\\node-express-typescript-api\\src\\index.ts"],"memoryUsage":{"rss":160780288,"heapTotal":131190784,"heapUsed":107938320,"external":2167982,"arrayBuffers":340360}},"os":{"loadavg":[0,0,0],"uptime":22336},"trace":[{"column":12,"file":"C:\\Workflow\\projects\\git\\templates\\node-express-typescript-api\\node_modules\\ts-node\\src\\index.ts","function":"createTSError","line":513,"method":null,"native":false},{"column":19,"file":"C:\\Workflow\\projects\\git\\templates\\node-express-typescript-api\\node_modules\\ts-node\\src\\index.ts","function":"reportTSError","line":517,"method":null,"native":false},{"column":36,"file":"C:\\Workflow\\projects\\git\\templates\\node-express-typescript-api\\node_modules\\ts-node\\src\\index.ts","function":"getOutput","line":752,"method":null,"native":false},{"column":32,"file":"C:\\Workflow\\projects\\git\\templates\\node-express-typescript-api\\node_modules\\ts-node\\src\\index.ts","function":"Object.compile","line":968,"method":"compile","native":false},{"column":42,"file":"C:\\Workflow\\projects\\git\\templates\\node-express-typescript-api\\node_modules\\ts-node\\src\\index.ts","function":"Module.m._compile","line":1056,"method":"_compile","native":false},{"column":10,"file":"internal/modules/cjs/loader.js","function":"Module._extensions..js","line":1157,"method":".js","native":false},{"column":12,"file":"C:\\Workflow\\projects\\git\\templates\\node-express-typescript-api\\node_modules\\ts-node\\src\\index.ts","function":"Object.require.extensions.<computed> [as .ts]","line":1059,"method":"ts]","native":false},{"column":32,"file":"internal/modules/cjs/loader.js","function":"Module.load","line":985,"method":"load","native":false},{"column":14,"file":"internal/modules/cjs/loader.js","function":"Module._load","line":878,"method":"_load","native":false},{"column":19,"file":"internal/modules/cjs/loader.js","function":"Module.require","line":1025,"method":"require","native":false}],"timestamp":"2020-12-12 17:24:53"}
{"error":{"diagnosticText":"\u001b[96msrc/routes/logs/logs.ts\u001b[0m:\u001b[93m43\u001b[0m:\u001b[93m25\u001b[0m - \u001b[91merror\u001b[0m\u001b[90m TS2552: \u001b[0mCannot find name 'req'. Did you mean '_req'?\r\n\r\n\u001b[30;47m43\u001b[0m     await readLineAsync(req.params.day, (line) => logs.push(JSON.parse(line)));\r\n\u001b[30;47m  \u001b[0m \u001b[91m                        ~~~\u001b[0m\r\n\r\n","diagnosticCodes":[2552]},"level":"error","message":"uncaughtException: ⨯ Unable to compile TypeScript:\n\u001b[96msrc/routes/logs/logs.ts\u001b[0m:\u001b[93m43\u001b[0m:\u001b[93m25\u001b[0m - \u001b[91merror\u001b[0m\u001b[90m TS2552: \u001b[0mCannot find name 'req'. Did you mean '_req'?\r\n\r\n\u001b[30;47m43\u001b[0m     await readLineAsync(req.params.day, (line) => logs.push(JSON.parse(line)));\r\n\u001b[30;47m  \u001b[0m \u001b[91m                        ~~~\u001b[0m\r\n\r\n\nTSError: ⨯ Unable to compile TypeScript:\n\u001b[96msrc/routes/logs/logs.ts\u001b[0m:\u001b[93m43\u001b[0m:\u001b[93m25\u001b[0m - \u001b[91merror\u001b[0m\u001b[90m TS2552: \u001b[0mCannot find name 'req'. Did you mean '_req'?\r\n\r\n\u001b[30;47m43\u001b[0m     await readLineAsync(req.params.day, (line) => logs.push(JSON.parse(line)));\r\n\u001b[30;47m  \u001b[0m \u001b[91m                        ~~~\u001b[0m\r\n\r\n\n    at createTSError (C:\\Workflow\\projects\\git\\templates\\node-express-typescript-api\\node_modules\\ts-node\\src\\index.ts:513:12)\n    at reportTSError (C:\\Workflow\\projects\\git\\templates\\node-express-typescript-api\\node_modules\\ts-node\\src\\index.ts:517:19)\n    at getOutput (C:\\Workflow\\projects\\git\\templates\\node-express-typescript-api\\node_modules\\ts-node\\src\\index.ts:752:36)\n    at Object.compile (C:\\Workflow\\projects\\git\\templates\\node-express-typescript-api\\node_modules\\ts-node\\src\\index.ts:968:32)\n    at Module.m._compile (C:\\Workflow\\projects\\git\\templates\\node-express-typescript-api\\node_modules\\ts-node\\src\\index.ts:1056:42)\n    at Module._extensions..js (internal/modules/cjs/loader.js:1157:10)\n    at Object.require.extensions.<computed> [as .ts] (C:\\Workflow\\projects\\git\\templates\\node-express-typescript-api\\node_modules\\ts-node\\src\\index.ts:1059:12)\n    at Module.load (internal/modules/cjs/loader.js:985:32)\n    at Function.Module._load (internal/modules/cjs/loader.js:878:14)\n    at Module.require (internal/modules/cjs/loader.js:1025:19)","stack":"TSError: ⨯ Unable to compile TypeScript:\n\u001b[96msrc/routes/logs/logs.ts\u001b[0m:\u001b[93m43\u001b[0m:\u001b[93m25\u001b[0m - \u001b[91merror\u001b[0m\u001b[90m TS2552: \u001b[0mCannot find name 'req'. Did you mean '_req'?\r\n\r\n\u001b[30;47m43\u001b[0m     await readLineAsync(req.params.day, (line) => logs.push(JSON.parse(line)));\r\n\u001b[30;47m  \u001b[0m \u001b[91m                        ~~~\u001b[0m\r\n\r\n\n    at createTSError (C:\\Workflow\\projects\\git\\templates\\node-express-typescript-api\\node_modules\\ts-node\\src\\index.ts:513:12)\n    at reportTSError (C:\\Workflow\\projects\\git\\templates\\node-express-typescript-api\\node_modules\\ts-node\\src\\index.ts:517:19)\n    at getOutput (C:\\Workflow\\projects\\git\\templates\\node-express-typescript-api\\node_modules\\ts-node\\src\\index.ts:752:36)\n    at Object.compile (C:\\Workflow\\projects\\git\\templates\\node-express-typescript-api\\node_modules\\ts-node\\src\\index.ts:968:32)\n    at Module.m._compile (C:\\Workflow\\projects\\git\\templates\\node-express-typescript-api\\node_modules\\ts-node\\src\\index.ts:1056:42)\n    at Module._extensions..js (internal/modules/cjs/loader.js:1157:10)\n    at Object.require.extensions.<computed> [as .ts] (C:\\Workflow\\projects\\git\\templates\\node-express-typescript-api\\node_modules\\ts-node\\src\\index.ts:1059:12)\n    at Module.load (internal/modules/cjs/loader.js:985:32)\n    at Function.Module._load (internal/modules/cjs/loader.js:878:14)\n    at Module.require (internal/modules/cjs/loader.js:1025:19)","exception":true,"date":"Sat Dec 12 2020 17:25:05 GMT+0100 (GMT+01:00)","process":{"pid":14556,"uid":null,"gid":null,"cwd":"C:\\Workflow\\projects\\git\\templates\\node-express-typescript-api","execPath":"C:\\Program Files\\nodejs\\node.exe","version":"v12.18.3","argv":["C:\\Workflow\\projects\\git\\templates\\node-express-typescript-api\\node_modules\\ts-node\\dist\\bin.js","C:\\Workflow\\projects\\git\\templates\\node-express-typescript-api\\src\\index.ts"],"memoryUsage":{"rss":160047104,"heapTotal":130928640,"heapUsed":108263200,"external":2222964,"arrayBuffers":395342}},"os":{"loadavg":[0,0,0],"uptime":22348},"trace":[{"column":12,"file":"C:\\Workflow\\projects\\git\\templates\\node-express-typescript-api\\node_modules\\ts-node\\src\\index.ts","function":"createTSError","line":513,"method":null,"native":false},{"column":19,"file":"C:\\Workflow\\projects\\git\\templates\\node-express-typescript-api\\node_modules\\ts-node\\src\\index.ts","function":"reportTSError","line":517,"method":null,"native":false},{"column":36,"file":"C:\\Workflow\\projects\\git\\templates\\node-express-typescript-api\\node_modules\\ts-node\\src\\index.ts","function":"getOutput","line":752,"method":null,"native":false},{"column":32,"file":"C:\\Workflow\\projects\\git\\templates\\node-express-typescript-api\\node_modules\\ts-node\\src\\index.ts","function":"Object.compile","line":968,"method":"compile","native":false},{"column":42,"file":"C:\\Workflow\\projects\\git\\templates\\node-express-typescript-api\\node_modules\\ts-node\\src\\index.ts","function":"Module.m._compile","line":1056,"method":"_compile","native":false},{"column":10,"file":"internal/modules/cjs/loader.js","function":"Module._extensions..js","line":1157,"method":".js","native":false},{"column":12,"file":"C:\\Workflow\\projects\\git\\templates\\node-express-typescript-api\\node_modules\\ts-node\\src\\index.ts","function":"Object.require.extensions.<computed> [as .ts]","line":1059,"method":"ts]","native":false},{"column":32,"file":"internal/modules/cjs/loader.js","function":"Module.load","line":985,"method":"load","native":false},{"column":14,"file":"internal/modules/cjs/loader.js","function":"Module._load","line":878,"method":"_load","native":false},{"column":19,"file":"internal/modules/cjs/loader.js","function":"Module.require","line":1025,"method":"require","native":false}],"timestamp":"2020-12-12 17:25:05"}
{"message":"IP address: ::1, user: - | HTTP/1.1 GET /logs/2020-12-12 responded with 200 - 7.28 ms - Mozilla/5.0 (Windows NT 10.0; Win64; x64) AppleWebKit/537.36 (KHTML, like Gecko) Chrome/87.0.4280.88 Safari/537.36\n","level":"info","timestamp":"2020-12-12 17:25:14"}
{"error":{"diagnosticText":"\u001b[96msrc/routes/logs/logs.ts\u001b[0m:\u001b[93m2\u001b[0m:\u001b[93m1\u001b[0m - \u001b[91merror\u001b[0m\u001b[90m TS6133: \u001b[0m'createReadStream' is declared but its value is never read.\r\n\r\n\u001b[30;47m2\u001b[0m import { createReadStream } from 'fs';\r\n\u001b[30;47m \u001b[0m \u001b[91m~~~~~~~~~~~~~~~~~~~~~~~~~~~~~~~~~~~~~~\u001b[0m\r\n\u001b[96msrc/routes/logs/logs.ts\u001b[0m:\u001b[93m3\u001b[0m:\u001b[93m1\u001b[0m - \u001b[91merror\u001b[0m\u001b[90m TS6133: \u001b[0m'join' is declared but its value is never read.\r\n\r\n\u001b[30;47m3\u001b[0m import { join } from 'path';\r\n\u001b[30;47m \u001b[0m \u001b[91m~~~~~~~~~~~~~~~~~~~~~~~~~~~~\u001b[0m\r\n\u001b[96msrc/routes/logs/logs.ts\u001b[0m:\u001b[93m4\u001b[0m:\u001b[93m1\u001b[0m - \u001b[91merror\u001b[0m\u001b[90m TS6133: \u001b[0m'stdout' is declared but its value is never read.\r\n\r\n\u001b[30;47m4\u001b[0m import { stdout } from 'process';\r\n\u001b[30;47m \u001b[0m \u001b[91m~~~~~~~~~~~~~~~~~~~~~~~~~~~~~~~~~\u001b[0m\r\n\u001b[96msrc/routes/logs/logs.ts\u001b[0m:\u001b[93m5\u001b[0m:\u001b[93m1\u001b[0m - \u001b[91merror\u001b[0m\u001b[90m TS6133: \u001b[0m'createInterface' is declared but its value is never read.\r\n\r\n\u001b[30;47m5\u001b[0m import { createInterface } from 'readline';\r\n\u001b[30;47m \u001b[0m \u001b[91m~~~~~~~~~~~~~~~~~~~~~~~~~~~~~~~~~~~~~~~~~~~\u001b[0m\r\n\u001b[96msrc/routes/logs/logs.ts\u001b[0m:\u001b[93m12\u001b[0m:\u001b[93m9\u001b[0m - \u001b[91merror\u001b[0m\u001b[90m TS2304: \u001b[0mCannot find name 'readLineAsync'.\r\n\r\n\u001b[30;47m12\u001b[0m   await readLineAsync(today, (line) => logs.push(JSON.parse(line)));\r\n\u001b[30;47m  \u001b[0m \u001b[91m        ~~~~~~~~~~~~~\u001b[0m\r\n\u001b[96msrc/routes/logs/logs.ts\u001b[0m:\u001b[93m12\u001b[0m:\u001b[93m31\u001b[0m - \u001b[91merror\u001b[0m\u001b[90m TS7006: \u001b[0mParameter 'line' implicitly has an 'any' type.\r\n\r\n\u001b[30;47m12\u001b[0m   await readLineAsync(today, (line) => logs.push(JSON.parse(line)));\r\n\u001b[30;47m  \u001b[0m \u001b[91m                              ~~~~\u001b[0m\r\n\u001b[96msrc/routes/logs/logs.ts\u001b[0m:\u001b[93m23\u001b[0m:\u001b[93m11\u001b[0m - \u001b[91merror\u001b[0m\u001b[90m TS2304: \u001b[0mCannot find name 'readLineAsync'.\r\n\r\n\u001b[30;47m23\u001b[0m     await readLineAsync(req.params.day, (line) => logs.push(JSON.parse(line)));\r\n\u001b[30;47m  \u001b[0m \u001b[91m          ~~~~~~~~~~~~~\u001b[0m\r\n\u001b[96msrc/routes/logs/logs.ts\u001b[0m:\u001b[93m23\u001b[0m:\u001b[93m42\u001b[0m - \u001b[91merror\u001b[0m\u001b[90m TS7006: \u001b[0mParameter 'line' implicitly has an 'any' type.\r\n\r\n\u001b[30;47m23\u001b[0m     await readLineAsync(req.params.day, (line) => logs.push(JSON.parse(line)));\r\n\u001b[30;47m  \u001b[0m \u001b[91m                                         ~~~~\u001b[0m\r\n\r\n","diagnosticCodes":[6133,6133,6133,6133,2304,7006,2304,7006]},"level":"error","message":"uncaughtException: ⨯ Unable to compile TypeScript:\n\u001b[96msrc/routes/logs/logs.ts\u001b[0m:\u001b[93m2\u001b[0m:\u001b[93m1\u001b[0m - \u001b[91merror\u001b[0m\u001b[90m TS6133: \u001b[0m'createReadStream' is declared but its value is never read.\r\n\r\n\u001b[30;47m2\u001b[0m import { createReadStream } from 'fs';\r\n\u001b[30;47m \u001b[0m \u001b[91m~~~~~~~~~~~~~~~~~~~~~~~~~~~~~~~~~~~~~~\u001b[0m\r\n\u001b[96msrc/routes/logs/logs.ts\u001b[0m:\u001b[93m3\u001b[0m:\u001b[93m1\u001b[0m - \u001b[91merror\u001b[0m\u001b[90m TS6133: \u001b[0m'join' is declared but its value is never read.\r\n\r\n\u001b[30;47m3\u001b[0m import { join } from 'path';\r\n\u001b[30;47m \u001b[0m \u001b[91m~~~~~~~~~~~~~~~~~~~~~~~~~~~~\u001b[0m\r\n\u001b[96msrc/routes/logs/logs.ts\u001b[0m:\u001b[93m4\u001b[0m:\u001b[93m1\u001b[0m - \u001b[91merror\u001b[0m\u001b[90m TS6133: \u001b[0m'stdout' is declared but its value is never read.\r\n\r\n\u001b[30;47m4\u001b[0m import { stdout } from 'process';\r\n\u001b[30;47m \u001b[0m \u001b[91m~~~~~~~~~~~~~~~~~~~~~~~~~~~~~~~~~\u001b[0m\r\n\u001b[96msrc/routes/logs/logs.ts\u001b[0m:\u001b[93m5\u001b[0m:\u001b[93m1\u001b[0m - \u001b[91merror\u001b[0m\u001b[90m TS6133: \u001b[0m'createInterface' is declared but its value is never read.\r\n\r\n\u001b[30;47m5\u001b[0m import { createInterface } from 'readline';\r\n\u001b[30;47m \u001b[0m \u001b[91m~~~~~~~~~~~~~~~~~~~~~~~~~~~~~~~~~~~~~~~~~~~\u001b[0m\r\n\u001b[96msrc/routes/logs/logs.ts\u001b[0m:\u001b[93m12\u001b[0m:\u001b[93m9\u001b[0m - \u001b[91merror\u001b[0m\u001b[90m TS2304: \u001b[0mCannot find name 'readLineAsync'.\r\n\r\n\u001b[30;47m12\u001b[0m   await readLineAsync(today, (line) => logs.push(JSON.parse(line)));\r\n\u001b[30;47m  \u001b[0m \u001b[91m        ~~~~~~~~~~~~~\u001b[0m\r\n\u001b[96msrc/routes/logs/logs.ts\u001b[0m:\u001b[93m12\u001b[0m:\u001b[93m31\u001b[0m - \u001b[91merror\u001b[0m\u001b[90m TS7006: \u001b[0mParameter 'line' implicitly has an 'any' type.\r\n\r\n\u001b[30;47m12\u001b[0m   await readLineAsync(today, (line) => logs.push(JSON.parse(line)));\r\n\u001b[30;47m  \u001b[0m \u001b[91m                              ~~~~\u001b[0m\r\n\u001b[96msrc/routes/logs/logs.ts\u001b[0m:\u001b[93m23\u001b[0m:\u001b[93m11\u001b[0m - \u001b[91merror\u001b[0m\u001b[90m TS2304: \u001b[0mCannot find name 'readLineAsync'.\r\n\r\n\u001b[30;47m23\u001b[0m     await readLineAsync(req.params.day, (line) => logs.push(JSON.parse(line)));\r\n\u001b[30;47m  \u001b[0m \u001b[91m          ~~~~~~~~~~~~~\u001b[0m\r\n\u001b[96msrc/routes/logs/logs.ts\u001b[0m:\u001b[93m23\u001b[0m:\u001b[93m42\u001b[0m - \u001b[91merror\u001b[0m\u001b[90m TS7006: \u001b[0mParameter 'line' implicitly has an 'any' type.\r\n\r\n\u001b[30;47m23\u001b[0m     await readLineAsync(req.params.day, (line) => logs.push(JSON.parse(line)));\r\n\u001b[30;47m  \u001b[0m \u001b[91m                                         ~~~~\u001b[0m\r\n\r\n\nTSError: ⨯ Unable to compile TypeScript:\n\u001b[96msrc/routes/logs/logs.ts\u001b[0m:\u001b[93m2\u001b[0m:\u001b[93m1\u001b[0m - \u001b[91merror\u001b[0m\u001b[90m TS6133: \u001b[0m'createReadStream' is declared but its value is never read.\r\n\r\n\u001b[30;47m2\u001b[0m import { createReadStream } from 'fs';\r\n\u001b[30;47m \u001b[0m \u001b[91m~~~~~~~~~~~~~~~~~~~~~~~~~~~~~~~~~~~~~~\u001b[0m\r\n\u001b[96msrc/routes/logs/logs.ts\u001b[0m:\u001b[93m3\u001b[0m:\u001b[93m1\u001b[0m - \u001b[91merror\u001b[0m\u001b[90m TS6133: \u001b[0m'join' is declared but its value is never read.\r\n\r\n\u001b[30;47m3\u001b[0m import { join } from 'path';\r\n\u001b[30;47m \u001b[0m \u001b[91m~~~~~~~~~~~~~~~~~~~~~~~~~~~~\u001b[0m\r\n\u001b[96msrc/routes/logs/logs.ts\u001b[0m:\u001b[93m4\u001b[0m:\u001b[93m1\u001b[0m - \u001b[91merror\u001b[0m\u001b[90m TS6133: \u001b[0m'stdout' is declared but its value is never read.\r\n\r\n\u001b[30;47m4\u001b[0m import { stdout } from 'process';\r\n\u001b[30;47m \u001b[0m \u001b[91m~~~~~~~~~~~~~~~~~~~~~~~~~~~~~~~~~\u001b[0m\r\n\u001b[96msrc/routes/logs/logs.ts\u001b[0m:\u001b[93m5\u001b[0m:\u001b[93m1\u001b[0m - \u001b[91merror\u001b[0m\u001b[90m TS6133: \u001b[0m'createInterface' is declared but its value is never read.\r\n\r\n\u001b[30;47m5\u001b[0m import { createInterface } from 'readline';\r\n\u001b[30;47m \u001b[0m \u001b[91m~~~~~~~~~~~~~~~~~~~~~~~~~~~~~~~~~~~~~~~~~~~\u001b[0m\r\n\u001b[96msrc/routes/logs/logs.ts\u001b[0m:\u001b[93m12\u001b[0m:\u001b[93m9\u001b[0m - \u001b[91merror\u001b[0m\u001b[90m TS2304: \u001b[0mCannot find name 'readLineAsync'.\r\n\r\n\u001b[30;47m12\u001b[0m   await readLineAsync(today, (line) => logs.push(JSON.parse(line)));\r\n\u001b[30;47m  \u001b[0m \u001b[91m        ~~~~~~~~~~~~~\u001b[0m\r\n\u001b[96msrc/routes/logs/logs.ts\u001b[0m:\u001b[93m12\u001b[0m:\u001b[93m31\u001b[0m - \u001b[91merror\u001b[0m\u001b[90m TS7006: \u001b[0mParameter 'line' implicitly has an 'any' type.\r\n\r\n\u001b[30;47m12\u001b[0m   await readLineAsync(today, (line) => logs.push(JSON.parse(line)));\r\n\u001b[30;47m  \u001b[0m \u001b[91m                              ~~~~\u001b[0m\r\n\u001b[96msrc/routes/logs/logs.ts\u001b[0m:\u001b[93m23\u001b[0m:\u001b[93m11\u001b[0m - \u001b[91merror\u001b[0m\u001b[90m TS2304: \u001b[0mCannot find name 'readLineAsync'.\r\n\r\n\u001b[30;47m23\u001b[0m     await readLineAsync(req.params.day, (line) => logs.push(JSON.parse(line)));\r\n\u001b[30;47m  \u001b[0m \u001b[91m          ~~~~~~~~~~~~~\u001b[0m\r\n\u001b[96msrc/routes/logs/logs.ts\u001b[0m:\u001b[93m23\u001b[0m:\u001b[93m42\u001b[0m - \u001b[91merror\u001b[0m\u001b[90m TS7006: \u001b[0mParameter 'line' implicitly has an 'any' type.\r\n\r\n\u001b[30;47m23\u001b[0m     await readLineAsync(req.params.day, (line) => logs.push(JSON.parse(line)));\r\n\u001b[30;47m  \u001b[0m \u001b[91m                                         ~~~~\u001b[0m\r\n\r\n\n    at createTSError (C:\\Workflow\\projects\\git\\templates\\node-express-typescript-api\\node_modules\\ts-node\\src\\index.ts:513:12)\n    at reportTSError (C:\\Workflow\\projects\\git\\templates\\node-express-typescript-api\\node_modules\\ts-node\\src\\index.ts:517:19)\n    at getOutput (C:\\Workflow\\projects\\git\\templates\\node-express-typescript-api\\node_modules\\ts-node\\src\\index.ts:752:36)\n    at Object.compile (C:\\Workflow\\projects\\git\\templates\\node-express-typescript-api\\node_modules\\ts-node\\src\\index.ts:968:32)\n    at Module.m._compile (C:\\Workflow\\projects\\git\\templates\\node-express-typescript-api\\node_modules\\ts-node\\src\\index.ts:1056:42)\n    at Module._extensions..js (internal/modules/cjs/loader.js:1157:10)\n    at Object.require.extensions.<computed> [as .ts] (C:\\Workflow\\projects\\git\\templates\\node-express-typescript-api\\node_modules\\ts-node\\src\\index.ts:1059:12)\n    at Module.load (internal/modules/cjs/loader.js:985:32)\n    at Function.Module._load (internal/modules/cjs/loader.js:878:14)\n    at Module.require (internal/modules/cjs/loader.js:1025:19)","stack":"TSError: ⨯ Unable to compile TypeScript:\n\u001b[96msrc/routes/logs/logs.ts\u001b[0m:\u001b[93m2\u001b[0m:\u001b[93m1\u001b[0m - \u001b[91merror\u001b[0m\u001b[90m TS6133: \u001b[0m'createReadStream' is declared but its value is never read.\r\n\r\n\u001b[30;47m2\u001b[0m import { createReadStream } from 'fs';\r\n\u001b[30;47m \u001b[0m \u001b[91m~~~~~~~~~~~~~~~~~~~~~~~~~~~~~~~~~~~~~~\u001b[0m\r\n\u001b[96msrc/routes/logs/logs.ts\u001b[0m:\u001b[93m3\u001b[0m:\u001b[93m1\u001b[0m - \u001b[91merror\u001b[0m\u001b[90m TS6133: \u001b[0m'join' is declared but its value is never read.\r\n\r\n\u001b[30;47m3\u001b[0m import { join } from 'path';\r\n\u001b[30;47m \u001b[0m \u001b[91m~~~~~~~~~~~~~~~~~~~~~~~~~~~~\u001b[0m\r\n\u001b[96msrc/routes/logs/logs.ts\u001b[0m:\u001b[93m4\u001b[0m:\u001b[93m1\u001b[0m - \u001b[91merror\u001b[0m\u001b[90m TS6133: \u001b[0m'stdout' is declared but its value is never read.\r\n\r\n\u001b[30;47m4\u001b[0m import { stdout } from 'process';\r\n\u001b[30;47m \u001b[0m \u001b[91m~~~~~~~~~~~~~~~~~~~~~~~~~~~~~~~~~\u001b[0m\r\n\u001b[96msrc/routes/logs/logs.ts\u001b[0m:\u001b[93m5\u001b[0m:\u001b[93m1\u001b[0m - \u001b[91merror\u001b[0m\u001b[90m TS6133: \u001b[0m'createInterface' is declared but its value is never read.\r\n\r\n\u001b[30;47m5\u001b[0m import { createInterface } from 'readline';\r\n\u001b[30;47m \u001b[0m \u001b[91m~~~~~~~~~~~~~~~~~~~~~~~~~~~~~~~~~~~~~~~~~~~\u001b[0m\r\n\u001b[96msrc/routes/logs/logs.ts\u001b[0m:\u001b[93m12\u001b[0m:\u001b[93m9\u001b[0m - \u001b[91merror\u001b[0m\u001b[90m TS2304: \u001b[0mCannot find name 'readLineAsync'.\r\n\r\n\u001b[30;47m12\u001b[0m   await readLineAsync(today, (line) => logs.push(JSON.parse(line)));\r\n\u001b[30;47m  \u001b[0m \u001b[91m        ~~~~~~~~~~~~~\u001b[0m\r\n\u001b[96msrc/routes/logs/logs.ts\u001b[0m:\u001b[93m12\u001b[0m:\u001b[93m31\u001b[0m - \u001b[91merror\u001b[0m\u001b[90m TS7006: \u001b[0mParameter 'line' implicitly has an 'any' type.\r\n\r\n\u001b[30;47m12\u001b[0m   await readLineAsync(today, (line) => logs.push(JSON.parse(line)));\r\n\u001b[30;47m  \u001b[0m \u001b[91m                              ~~~~\u001b[0m\r\n\u001b[96msrc/routes/logs/logs.ts\u001b[0m:\u001b[93m23\u001b[0m:\u001b[93m11\u001b[0m - \u001b[91merror\u001b[0m\u001b[90m TS2304: \u001b[0mCannot find name 'readLineAsync'.\r\n\r\n\u001b[30;47m23\u001b[0m     await readLineAsync(req.params.day, (line) => logs.push(JSON.parse(line)));\r\n\u001b[30;47m  \u001b[0m \u001b[91m          ~~~~~~~~~~~~~\u001b[0m\r\n\u001b[96msrc/routes/logs/logs.ts\u001b[0m:\u001b[93m23\u001b[0m:\u001b[93m42\u001b[0m - \u001b[91merror\u001b[0m\u001b[90m TS7006: \u001b[0mParameter 'line' implicitly has an 'any' type.\r\n\r\n\u001b[30;47m23\u001b[0m     await readLineAsync(req.params.day, (line) => logs.push(JSON.parse(line)));\r\n\u001b[30;47m  \u001b[0m \u001b[91m                                         ~~~~\u001b[0m\r\n\r\n\n    at createTSError (C:\\Workflow\\projects\\git\\templates\\node-express-typescript-api\\node_modules\\ts-node\\src\\index.ts:513:12)\n    at reportTSError (C:\\Workflow\\projects\\git\\templates\\node-express-typescript-api\\node_modules\\ts-node\\src\\index.ts:517:19)\n    at getOutput (C:\\Workflow\\projects\\git\\templates\\node-express-typescript-api\\node_modules\\ts-node\\src\\index.ts:752:36)\n    at Object.compile (C:\\Workflow\\projects\\git\\templates\\node-express-typescript-api\\node_modules\\ts-node\\src\\index.ts:968:32)\n    at Module.m._compile (C:\\Workflow\\projects\\git\\templates\\node-express-typescript-api\\node_modules\\ts-node\\src\\index.ts:1056:42)\n    at Module._extensions..js (internal/modules/cjs/loader.js:1157:10)\n    at Object.require.extensions.<computed> [as .ts] (C:\\Workflow\\projects\\git\\templates\\node-express-typescript-api\\node_modules\\ts-node\\src\\index.ts:1059:12)\n    at Module.load (internal/modules/cjs/loader.js:985:32)\n    at Function.Module._load (internal/modules/cjs/loader.js:878:14)\n    at Module.require (internal/modules/cjs/loader.js:1025:19)","exception":true,"date":"Sat Dec 12 2020 17:28:47 GMT+0100 (GMT+01:00)","process":{"pid":888,"uid":null,"gid":null,"cwd":"C:\\Workflow\\projects\\git\\templates\\node-express-typescript-api","execPath":"C:\\Program Files\\nodejs\\node.exe","version":"v12.18.3","argv":["C:\\Workflow\\projects\\git\\templates\\node-express-typescript-api\\node_modules\\ts-node\\dist\\bin.js","C:\\Workflow\\projects\\git\\templates\\node-express-typescript-api\\src\\index.ts"],"memoryUsage":{"rss":160645120,"heapTotal":131190784,"heapUsed":106877608,"external":2167982,"arrayBuffers":340360}},"os":{"loadavg":[0,0,0],"uptime":22570},"trace":[{"column":12,"file":"C:\\Workflow\\projects\\git\\templates\\node-express-typescript-api\\node_modules\\ts-node\\src\\index.ts","function":"createTSError","line":513,"method":null,"native":false},{"column":19,"file":"C:\\Workflow\\projects\\git\\templates\\node-express-typescript-api\\node_modules\\ts-node\\src\\index.ts","function":"reportTSError","line":517,"method":null,"native":false},{"column":36,"file":"C:\\Workflow\\projects\\git\\templates\\node-express-typescript-api\\node_modules\\ts-node\\src\\index.ts","function":"getOutput","line":752,"method":null,"native":false},{"column":32,"file":"C:\\Workflow\\projects\\git\\templates\\node-express-typescript-api\\node_modules\\ts-node\\src\\index.ts","function":"Object.compile","line":968,"method":"compile","native":false},{"column":42,"file":"C:\\Workflow\\projects\\git\\templates\\node-express-typescript-api\\node_modules\\ts-node\\src\\index.ts","function":"Module.m._compile","line":1056,"method":"_compile","native":false},{"column":10,"file":"internal/modules/cjs/loader.js","function":"Module._extensions..js","line":1157,"method":".js","native":false},{"column":12,"file":"C:\\Workflow\\projects\\git\\templates\\node-express-typescript-api\\node_modules\\ts-node\\src\\index.ts","function":"Object.require.extensions.<computed> [as .ts]","line":1059,"method":"ts]","native":false},{"column":32,"file":"internal/modules/cjs/loader.js","function":"Module.load","line":985,"method":"load","native":false},{"column":14,"file":"internal/modules/cjs/loader.js","function":"Module._load","line":878,"method":"_load","native":false},{"column":19,"file":"internal/modules/cjs/loader.js","function":"Module.require","line":1025,"method":"require","native":false}],"timestamp":"2020-12-12 17:28:47"}
{"error":{"diagnosticText":"\u001b[96msrc/routes/logs/logs.ts\u001b[0m:\u001b[93m2\u001b[0m:\u001b[93m1\u001b[0m - \u001b[91merror\u001b[0m\u001b[90m TS6133: \u001b[0m'createReadStream' is declared but its value is never read.\r\n\r\n\u001b[30;47m2\u001b[0m import { createReadStream } from 'fs';\r\n\u001b[30;47m \u001b[0m \u001b[91m~~~~~~~~~~~~~~~~~~~~~~~~~~~~~~~~~~~~~~\u001b[0m\r\n\u001b[96msrc/routes/logs/logs.ts\u001b[0m:\u001b[93m3\u001b[0m:\u001b[93m1\u001b[0m - \u001b[91merror\u001b[0m\u001b[90m TS6133: \u001b[0m'join' is declared but its value is never read.\r\n\r\n\u001b[30;47m3\u001b[0m import { join } from 'path';\r\n\u001b[30;47m \u001b[0m \u001b[91m~~~~~~~~~~~~~~~~~~~~~~~~~~~~\u001b[0m\r\n\u001b[96msrc/routes/logs/logs.ts\u001b[0m:\u001b[93m4\u001b[0m:\u001b[93m1\u001b[0m - \u001b[91merror\u001b[0m\u001b[90m TS6133: \u001b[0m'stdout' is declared but its value is never read.\r\n\r\n\u001b[30;47m4\u001b[0m import { stdout } from 'process';\r\n\u001b[30;47m \u001b[0m \u001b[91m~~~~~~~~~~~~~~~~~~~~~~~~~~~~~~~~~\u001b[0m\r\n\u001b[96msrc/routes/logs/logs.ts\u001b[0m:\u001b[93m5\u001b[0m:\u001b[93m1\u001b[0m - \u001b[91merror\u001b[0m\u001b[90m TS6133: \u001b[0m'createInterface' is declared but its value is never read.\r\n\r\n\u001b[30;47m5\u001b[0m import { createInterface } from 'readline';\r\n\u001b[30;47m \u001b[0m \u001b[91m~~~~~~~~~~~~~~~~~~~~~~~~~~~~~~~~~~~~~~~~~~~\u001b[0m\r\n\u001b[96msrc/routes/logs/logs.ts\u001b[0m:\u001b[93m12\u001b[0m:\u001b[93m9\u001b[0m - \u001b[91merror\u001b[0m\u001b[90m TS2304: \u001b[0mCannot find name 'readLineAsync'.\r\n\r\n\u001b[30;47m12\u001b[0m   await readLineAsync(today, (line) => logs.push(JSON.parse(line)));\r\n\u001b[30;47m  \u001b[0m \u001b[91m        ~~~~~~~~~~~~~\u001b[0m\r\n\u001b[96msrc/routes/logs/logs.ts\u001b[0m:\u001b[93m12\u001b[0m:\u001b[93m31\u001b[0m - \u001b[91merror\u001b[0m\u001b[90m TS7006: \u001b[0mParameter 'line' implicitly has an 'any' type.\r\n\r\n\u001b[30;47m12\u001b[0m   await readLineAsync(today, (line) => logs.push(JSON.parse(line)));\r\n\u001b[30;47m  \u001b[0m \u001b[91m                              ~~~~\u001b[0m\r\n\u001b[96msrc/routes/logs/logs.ts\u001b[0m:\u001b[93m23\u001b[0m:\u001b[93m11\u001b[0m - \u001b[91merror\u001b[0m\u001b[90m TS2304: \u001b[0mCannot find name 'readLineAsync'.\r\n\r\n\u001b[30;47m23\u001b[0m     await readLineAsync(req.params.day, (line) => logs.push(JSON.parse(line)));\r\n\u001b[30;47m  \u001b[0m \u001b[91m          ~~~~~~~~~~~~~\u001b[0m\r\n\u001b[96msrc/routes/logs/logs.ts\u001b[0m:\u001b[93m23\u001b[0m:\u001b[93m42\u001b[0m - \u001b[91merror\u001b[0m\u001b[90m TS7006: \u001b[0mParameter 'line' implicitly has an 'any' type.\r\n\r\n\u001b[30;47m23\u001b[0m     await readLineAsync(req.params.day, (line) => logs.push(JSON.parse(line)));\r\n\u001b[30;47m  \u001b[0m \u001b[91m                                         ~~~~\u001b[0m\r\n\r\n","diagnosticCodes":[6133,6133,6133,6133,2304,7006,2304,7006]},"level":"error","message":"uncaughtException: ⨯ Unable to compile TypeScript:\n\u001b[96msrc/routes/logs/logs.ts\u001b[0m:\u001b[93m2\u001b[0m:\u001b[93m1\u001b[0m - \u001b[91merror\u001b[0m\u001b[90m TS6133: \u001b[0m'createReadStream' is declared but its value is never read.\r\n\r\n\u001b[30;47m2\u001b[0m import { createReadStream } from 'fs';\r\n\u001b[30;47m \u001b[0m \u001b[91m~~~~~~~~~~~~~~~~~~~~~~~~~~~~~~~~~~~~~~\u001b[0m\r\n\u001b[96msrc/routes/logs/logs.ts\u001b[0m:\u001b[93m3\u001b[0m:\u001b[93m1\u001b[0m - \u001b[91merror\u001b[0m\u001b[90m TS6133: \u001b[0m'join' is declared but its value is never read.\r\n\r\n\u001b[30;47m3\u001b[0m import { join } from 'path';\r\n\u001b[30;47m \u001b[0m \u001b[91m~~~~~~~~~~~~~~~~~~~~~~~~~~~~\u001b[0m\r\n\u001b[96msrc/routes/logs/logs.ts\u001b[0m:\u001b[93m4\u001b[0m:\u001b[93m1\u001b[0m - \u001b[91merror\u001b[0m\u001b[90m TS6133: \u001b[0m'stdout' is declared but its value is never read.\r\n\r\n\u001b[30;47m4\u001b[0m import { stdout } from 'process';\r\n\u001b[30;47m \u001b[0m \u001b[91m~~~~~~~~~~~~~~~~~~~~~~~~~~~~~~~~~\u001b[0m\r\n\u001b[96msrc/routes/logs/logs.ts\u001b[0m:\u001b[93m5\u001b[0m:\u001b[93m1\u001b[0m - \u001b[91merror\u001b[0m\u001b[90m TS6133: \u001b[0m'createInterface' is declared but its value is never read.\r\n\r\n\u001b[30;47m5\u001b[0m import { createInterface } from 'readline';\r\n\u001b[30;47m \u001b[0m \u001b[91m~~~~~~~~~~~~~~~~~~~~~~~~~~~~~~~~~~~~~~~~~~~\u001b[0m\r\n\u001b[96msrc/routes/logs/logs.ts\u001b[0m:\u001b[93m12\u001b[0m:\u001b[93m9\u001b[0m - \u001b[91merror\u001b[0m\u001b[90m TS2304: \u001b[0mCannot find name 'readLineAsync'.\r\n\r\n\u001b[30;47m12\u001b[0m   await readLineAsync(today, (line) => logs.push(JSON.parse(line)));\r\n\u001b[30;47m  \u001b[0m \u001b[91m        ~~~~~~~~~~~~~\u001b[0m\r\n\u001b[96msrc/routes/logs/logs.ts\u001b[0m:\u001b[93m12\u001b[0m:\u001b[93m31\u001b[0m - \u001b[91merror\u001b[0m\u001b[90m TS7006: \u001b[0mParameter 'line' implicitly has an 'any' type.\r\n\r\n\u001b[30;47m12\u001b[0m   await readLineAsync(today, (line) => logs.push(JSON.parse(line)));\r\n\u001b[30;47m  \u001b[0m \u001b[91m                              ~~~~\u001b[0m\r\n\u001b[96msrc/routes/logs/logs.ts\u001b[0m:\u001b[93m23\u001b[0m:\u001b[93m11\u001b[0m - \u001b[91merror\u001b[0m\u001b[90m TS2304: \u001b[0mCannot find name 'readLineAsync'.\r\n\r\n\u001b[30;47m23\u001b[0m     await readLineAsync(req.params.day, (line) => logs.push(JSON.parse(line)));\r\n\u001b[30;47m  \u001b[0m \u001b[91m          ~~~~~~~~~~~~~\u001b[0m\r\n\u001b[96msrc/routes/logs/logs.ts\u001b[0m:\u001b[93m23\u001b[0m:\u001b[93m42\u001b[0m - \u001b[91merror\u001b[0m\u001b[90m TS7006: \u001b[0mParameter 'line' implicitly has an 'any' type.\r\n\r\n\u001b[30;47m23\u001b[0m     await readLineAsync(req.params.day, (line) => logs.push(JSON.parse(line)));\r\n\u001b[30;47m  \u001b[0m \u001b[91m                                         ~~~~\u001b[0m\r\n\r\n\nTSError: ⨯ Unable to compile TypeScript:\n\u001b[96msrc/routes/logs/logs.ts\u001b[0m:\u001b[93m2\u001b[0m:\u001b[93m1\u001b[0m - \u001b[91merror\u001b[0m\u001b[90m TS6133: \u001b[0m'createReadStream' is declared but its value is never read.\r\n\r\n\u001b[30;47m2\u001b[0m import { createReadStream } from 'fs';\r\n\u001b[30;47m \u001b[0m \u001b[91m~~~~~~~~~~~~~~~~~~~~~~~~~~~~~~~~~~~~~~\u001b[0m\r\n\u001b[96msrc/routes/logs/logs.ts\u001b[0m:\u001b[93m3\u001b[0m:\u001b[93m1\u001b[0m - \u001b[91merror\u001b[0m\u001b[90m TS6133: \u001b[0m'join' is declared but its value is never read.\r\n\r\n\u001b[30;47m3\u001b[0m import { join } from 'path';\r\n\u001b[30;47m \u001b[0m \u001b[91m~~~~~~~~~~~~~~~~~~~~~~~~~~~~\u001b[0m\r\n\u001b[96msrc/routes/logs/logs.ts\u001b[0m:\u001b[93m4\u001b[0m:\u001b[93m1\u001b[0m - \u001b[91merror\u001b[0m\u001b[90m TS6133: \u001b[0m'stdout' is declared but its value is never read.\r\n\r\n\u001b[30;47m4\u001b[0m import { stdout } from 'process';\r\n\u001b[30;47m \u001b[0m \u001b[91m~~~~~~~~~~~~~~~~~~~~~~~~~~~~~~~~~\u001b[0m\r\n\u001b[96msrc/routes/logs/logs.ts\u001b[0m:\u001b[93m5\u001b[0m:\u001b[93m1\u001b[0m - \u001b[91merror\u001b[0m\u001b[90m TS6133: \u001b[0m'createInterface' is declared but its value is never read.\r\n\r\n\u001b[30;47m5\u001b[0m import { createInterface } from 'readline';\r\n\u001b[30;47m \u001b[0m \u001b[91m~~~~~~~~~~~~~~~~~~~~~~~~~~~~~~~~~~~~~~~~~~~\u001b[0m\r\n\u001b[96msrc/routes/logs/logs.ts\u001b[0m:\u001b[93m12\u001b[0m:\u001b[93m9\u001b[0m - \u001b[91merror\u001b[0m\u001b[90m TS2304: \u001b[0mCannot find name 'readLineAsync'.\r\n\r\n\u001b[30;47m12\u001b[0m   await readLineAsync(today, (line) => logs.push(JSON.parse(line)));\r\n\u001b[30;47m  \u001b[0m \u001b[91m        ~~~~~~~~~~~~~\u001b[0m\r\n\u001b[96msrc/routes/logs/logs.ts\u001b[0m:\u001b[93m12\u001b[0m:\u001b[93m31\u001b[0m - \u001b[91merror\u001b[0m\u001b[90m TS7006: \u001b[0mParameter 'line' implicitly has an 'any' type.\r\n\r\n\u001b[30;47m12\u001b[0m   await readLineAsync(today, (line) => logs.push(JSON.parse(line)));\r\n\u001b[30;47m  \u001b[0m \u001b[91m                              ~~~~\u001b[0m\r\n\u001b[96msrc/routes/logs/logs.ts\u001b[0m:\u001b[93m23\u001b[0m:\u001b[93m11\u001b[0m - \u001b[91merror\u001b[0m\u001b[90m TS2304: \u001b[0mCannot find name 'readLineAsync'.\r\n\r\n\u001b[30;47m23\u001b[0m     await readLineAsync(req.params.day, (line) => logs.push(JSON.parse(line)));\r\n\u001b[30;47m  \u001b[0m \u001b[91m          ~~~~~~~~~~~~~\u001b[0m\r\n\u001b[96msrc/routes/logs/logs.ts\u001b[0m:\u001b[93m23\u001b[0m:\u001b[93m42\u001b[0m - \u001b[91merror\u001b[0m\u001b[90m TS7006: \u001b[0mParameter 'line' implicitly has an 'any' type.\r\n\r\n\u001b[30;47m23\u001b[0m     await readLineAsync(req.params.day, (line) => logs.push(JSON.parse(line)));\r\n\u001b[30;47m  \u001b[0m \u001b[91m                                         ~~~~\u001b[0m\r\n\r\n\n    at createTSError (C:\\Workflow\\projects\\git\\templates\\node-express-typescript-api\\node_modules\\ts-node\\src\\index.ts:513:12)\n    at reportTSError (C:\\Workflow\\projects\\git\\templates\\node-express-typescript-api\\node_modules\\ts-node\\src\\index.ts:517:19)\n    at getOutput (C:\\Workflow\\projects\\git\\templates\\node-express-typescript-api\\node_modules\\ts-node\\src\\index.ts:752:36)\n    at Object.compile (C:\\Workflow\\projects\\git\\templates\\node-express-typescript-api\\node_modules\\ts-node\\src\\index.ts:968:32)\n    at Module.m._compile (C:\\Workflow\\projects\\git\\templates\\node-express-typescript-api\\node_modules\\ts-node\\src\\index.ts:1056:42)\n    at Module._extensions..js (internal/modules/cjs/loader.js:1157:10)\n    at Object.require.extensions.<computed> [as .ts] (C:\\Workflow\\projects\\git\\templates\\node-express-typescript-api\\node_modules\\ts-node\\src\\index.ts:1059:12)\n    at Module.load (internal/modules/cjs/loader.js:985:32)\n    at Function.Module._load (internal/modules/cjs/loader.js:878:14)\n    at Module.require (internal/modules/cjs/loader.js:1025:19)","stack":"TSError: ⨯ Unable to compile TypeScript:\n\u001b[96msrc/routes/logs/logs.ts\u001b[0m:\u001b[93m2\u001b[0m:\u001b[93m1\u001b[0m - \u001b[91merror\u001b[0m\u001b[90m TS6133: \u001b[0m'createReadStream' is declared but its value is never read.\r\n\r\n\u001b[30;47m2\u001b[0m import { createReadStream } from 'fs';\r\n\u001b[30;47m \u001b[0m \u001b[91m~~~~~~~~~~~~~~~~~~~~~~~~~~~~~~~~~~~~~~\u001b[0m\r\n\u001b[96msrc/routes/logs/logs.ts\u001b[0m:\u001b[93m3\u001b[0m:\u001b[93m1\u001b[0m - \u001b[91merror\u001b[0m\u001b[90m TS6133: \u001b[0m'join' is declared but its value is never read.\r\n\r\n\u001b[30;47m3\u001b[0m import { join } from 'path';\r\n\u001b[30;47m \u001b[0m \u001b[91m~~~~~~~~~~~~~~~~~~~~~~~~~~~~\u001b[0m\r\n\u001b[96msrc/routes/logs/logs.ts\u001b[0m:\u001b[93m4\u001b[0m:\u001b[93m1\u001b[0m - \u001b[91merror\u001b[0m\u001b[90m TS6133: \u001b[0m'stdout' is declared but its value is never read.\r\n\r\n\u001b[30;47m4\u001b[0m import { stdout } from 'process';\r\n\u001b[30;47m \u001b[0m \u001b[91m~~~~~~~~~~~~~~~~~~~~~~~~~~~~~~~~~\u001b[0m\r\n\u001b[96msrc/routes/logs/logs.ts\u001b[0m:\u001b[93m5\u001b[0m:\u001b[93m1\u001b[0m - \u001b[91merror\u001b[0m\u001b[90m TS6133: \u001b[0m'createInterface' is declared but its value is never read.\r\n\r\n\u001b[30;47m5\u001b[0m import { createInterface } from 'readline';\r\n\u001b[30;47m \u001b[0m \u001b[91m~~~~~~~~~~~~~~~~~~~~~~~~~~~~~~~~~~~~~~~~~~~\u001b[0m\r\n\u001b[96msrc/routes/logs/logs.ts\u001b[0m:\u001b[93m12\u001b[0m:\u001b[93m9\u001b[0m - \u001b[91merror\u001b[0m\u001b[90m TS2304: \u001b[0mCannot find name 'readLineAsync'.\r\n\r\n\u001b[30;47m12\u001b[0m   await readLineAsync(today, (line) => logs.push(JSON.parse(line)));\r\n\u001b[30;47m  \u001b[0m \u001b[91m        ~~~~~~~~~~~~~\u001b[0m\r\n\u001b[96msrc/routes/logs/logs.ts\u001b[0m:\u001b[93m12\u001b[0m:\u001b[93m31\u001b[0m - \u001b[91merror\u001b[0m\u001b[90m TS7006: \u001b[0mParameter 'line' implicitly has an 'any' type.\r\n\r\n\u001b[30;47m12\u001b[0m   await readLineAsync(today, (line) => logs.push(JSON.parse(line)));\r\n\u001b[30;47m  \u001b[0m \u001b[91m                              ~~~~\u001b[0m\r\n\u001b[96msrc/routes/logs/logs.ts\u001b[0m:\u001b[93m23\u001b[0m:\u001b[93m11\u001b[0m - \u001b[91merror\u001b[0m\u001b[90m TS2304: \u001b[0mCannot find name 'readLineAsync'.\r\n\r\n\u001b[30;47m23\u001b[0m     await readLineAsync(req.params.day, (line) => logs.push(JSON.parse(line)));\r\n\u001b[30;47m  \u001b[0m \u001b[91m          ~~~~~~~~~~~~~\u001b[0m\r\n\u001b[96msrc/routes/logs/logs.ts\u001b[0m:\u001b[93m23\u001b[0m:\u001b[93m42\u001b[0m - \u001b[91merror\u001b[0m\u001b[90m TS7006: \u001b[0mParameter 'line' implicitly has an 'any' type.\r\n\r\n\u001b[30;47m23\u001b[0m     await readLineAsync(req.params.day, (line) => logs.push(JSON.parse(line)));\r\n\u001b[30;47m  \u001b[0m \u001b[91m                                         ~~~~\u001b[0m\r\n\r\n\n    at createTSError (C:\\Workflow\\projects\\git\\templates\\node-express-typescript-api\\node_modules\\ts-node\\src\\index.ts:513:12)\n    at reportTSError (C:\\Workflow\\projects\\git\\templates\\node-express-typescript-api\\node_modules\\ts-node\\src\\index.ts:517:19)\n    at getOutput (C:\\Workflow\\projects\\git\\templates\\node-express-typescript-api\\node_modules\\ts-node\\src\\index.ts:752:36)\n    at Object.compile (C:\\Workflow\\projects\\git\\templates\\node-express-typescript-api\\node_modules\\ts-node\\src\\index.ts:968:32)\n    at Module.m._compile (C:\\Workflow\\projects\\git\\templates\\node-express-typescript-api\\node_modules\\ts-node\\src\\index.ts:1056:42)\n    at Module._extensions..js (internal/modules/cjs/loader.js:1157:10)\n    at Object.require.extensions.<computed> [as .ts] (C:\\Workflow\\projects\\git\\templates\\node-express-typescript-api\\node_modules\\ts-node\\src\\index.ts:1059:12)\n    at Module.load (internal/modules/cjs/loader.js:985:32)\n    at Function.Module._load (internal/modules/cjs/loader.js:878:14)\n    at Module.require (internal/modules/cjs/loader.js:1025:19)","exception":true,"date":"Sat Dec 12 2020 17:28:55 GMT+0100 (GMT+01:00)","process":{"pid":16268,"uid":null,"gid":null,"cwd":"C:\\Workflow\\projects\\git\\templates\\node-express-typescript-api","execPath":"C:\\Program Files\\nodejs\\node.exe","version":"v12.18.3","argv":["C:\\Workflow\\projects\\git\\templates\\node-express-typescript-api\\node_modules\\ts-node\\dist\\bin.js","C:\\Workflow\\projects\\git\\templates\\node-express-typescript-api\\src\\index.ts"],"memoryUsage":{"rss":157474816,"heapTotal":130928640,"heapUsed":107326136,"external":2197641,"arrayBuffers":370019}},"os":{"loadavg":[0,0,0],"uptime":22579},"trace":[{"column":12,"file":"C:\\Workflow\\projects\\git\\templates\\node-express-typescript-api\\node_modules\\ts-node\\src\\index.ts","function":"createTSError","line":513,"method":null,"native":false},{"column":19,"file":"C:\\Workflow\\projects\\git\\templates\\node-express-typescript-api\\node_modules\\ts-node\\src\\index.ts","function":"reportTSError","line":517,"method":null,"native":false},{"column":36,"file":"C:\\Workflow\\projects\\git\\templates\\node-express-typescript-api\\node_modules\\ts-node\\src\\index.ts","function":"getOutput","line":752,"method":null,"native":false},{"column":32,"file":"C:\\Workflow\\projects\\git\\templates\\node-express-typescript-api\\node_modules\\ts-node\\src\\index.ts","function":"Object.compile","line":968,"method":"compile","native":false},{"column":42,"file":"C:\\Workflow\\projects\\git\\templates\\node-express-typescript-api\\node_modules\\ts-node\\src\\index.ts","function":"Module.m._compile","line":1056,"method":"_compile","native":false},{"column":10,"file":"internal/modules/cjs/loader.js","function":"Module._extensions..js","line":1157,"method":".js","native":false},{"column":12,"file":"C:\\Workflow\\projects\\git\\templates\\node-express-typescript-api\\node_modules\\ts-node\\src\\index.ts","function":"Object.require.extensions.<computed> [as .ts]","line":1059,"method":"ts]","native":false},{"column":32,"file":"internal/modules/cjs/loader.js","function":"Module.load","line":985,"method":"load","native":false},{"column":14,"file":"internal/modules/cjs/loader.js","function":"Module._load","line":878,"method":"_load","native":false},{"column":19,"file":"internal/modules/cjs/loader.js","function":"Module.require","line":1025,"method":"require","native":false}],"timestamp":"2020-12-12 17:28:55"}
{"error":{"diagnosticText":"\u001b[96msrc/routes/logs/logs.ts\u001b[0m:\u001b[93m2\u001b[0m:\u001b[93m1\u001b[0m - \u001b[91merror\u001b[0m\u001b[90m TS6133: \u001b[0m'createReadStream' is declared but its value is never read.\r\n\r\n\u001b[30;47m2\u001b[0m import { createReadStream } from 'fs';\r\n\u001b[30;47m \u001b[0m \u001b[91m~~~~~~~~~~~~~~~~~~~~~~~~~~~~~~~~~~~~~~\u001b[0m\r\n\u001b[96msrc/routes/logs/logs.ts\u001b[0m:\u001b[93m3\u001b[0m:\u001b[93m1\u001b[0m - \u001b[91merror\u001b[0m\u001b[90m TS6133: \u001b[0m'join' is declared but its value is never read.\r\n\r\n\u001b[30;47m3\u001b[0m import { join } from 'path';\r\n\u001b[30;47m \u001b[0m \u001b[91m~~~~~~~~~~~~~~~~~~~~~~~~~~~~\u001b[0m\r\n\u001b[96msrc/routes/logs/logs.ts\u001b[0m:\u001b[93m4\u001b[0m:\u001b[93m1\u001b[0m - \u001b[91merror\u001b[0m\u001b[90m TS6133: \u001b[0m'stdout' is declared but its value is never read.\r\n\r\n\u001b[30;47m4\u001b[0m import { stdout } from 'process';\r\n\u001b[30;47m \u001b[0m \u001b[91m~~~~~~~~~~~~~~~~~~~~~~~~~~~~~~~~~\u001b[0m\r\n\u001b[96msrc/routes/logs/logs.ts\u001b[0m:\u001b[93m5\u001b[0m:\u001b[93m1\u001b[0m - \u001b[91merror\u001b[0m\u001b[90m TS6133: \u001b[0m'createInterface' is declared but its value is never read.\r\n\r\n\u001b[30;47m5\u001b[0m import { createInterface } from 'readline';\r\n\u001b[30;47m \u001b[0m \u001b[91m~~~~~~~~~~~~~~~~~~~~~~~~~~~~~~~~~~~~~~~~~~~\u001b[0m\r\n\u001b[96msrc/routes/logs/logs.ts\u001b[0m:\u001b[93m12\u001b[0m:\u001b[93m9\u001b[0m - \u001b[91merror\u001b[0m\u001b[90m TS2304: \u001b[0mCannot find name 'readLineAsync'.\r\n\r\n\u001b[30;47m12\u001b[0m   await readLineAsync(today, (line) => logs.push(JSON.parse(line)));\r\n\u001b[30;47m  \u001b[0m \u001b[91m        ~~~~~~~~~~~~~\u001b[0m\r\n\u001b[96msrc/routes/logs/logs.ts\u001b[0m:\u001b[93m12\u001b[0m:\u001b[93m31\u001b[0m - \u001b[91merror\u001b[0m\u001b[90m TS7006: \u001b[0mParameter 'line' implicitly has an 'any' type.\r\n\r\n\u001b[30;47m12\u001b[0m   await readLineAsync(today, (line) => logs.push(JSON.parse(line)));\r\n\u001b[30;47m  \u001b[0m \u001b[91m                              ~~~~\u001b[0m\r\n\u001b[96msrc/routes/logs/logs.ts\u001b[0m:\u001b[93m23\u001b[0m:\u001b[93m11\u001b[0m - \u001b[91merror\u001b[0m\u001b[90m TS2304: \u001b[0mCannot find name 'readLineAsync'.\r\n\r\n\u001b[30;47m23\u001b[0m     await readLineAsync(req.params.day, (line) => logs.push(JSON.parse(line)));\r\n\u001b[30;47m  \u001b[0m \u001b[91m          ~~~~~~~~~~~~~\u001b[0m\r\n\u001b[96msrc/routes/logs/logs.ts\u001b[0m:\u001b[93m23\u001b[0m:\u001b[93m42\u001b[0m - \u001b[91merror\u001b[0m\u001b[90m TS7006: \u001b[0mParameter 'line' implicitly has an 'any' type.\r\n\r\n\u001b[30;47m23\u001b[0m     await readLineAsync(req.params.day, (line) => logs.push(JSON.parse(line)));\r\n\u001b[30;47m  \u001b[0m \u001b[91m                                         ~~~~\u001b[0m\r\n\r\n","diagnosticCodes":[6133,6133,6133,6133,2304,7006,2304,7006]},"level":"error","message":"uncaughtException: ⨯ Unable to compile TypeScript:\n\u001b[96msrc/routes/logs/logs.ts\u001b[0m:\u001b[93m2\u001b[0m:\u001b[93m1\u001b[0m - \u001b[91merror\u001b[0m\u001b[90m TS6133: \u001b[0m'createReadStream' is declared but its value is never read.\r\n\r\n\u001b[30;47m2\u001b[0m import { createReadStream } from 'fs';\r\n\u001b[30;47m \u001b[0m \u001b[91m~~~~~~~~~~~~~~~~~~~~~~~~~~~~~~~~~~~~~~\u001b[0m\r\n\u001b[96msrc/routes/logs/logs.ts\u001b[0m:\u001b[93m3\u001b[0m:\u001b[93m1\u001b[0m - \u001b[91merror\u001b[0m\u001b[90m TS6133: \u001b[0m'join' is declared but its value is never read.\r\n\r\n\u001b[30;47m3\u001b[0m import { join } from 'path';\r\n\u001b[30;47m \u001b[0m \u001b[91m~~~~~~~~~~~~~~~~~~~~~~~~~~~~\u001b[0m\r\n\u001b[96msrc/routes/logs/logs.ts\u001b[0m:\u001b[93m4\u001b[0m:\u001b[93m1\u001b[0m - \u001b[91merror\u001b[0m\u001b[90m TS6133: \u001b[0m'stdout' is declared but its value is never read.\r\n\r\n\u001b[30;47m4\u001b[0m import { stdout } from 'process';\r\n\u001b[30;47m \u001b[0m \u001b[91m~~~~~~~~~~~~~~~~~~~~~~~~~~~~~~~~~\u001b[0m\r\n\u001b[96msrc/routes/logs/logs.ts\u001b[0m:\u001b[93m5\u001b[0m:\u001b[93m1\u001b[0m - \u001b[91merror\u001b[0m\u001b[90m TS6133: \u001b[0m'createInterface' is declared but its value is never read.\r\n\r\n\u001b[30;47m5\u001b[0m import { createInterface } from 'readline';\r\n\u001b[30;47m \u001b[0m \u001b[91m~~~~~~~~~~~~~~~~~~~~~~~~~~~~~~~~~~~~~~~~~~~\u001b[0m\r\n\u001b[96msrc/routes/logs/logs.ts\u001b[0m:\u001b[93m12\u001b[0m:\u001b[93m9\u001b[0m - \u001b[91merror\u001b[0m\u001b[90m TS2304: \u001b[0mCannot find name 'readLineAsync'.\r\n\r\n\u001b[30;47m12\u001b[0m   await readLineAsync(today, (line) => logs.push(JSON.parse(line)));\r\n\u001b[30;47m  \u001b[0m \u001b[91m        ~~~~~~~~~~~~~\u001b[0m\r\n\u001b[96msrc/routes/logs/logs.ts\u001b[0m:\u001b[93m12\u001b[0m:\u001b[93m31\u001b[0m - \u001b[91merror\u001b[0m\u001b[90m TS7006: \u001b[0mParameter 'line' implicitly has an 'any' type.\r\n\r\n\u001b[30;47m12\u001b[0m   await readLineAsync(today, (line) => logs.push(JSON.parse(line)));\r\n\u001b[30;47m  \u001b[0m \u001b[91m                              ~~~~\u001b[0m\r\n\u001b[96msrc/routes/logs/logs.ts\u001b[0m:\u001b[93m23\u001b[0m:\u001b[93m11\u001b[0m - \u001b[91merror\u001b[0m\u001b[90m TS2304: \u001b[0mCannot find name 'readLineAsync'.\r\n\r\n\u001b[30;47m23\u001b[0m     await readLineAsync(req.params.day, (line) => logs.push(JSON.parse(line)));\r\n\u001b[30;47m  \u001b[0m \u001b[91m          ~~~~~~~~~~~~~\u001b[0m\r\n\u001b[96msrc/routes/logs/logs.ts\u001b[0m:\u001b[93m23\u001b[0m:\u001b[93m42\u001b[0m - \u001b[91merror\u001b[0m\u001b[90m TS7006: \u001b[0mParameter 'line' implicitly has an 'any' type.\r\n\r\n\u001b[30;47m23\u001b[0m     await readLineAsync(req.params.day, (line) => logs.push(JSON.parse(line)));\r\n\u001b[30;47m  \u001b[0m \u001b[91m                                         ~~~~\u001b[0m\r\n\r\n\nTSError: ⨯ Unable to compile TypeScript:\n\u001b[96msrc/routes/logs/logs.ts\u001b[0m:\u001b[93m2\u001b[0m:\u001b[93m1\u001b[0m - \u001b[91merror\u001b[0m\u001b[90m TS6133: \u001b[0m'createReadStream' is declared but its value is never read.\r\n\r\n\u001b[30;47m2\u001b[0m import { createReadStream } from 'fs';\r\n\u001b[30;47m \u001b[0m \u001b[91m~~~~~~~~~~~~~~~~~~~~~~~~~~~~~~~~~~~~~~\u001b[0m\r\n\u001b[96msrc/routes/logs/logs.ts\u001b[0m:\u001b[93m3\u001b[0m:\u001b[93m1\u001b[0m - \u001b[91merror\u001b[0m\u001b[90m TS6133: \u001b[0m'join' is declared but its value is never read.\r\n\r\n\u001b[30;47m3\u001b[0m import { join } from 'path';\r\n\u001b[30;47m \u001b[0m \u001b[91m~~~~~~~~~~~~~~~~~~~~~~~~~~~~\u001b[0m\r\n\u001b[96msrc/routes/logs/logs.ts\u001b[0m:\u001b[93m4\u001b[0m:\u001b[93m1\u001b[0m - \u001b[91merror\u001b[0m\u001b[90m TS6133: \u001b[0m'stdout' is declared but its value is never read.\r\n\r\n\u001b[30;47m4\u001b[0m import { stdout } from 'process';\r\n\u001b[30;47m \u001b[0m \u001b[91m~~~~~~~~~~~~~~~~~~~~~~~~~~~~~~~~~\u001b[0m\r\n\u001b[96msrc/routes/logs/logs.ts\u001b[0m:\u001b[93m5\u001b[0m:\u001b[93m1\u001b[0m - \u001b[91merror\u001b[0m\u001b[90m TS6133: \u001b[0m'createInterface' is declared but its value is never read.\r\n\r\n\u001b[30;47m5\u001b[0m import { createInterface } from 'readline';\r\n\u001b[30;47m \u001b[0m \u001b[91m~~~~~~~~~~~~~~~~~~~~~~~~~~~~~~~~~~~~~~~~~~~\u001b[0m\r\n\u001b[96msrc/routes/logs/logs.ts\u001b[0m:\u001b[93m12\u001b[0m:\u001b[93m9\u001b[0m - \u001b[91merror\u001b[0m\u001b[90m TS2304: \u001b[0mCannot find name 'readLineAsync'.\r\n\r\n\u001b[30;47m12\u001b[0m   await readLineAsync(today, (line) => logs.push(JSON.parse(line)));\r\n\u001b[30;47m  \u001b[0m \u001b[91m        ~~~~~~~~~~~~~\u001b[0m\r\n\u001b[96msrc/routes/logs/logs.ts\u001b[0m:\u001b[93m12\u001b[0m:\u001b[93m31\u001b[0m - \u001b[91merror\u001b[0m\u001b[90m TS7006: \u001b[0mParameter 'line' implicitly has an 'any' type.\r\n\r\n\u001b[30;47m12\u001b[0m   await readLineAsync(today, (line) => logs.push(JSON.parse(line)));\r\n\u001b[30;47m  \u001b[0m \u001b[91m                              ~~~~\u001b[0m\r\n\u001b[96msrc/routes/logs/logs.ts\u001b[0m:\u001b[93m23\u001b[0m:\u001b[93m11\u001b[0m - \u001b[91merror\u001b[0m\u001b[90m TS2304: \u001b[0mCannot find name 'readLineAsync'.\r\n\r\n\u001b[30;47m23\u001b[0m     await readLineAsync(req.params.day, (line) => logs.push(JSON.parse(line)));\r\n\u001b[30;47m  \u001b[0m \u001b[91m          ~~~~~~~~~~~~~\u001b[0m\r\n\u001b[96msrc/routes/logs/logs.ts\u001b[0m:\u001b[93m23\u001b[0m:\u001b[93m42\u001b[0m - \u001b[91merror\u001b[0m\u001b[90m TS7006: \u001b[0mParameter 'line' implicitly has an 'any' type.\r\n\r\n\u001b[30;47m23\u001b[0m     await readLineAsync(req.params.day, (line) => logs.push(JSON.parse(line)));\r\n\u001b[30;47m  \u001b[0m \u001b[91m                                         ~~~~\u001b[0m\r\n\r\n\n    at createTSError (C:\\Workflow\\projects\\git\\templates\\node-express-typescript-api\\node_modules\\ts-node\\src\\index.ts:513:12)\n    at reportTSError (C:\\Workflow\\projects\\git\\templates\\node-express-typescript-api\\node_modules\\ts-node\\src\\index.ts:517:19)\n    at getOutput (C:\\Workflow\\projects\\git\\templates\\node-express-typescript-api\\node_modules\\ts-node\\src\\index.ts:752:36)\n    at Object.compile (C:\\Workflow\\projects\\git\\templates\\node-express-typescript-api\\node_modules\\ts-node\\src\\index.ts:968:32)\n    at Module.m._compile (C:\\Workflow\\projects\\git\\templates\\node-express-typescript-api\\node_modules\\ts-node\\src\\index.ts:1056:42)\n    at Module._extensions..js (internal/modules/cjs/loader.js:1157:10)\n    at Object.require.extensions.<computed> [as .ts] (C:\\Workflow\\projects\\git\\templates\\node-express-typescript-api\\node_modules\\ts-node\\src\\index.ts:1059:12)\n    at Module.load (internal/modules/cjs/loader.js:985:32)\n    at Function.Module._load (internal/modules/cjs/loader.js:878:14)\n    at Module.require (internal/modules/cjs/loader.js:1025:19)","stack":"TSError: ⨯ Unable to compile TypeScript:\n\u001b[96msrc/routes/logs/logs.ts\u001b[0m:\u001b[93m2\u001b[0m:\u001b[93m1\u001b[0m - \u001b[91merror\u001b[0m\u001b[90m TS6133: \u001b[0m'createReadStream' is declared but its value is never read.\r\n\r\n\u001b[30;47m2\u001b[0m import { createReadStream } from 'fs';\r\n\u001b[30;47m \u001b[0m \u001b[91m~~~~~~~~~~~~~~~~~~~~~~~~~~~~~~~~~~~~~~\u001b[0m\r\n\u001b[96msrc/routes/logs/logs.ts\u001b[0m:\u001b[93m3\u001b[0m:\u001b[93m1\u001b[0m - \u001b[91merror\u001b[0m\u001b[90m TS6133: \u001b[0m'join' is declared but its value is never read.\r\n\r\n\u001b[30;47m3\u001b[0m import { join } from 'path';\r\n\u001b[30;47m \u001b[0m \u001b[91m~~~~~~~~~~~~~~~~~~~~~~~~~~~~\u001b[0m\r\n\u001b[96msrc/routes/logs/logs.ts\u001b[0m:\u001b[93m4\u001b[0m:\u001b[93m1\u001b[0m - \u001b[91merror\u001b[0m\u001b[90m TS6133: \u001b[0m'stdout' is declared but its value is never read.\r\n\r\n\u001b[30;47m4\u001b[0m import { stdout } from 'process';\r\n\u001b[30;47m \u001b[0m \u001b[91m~~~~~~~~~~~~~~~~~~~~~~~~~~~~~~~~~\u001b[0m\r\n\u001b[96msrc/routes/logs/logs.ts\u001b[0m:\u001b[93m5\u001b[0m:\u001b[93m1\u001b[0m - \u001b[91merror\u001b[0m\u001b[90m TS6133: \u001b[0m'createInterface' is declared but its value is never read.\r\n\r\n\u001b[30;47m5\u001b[0m import { createInterface } from 'readline';\r\n\u001b[30;47m \u001b[0m \u001b[91m~~~~~~~~~~~~~~~~~~~~~~~~~~~~~~~~~~~~~~~~~~~\u001b[0m\r\n\u001b[96msrc/routes/logs/logs.ts\u001b[0m:\u001b[93m12\u001b[0m:\u001b[93m9\u001b[0m - \u001b[91merror\u001b[0m\u001b[90m TS2304: \u001b[0mCannot find name 'readLineAsync'.\r\n\r\n\u001b[30;47m12\u001b[0m   await readLineAsync(today, (line) => logs.push(JSON.parse(line)));\r\n\u001b[30;47m  \u001b[0m \u001b[91m        ~~~~~~~~~~~~~\u001b[0m\r\n\u001b[96msrc/routes/logs/logs.ts\u001b[0m:\u001b[93m12\u001b[0m:\u001b[93m31\u001b[0m - \u001b[91merror\u001b[0m\u001b[90m TS7006: \u001b[0mParameter 'line' implicitly has an 'any' type.\r\n\r\n\u001b[30;47m12\u001b[0m   await readLineAsync(today, (line) => logs.push(JSON.parse(line)));\r\n\u001b[30;47m  \u001b[0m \u001b[91m                              ~~~~\u001b[0m\r\n\u001b[96msrc/routes/logs/logs.ts\u001b[0m:\u001b[93m23\u001b[0m:\u001b[93m11\u001b[0m - \u001b[91merror\u001b[0m\u001b[90m TS2304: \u001b[0mCannot find name 'readLineAsync'.\r\n\r\n\u001b[30;47m23\u001b[0m     await readLineAsync(req.params.day, (line) => logs.push(JSON.parse(line)));\r\n\u001b[30;47m  \u001b[0m \u001b[91m          ~~~~~~~~~~~~~\u001b[0m\r\n\u001b[96msrc/routes/logs/logs.ts\u001b[0m:\u001b[93m23\u001b[0m:\u001b[93m42\u001b[0m - \u001b[91merror\u001b[0m\u001b[90m TS7006: \u001b[0mParameter 'line' implicitly has an 'any' type.\r\n\r\n\u001b[30;47m23\u001b[0m     await readLineAsync(req.params.day, (line) => logs.push(JSON.parse(line)));\r\n\u001b[30;47m  \u001b[0m \u001b[91m                                         ~~~~\u001b[0m\r\n\r\n\n    at createTSError (C:\\Workflow\\projects\\git\\templates\\node-express-typescript-api\\node_modules\\ts-node\\src\\index.ts:513:12)\n    at reportTSError (C:\\Workflow\\projects\\git\\templates\\node-express-typescript-api\\node_modules\\ts-node\\src\\index.ts:517:19)\n    at getOutput (C:\\Workflow\\projects\\git\\templates\\node-express-typescript-api\\node_modules\\ts-node\\src\\index.ts:752:36)\n    at Object.compile (C:\\Workflow\\projects\\git\\templates\\node-express-typescript-api\\node_modules\\ts-node\\src\\index.ts:968:32)\n    at Module.m._compile (C:\\Workflow\\projects\\git\\templates\\node-express-typescript-api\\node_modules\\ts-node\\src\\index.ts:1056:42)\n    at Module._extensions..js (internal/modules/cjs/loader.js:1157:10)\n    at Object.require.extensions.<computed> [as .ts] (C:\\Workflow\\projects\\git\\templates\\node-express-typescript-api\\node_modules\\ts-node\\src\\index.ts:1059:12)\n    at Module.load (internal/modules/cjs/loader.js:985:32)\n    at Function.Module._load (internal/modules/cjs/loader.js:878:14)\n    at Module.require (internal/modules/cjs/loader.js:1025:19)","exception":true,"date":"Sat Dec 12 2020 17:28:58 GMT+0100 (GMT+01:00)","process":{"pid":15212,"uid":null,"gid":null,"cwd":"C:\\Workflow\\projects\\git\\templates\\node-express-typescript-api","execPath":"C:\\Program Files\\nodejs\\node.exe","version":"v12.18.3","argv":["C:\\Workflow\\projects\\git\\templates\\node-express-typescript-api\\node_modules\\ts-node\\dist\\bin.js","C:\\Workflow\\projects\\git\\templates\\node-express-typescript-api\\src\\index.ts"],"memoryUsage":{"rss":157364224,"heapTotal":131452928,"heapUsed":106523560,"external":2152827,"arrayBuffers":325205}},"os":{"loadavg":[0,0,0],"uptime":22582},"trace":[{"column":12,"file":"C:\\Workflow\\projects\\git\\templates\\node-express-typescript-api\\node_modules\\ts-node\\src\\index.ts","function":"createTSError","line":513,"method":null,"native":false},{"column":19,"file":"C:\\Workflow\\projects\\git\\templates\\node-express-typescript-api\\node_modules\\ts-node\\src\\index.ts","function":"reportTSError","line":517,"method":null,"native":false},{"column":36,"file":"C:\\Workflow\\projects\\git\\templates\\node-express-typescript-api\\node_modules\\ts-node\\src\\index.ts","function":"getOutput","line":752,"method":null,"native":false},{"column":32,"file":"C:\\Workflow\\projects\\git\\templates\\node-express-typescript-api\\node_modules\\ts-node\\src\\index.ts","function":"Object.compile","line":968,"method":"compile","native":false},{"column":42,"file":"C:\\Workflow\\projects\\git\\templates\\node-express-typescript-api\\node_modules\\ts-node\\src\\index.ts","function":"Module.m._compile","line":1056,"method":"_compile","native":false},{"column":10,"file":"internal/modules/cjs/loader.js","function":"Module._extensions..js","line":1157,"method":".js","native":false},{"column":12,"file":"C:\\Workflow\\projects\\git\\templates\\node-express-typescript-api\\node_modules\\ts-node\\src\\index.ts","function":"Object.require.extensions.<computed> [as .ts]","line":1059,"method":"ts]","native":false},{"column":32,"file":"internal/modules/cjs/loader.js","function":"Module.load","line":985,"method":"load","native":false},{"column":14,"file":"internal/modules/cjs/loader.js","function":"Module._load","line":878,"method":"_load","native":false},{"column":19,"file":"internal/modules/cjs/loader.js","function":"Module.require","line":1025,"method":"require","native":false}],"timestamp":"2020-12-12 17:28:58"}
{"error":{"diagnosticText":"\u001b[96msrc/routes/logs/logs.ts\u001b[0m:\u001b[93m2\u001b[0m:\u001b[93m1\u001b[0m - \u001b[91merror\u001b[0m\u001b[90m TS6133: \u001b[0m'createReadStream' is declared but its value is never read.\r\n\r\n\u001b[30;47m2\u001b[0m import { createReadStream } from 'fs';\r\n\u001b[30;47m \u001b[0m \u001b[91m~~~~~~~~~~~~~~~~~~~~~~~~~~~~~~~~~~~~~~\u001b[0m\r\n\u001b[96msrc/routes/logs/logs.ts\u001b[0m:\u001b[93m3\u001b[0m:\u001b[93m1\u001b[0m - \u001b[91merror\u001b[0m\u001b[90m TS6133: \u001b[0m'join' is declared but its value is never read.\r\n\r\n\u001b[30;47m3\u001b[0m import { join } from 'path';\r\n\u001b[30;47m \u001b[0m \u001b[91m~~~~~~~~~~~~~~~~~~~~~~~~~~~~\u001b[0m\r\n\u001b[96msrc/routes/logs/logs.ts\u001b[0m:\u001b[93m4\u001b[0m:\u001b[93m1\u001b[0m - \u001b[91merror\u001b[0m\u001b[90m TS6133: \u001b[0m'stdout' is declared but its value is never read.\r\n\r\n\u001b[30;47m4\u001b[0m import { stdout } from 'process';\r\n\u001b[30;47m \u001b[0m \u001b[91m~~~~~~~~~~~~~~~~~~~~~~~~~~~~~~~~~\u001b[0m\r\n\u001b[96msrc/routes/logs/logs.ts\u001b[0m:\u001b[93m5\u001b[0m:\u001b[93m1\u001b[0m - \u001b[91merror\u001b[0m\u001b[90m TS6133: \u001b[0m'createInterface' is declared but its value is never read.\r\n\r\n\u001b[30;47m5\u001b[0m import { createInterface } from 'readline';\r\n\u001b[30;47m \u001b[0m \u001b[91m~~~~~~~~~~~~~~~~~~~~~~~~~~~~~~~~~~~~~~~~~~~\u001b[0m\r\n\u001b[96msrc/routes/logs/logs.ts\u001b[0m:\u001b[93m12\u001b[0m:\u001b[93m9\u001b[0m - \u001b[91merror\u001b[0m\u001b[90m TS2304: \u001b[0mCannot find name 'readLineAsync'.\r\n\r\n\u001b[30;47m12\u001b[0m   await readLineAsync(today, (line) => logs.push(JSON.parse(line)));\r\n\u001b[30;47m  \u001b[0m \u001b[91m        ~~~~~~~~~~~~~\u001b[0m\r\n\u001b[96msrc/routes/logs/logs.ts\u001b[0m:\u001b[93m12\u001b[0m:\u001b[93m31\u001b[0m - \u001b[91merror\u001b[0m\u001b[90m TS7006: \u001b[0mParameter 'line' implicitly has an 'any' type.\r\n\r\n\u001b[30;47m12\u001b[0m   await readLineAsync(today, (line) => logs.push(JSON.parse(line)));\r\n\u001b[30;47m  \u001b[0m \u001b[91m                              ~~~~\u001b[0m\r\n\u001b[96msrc/routes/logs/logs.ts\u001b[0m:\u001b[93m23\u001b[0m:\u001b[93m11\u001b[0m - \u001b[91merror\u001b[0m\u001b[90m TS2304: \u001b[0mCannot find name 'readLineAsync'.\r\n\r\n\u001b[30;47m23\u001b[0m     await readLineAsync(req.params.day, (line) => logs.push(JSON.parse(line)));\r\n\u001b[30;47m  \u001b[0m \u001b[91m          ~~~~~~~~~~~~~\u001b[0m\r\n\u001b[96msrc/routes/logs/logs.ts\u001b[0m:\u001b[93m23\u001b[0m:\u001b[93m42\u001b[0m - \u001b[91merror\u001b[0m\u001b[90m TS7006: \u001b[0mParameter 'line' implicitly has an 'any' type.\r\n\r\n\u001b[30;47m23\u001b[0m     await readLineAsync(req.params.day, (line) => logs.push(JSON.parse(line)));\r\n\u001b[30;47m  \u001b[0m \u001b[91m                                         ~~~~\u001b[0m\r\n\r\n","diagnosticCodes":[6133,6133,6133,6133,2304,7006,2304,7006]},"level":"error","message":"uncaughtException: ⨯ Unable to compile TypeScript:\n\u001b[96msrc/routes/logs/logs.ts\u001b[0m:\u001b[93m2\u001b[0m:\u001b[93m1\u001b[0m - \u001b[91merror\u001b[0m\u001b[90m TS6133: \u001b[0m'createReadStream' is declared but its value is never read.\r\n\r\n\u001b[30;47m2\u001b[0m import { createReadStream } from 'fs';\r\n\u001b[30;47m \u001b[0m \u001b[91m~~~~~~~~~~~~~~~~~~~~~~~~~~~~~~~~~~~~~~\u001b[0m\r\n\u001b[96msrc/routes/logs/logs.ts\u001b[0m:\u001b[93m3\u001b[0m:\u001b[93m1\u001b[0m - \u001b[91merror\u001b[0m\u001b[90m TS6133: \u001b[0m'join' is declared but its value is never read.\r\n\r\n\u001b[30;47m3\u001b[0m import { join } from 'path';\r\n\u001b[30;47m \u001b[0m \u001b[91m~~~~~~~~~~~~~~~~~~~~~~~~~~~~\u001b[0m\r\n\u001b[96msrc/routes/logs/logs.ts\u001b[0m:\u001b[93m4\u001b[0m:\u001b[93m1\u001b[0m - \u001b[91merror\u001b[0m\u001b[90m TS6133: \u001b[0m'stdout' is declared but its value is never read.\r\n\r\n\u001b[30;47m4\u001b[0m import { stdout } from 'process';\r\n\u001b[30;47m \u001b[0m \u001b[91m~~~~~~~~~~~~~~~~~~~~~~~~~~~~~~~~~\u001b[0m\r\n\u001b[96msrc/routes/logs/logs.ts\u001b[0m:\u001b[93m5\u001b[0m:\u001b[93m1\u001b[0m - \u001b[91merror\u001b[0m\u001b[90m TS6133: \u001b[0m'createInterface' is declared but its value is never read.\r\n\r\n\u001b[30;47m5\u001b[0m import { createInterface } from 'readline';\r\n\u001b[30;47m \u001b[0m \u001b[91m~~~~~~~~~~~~~~~~~~~~~~~~~~~~~~~~~~~~~~~~~~~\u001b[0m\r\n\u001b[96msrc/routes/logs/logs.ts\u001b[0m:\u001b[93m12\u001b[0m:\u001b[93m9\u001b[0m - \u001b[91merror\u001b[0m\u001b[90m TS2304: \u001b[0mCannot find name 'readLineAsync'.\r\n\r\n\u001b[30;47m12\u001b[0m   await readLineAsync(today, (line) => logs.push(JSON.parse(line)));\r\n\u001b[30;47m  \u001b[0m \u001b[91m        ~~~~~~~~~~~~~\u001b[0m\r\n\u001b[96msrc/routes/logs/logs.ts\u001b[0m:\u001b[93m12\u001b[0m:\u001b[93m31\u001b[0m - \u001b[91merror\u001b[0m\u001b[90m TS7006: \u001b[0mParameter 'line' implicitly has an 'any' type.\r\n\r\n\u001b[30;47m12\u001b[0m   await readLineAsync(today, (line) => logs.push(JSON.parse(line)));\r\n\u001b[30;47m  \u001b[0m \u001b[91m                              ~~~~\u001b[0m\r\n\u001b[96msrc/routes/logs/logs.ts\u001b[0m:\u001b[93m23\u001b[0m:\u001b[93m11\u001b[0m - \u001b[91merror\u001b[0m\u001b[90m TS2304: \u001b[0mCannot find name 'readLineAsync'.\r\n\r\n\u001b[30;47m23\u001b[0m     await readLineAsync(req.params.day, (line) => logs.push(JSON.parse(line)));\r\n\u001b[30;47m  \u001b[0m \u001b[91m          ~~~~~~~~~~~~~\u001b[0m\r\n\u001b[96msrc/routes/logs/logs.ts\u001b[0m:\u001b[93m23\u001b[0m:\u001b[93m42\u001b[0m - \u001b[91merror\u001b[0m\u001b[90m TS7006: \u001b[0mParameter 'line' implicitly has an 'any' type.\r\n\r\n\u001b[30;47m23\u001b[0m     await readLineAsync(req.params.day, (line) => logs.push(JSON.parse(line)));\r\n\u001b[30;47m  \u001b[0m \u001b[91m                                         ~~~~\u001b[0m\r\n\r\n\nTSError: ⨯ Unable to compile TypeScript:\n\u001b[96msrc/routes/logs/logs.ts\u001b[0m:\u001b[93m2\u001b[0m:\u001b[93m1\u001b[0m - \u001b[91merror\u001b[0m\u001b[90m TS6133: \u001b[0m'createReadStream' is declared but its value is never read.\r\n\r\n\u001b[30;47m2\u001b[0m import { createReadStream } from 'fs';\r\n\u001b[30;47m \u001b[0m \u001b[91m~~~~~~~~~~~~~~~~~~~~~~~~~~~~~~~~~~~~~~\u001b[0m\r\n\u001b[96msrc/routes/logs/logs.ts\u001b[0m:\u001b[93m3\u001b[0m:\u001b[93m1\u001b[0m - \u001b[91merror\u001b[0m\u001b[90m TS6133: \u001b[0m'join' is declared but its value is never read.\r\n\r\n\u001b[30;47m3\u001b[0m import { join } from 'path';\r\n\u001b[30;47m \u001b[0m \u001b[91m~~~~~~~~~~~~~~~~~~~~~~~~~~~~\u001b[0m\r\n\u001b[96msrc/routes/logs/logs.ts\u001b[0m:\u001b[93m4\u001b[0m:\u001b[93m1\u001b[0m - \u001b[91merror\u001b[0m\u001b[90m TS6133: \u001b[0m'stdout' is declared but its value is never read.\r\n\r\n\u001b[30;47m4\u001b[0m import { stdout } from 'process';\r\n\u001b[30;47m \u001b[0m \u001b[91m~~~~~~~~~~~~~~~~~~~~~~~~~~~~~~~~~\u001b[0m\r\n\u001b[96msrc/routes/logs/logs.ts\u001b[0m:\u001b[93m5\u001b[0m:\u001b[93m1\u001b[0m - \u001b[91merror\u001b[0m\u001b[90m TS6133: \u001b[0m'createInterface' is declared but its value is never read.\r\n\r\n\u001b[30;47m5\u001b[0m import { createInterface } from 'readline';\r\n\u001b[30;47m \u001b[0m \u001b[91m~~~~~~~~~~~~~~~~~~~~~~~~~~~~~~~~~~~~~~~~~~~\u001b[0m\r\n\u001b[96msrc/routes/logs/logs.ts\u001b[0m:\u001b[93m12\u001b[0m:\u001b[93m9\u001b[0m - \u001b[91merror\u001b[0m\u001b[90m TS2304: \u001b[0mCannot find name 'readLineAsync'.\r\n\r\n\u001b[30;47m12\u001b[0m   await readLineAsync(today, (line) => logs.push(JSON.parse(line)));\r\n\u001b[30;47m  \u001b[0m \u001b[91m        ~~~~~~~~~~~~~\u001b[0m\r\n\u001b[96msrc/routes/logs/logs.ts\u001b[0m:\u001b[93m12\u001b[0m:\u001b[93m31\u001b[0m - \u001b[91merror\u001b[0m\u001b[90m TS7006: \u001b[0mParameter 'line' implicitly has an 'any' type.\r\n\r\n\u001b[30;47m12\u001b[0m   await readLineAsync(today, (line) => logs.push(JSON.parse(line)));\r\n\u001b[30;47m  \u001b[0m \u001b[91m                              ~~~~\u001b[0m\r\n\u001b[96msrc/routes/logs/logs.ts\u001b[0m:\u001b[93m23\u001b[0m:\u001b[93m11\u001b[0m - \u001b[91merror\u001b[0m\u001b[90m TS2304: \u001b[0mCannot find name 'readLineAsync'.\r\n\r\n\u001b[30;47m23\u001b[0m     await readLineAsync(req.params.day, (line) => logs.push(JSON.parse(line)));\r\n\u001b[30;47m  \u001b[0m \u001b[91m          ~~~~~~~~~~~~~\u001b[0m\r\n\u001b[96msrc/routes/logs/logs.ts\u001b[0m:\u001b[93m23\u001b[0m:\u001b[93m42\u001b[0m - \u001b[91merror\u001b[0m\u001b[90m TS7006: \u001b[0mParameter 'line' implicitly has an 'any' type.\r\n\r\n\u001b[30;47m23\u001b[0m     await readLineAsync(req.params.day, (line) => logs.push(JSON.parse(line)));\r\n\u001b[30;47m  \u001b[0m \u001b[91m                                         ~~~~\u001b[0m\r\n\r\n\n    at createTSError (C:\\Workflow\\projects\\git\\templates\\node-express-typescript-api\\node_modules\\ts-node\\src\\index.ts:513:12)\n    at reportTSError (C:\\Workflow\\projects\\git\\templates\\node-express-typescript-api\\node_modules\\ts-node\\src\\index.ts:517:19)\n    at getOutput (C:\\Workflow\\projects\\git\\templates\\node-express-typescript-api\\node_modules\\ts-node\\src\\index.ts:752:36)\n    at Object.compile (C:\\Workflow\\projects\\git\\templates\\node-express-typescript-api\\node_modules\\ts-node\\src\\index.ts:968:32)\n    at Module.m._compile (C:\\Workflow\\projects\\git\\templates\\node-express-typescript-api\\node_modules\\ts-node\\src\\index.ts:1056:42)\n    at Module._extensions..js (internal/modules/cjs/loader.js:1157:10)\n    at Object.require.extensions.<computed> [as .ts] (C:\\Workflow\\projects\\git\\templates\\node-express-typescript-api\\node_modules\\ts-node\\src\\index.ts:1059:12)\n    at Module.load (internal/modules/cjs/loader.js:985:32)\n    at Function.Module._load (internal/modules/cjs/loader.js:878:14)\n    at Module.require (internal/modules/cjs/loader.js:1025:19)","stack":"TSError: ⨯ Unable to compile TypeScript:\n\u001b[96msrc/routes/logs/logs.ts\u001b[0m:\u001b[93m2\u001b[0m:\u001b[93m1\u001b[0m - \u001b[91merror\u001b[0m\u001b[90m TS6133: \u001b[0m'createReadStream' is declared but its value is never read.\r\n\r\n\u001b[30;47m2\u001b[0m import { createReadStream } from 'fs';\r\n\u001b[30;47m \u001b[0m \u001b[91m~~~~~~~~~~~~~~~~~~~~~~~~~~~~~~~~~~~~~~\u001b[0m\r\n\u001b[96msrc/routes/logs/logs.ts\u001b[0m:\u001b[93m3\u001b[0m:\u001b[93m1\u001b[0m - \u001b[91merror\u001b[0m\u001b[90m TS6133: \u001b[0m'join' is declared but its value is never read.\r\n\r\n\u001b[30;47m3\u001b[0m import { join } from 'path';\r\n\u001b[30;47m \u001b[0m \u001b[91m~~~~~~~~~~~~~~~~~~~~~~~~~~~~\u001b[0m\r\n\u001b[96msrc/routes/logs/logs.ts\u001b[0m:\u001b[93m4\u001b[0m:\u001b[93m1\u001b[0m - \u001b[91merror\u001b[0m\u001b[90m TS6133: \u001b[0m'stdout' is declared but its value is never read.\r\n\r\n\u001b[30;47m4\u001b[0m import { stdout } from 'process';\r\n\u001b[30;47m \u001b[0m \u001b[91m~~~~~~~~~~~~~~~~~~~~~~~~~~~~~~~~~\u001b[0m\r\n\u001b[96msrc/routes/logs/logs.ts\u001b[0m:\u001b[93m5\u001b[0m:\u001b[93m1\u001b[0m - \u001b[91merror\u001b[0m\u001b[90m TS6133: \u001b[0m'createInterface' is declared but its value is never read.\r\n\r\n\u001b[30;47m5\u001b[0m import { createInterface } from 'readline';\r\n\u001b[30;47m \u001b[0m \u001b[91m~~~~~~~~~~~~~~~~~~~~~~~~~~~~~~~~~~~~~~~~~~~\u001b[0m\r\n\u001b[96msrc/routes/logs/logs.ts\u001b[0m:\u001b[93m12\u001b[0m:\u001b[93m9\u001b[0m - \u001b[91merror\u001b[0m\u001b[90m TS2304: \u001b[0mCannot find name 'readLineAsync'.\r\n\r\n\u001b[30;47m12\u001b[0m   await readLineAsync(today, (line) => logs.push(JSON.parse(line)));\r\n\u001b[30;47m  \u001b[0m \u001b[91m        ~~~~~~~~~~~~~\u001b[0m\r\n\u001b[96msrc/routes/logs/logs.ts\u001b[0m:\u001b[93m12\u001b[0m:\u001b[93m31\u001b[0m - \u001b[91merror\u001b[0m\u001b[90m TS7006: \u001b[0mParameter 'line' implicitly has an 'any' type.\r\n\r\n\u001b[30;47m12\u001b[0m   await readLineAsync(today, (line) => logs.push(JSON.parse(line)));\r\n\u001b[30;47m  \u001b[0m \u001b[91m                              ~~~~\u001b[0m\r\n\u001b[96msrc/routes/logs/logs.ts\u001b[0m:\u001b[93m23\u001b[0m:\u001b[93m11\u001b[0m - \u001b[91merror\u001b[0m\u001b[90m TS2304: \u001b[0mCannot find name 'readLineAsync'.\r\n\r\n\u001b[30;47m23\u001b[0m     await readLineAsync(req.params.day, (line) => logs.push(JSON.parse(line)));\r\n\u001b[30;47m  \u001b[0m \u001b[91m          ~~~~~~~~~~~~~\u001b[0m\r\n\u001b[96msrc/routes/logs/logs.ts\u001b[0m:\u001b[93m23\u001b[0m:\u001b[93m42\u001b[0m - \u001b[91merror\u001b[0m\u001b[90m TS7006: \u001b[0mParameter 'line' implicitly has an 'any' type.\r\n\r\n\u001b[30;47m23\u001b[0m     await readLineAsync(req.params.day, (line) => logs.push(JSON.parse(line)));\r\n\u001b[30;47m  \u001b[0m \u001b[91m                                         ~~~~\u001b[0m\r\n\r\n\n    at createTSError (C:\\Workflow\\projects\\git\\templates\\node-express-typescript-api\\node_modules\\ts-node\\src\\index.ts:513:12)\n    at reportTSError (C:\\Workflow\\projects\\git\\templates\\node-express-typescript-api\\node_modules\\ts-node\\src\\index.ts:517:19)\n    at getOutput (C:\\Workflow\\projects\\git\\templates\\node-express-typescript-api\\node_modules\\ts-node\\src\\index.ts:752:36)\n    at Object.compile (C:\\Workflow\\projects\\git\\templates\\node-express-typescript-api\\node_modules\\ts-node\\src\\index.ts:968:32)\n    at Module.m._compile (C:\\Workflow\\projects\\git\\templates\\node-express-typescript-api\\node_modules\\ts-node\\src\\index.ts:1056:42)\n    at Module._extensions..js (internal/modules/cjs/loader.js:1157:10)\n    at Object.require.extensions.<computed> [as .ts] (C:\\Workflow\\projects\\git\\templates\\node-express-typescript-api\\node_modules\\ts-node\\src\\index.ts:1059:12)\n    at Module.load (internal/modules/cjs/loader.js:985:32)\n    at Function.Module._load (internal/modules/cjs/loader.js:878:14)\n    at Module.require (internal/modules/cjs/loader.js:1025:19)","exception":true,"date":"Sat Dec 12 2020 17:29:08 GMT+0100 (GMT+01:00)","process":{"pid":15964,"uid":null,"gid":null,"cwd":"C:\\Workflow\\projects\\git\\templates\\node-express-typescript-api","execPath":"C:\\Program Files\\nodejs\\node.exe","version":"v12.18.3","argv":["C:\\Workflow\\projects\\git\\templates\\node-express-typescript-api\\node_modules\\ts-node\\dist\\bin.js","C:\\Workflow\\projects\\git\\templates\\node-express-typescript-api\\src\\index.ts"],"memoryUsage":{"rss":157863936,"heapTotal":130928640,"heapUsed":106679304,"external":2167982,"arrayBuffers":340360}},"os":{"loadavg":[0,0,0],"uptime":22592},"trace":[{"column":12,"file":"C:\\Workflow\\projects\\git\\templates\\node-express-typescript-api\\node_modules\\ts-node\\src\\index.ts","function":"createTSError","line":513,"method":null,"native":false},{"column":19,"file":"C:\\Workflow\\projects\\git\\templates\\node-express-typescript-api\\node_modules\\ts-node\\src\\index.ts","function":"reportTSError","line":517,"method":null,"native":false},{"column":36,"file":"C:\\Workflow\\projects\\git\\templates\\node-express-typescript-api\\node_modules\\ts-node\\src\\index.ts","function":"getOutput","line":752,"method":null,"native":false},{"column":32,"file":"C:\\Workflow\\projects\\git\\templates\\node-express-typescript-api\\node_modules\\ts-node\\src\\index.ts","function":"Object.compile","line":968,"method":"compile","native":false},{"column":42,"file":"C:\\Workflow\\projects\\git\\templates\\node-express-typescript-api\\node_modules\\ts-node\\src\\index.ts","function":"Module.m._compile","line":1056,"method":"_compile","native":false},{"column":10,"file":"internal/modules/cjs/loader.js","function":"Module._extensions..js","line":1157,"method":".js","native":false},{"column":12,"file":"C:\\Workflow\\projects\\git\\templates\\node-express-typescript-api\\node_modules\\ts-node\\src\\index.ts","function":"Object.require.extensions.<computed> [as .ts]","line":1059,"method":"ts]","native":false},{"column":32,"file":"internal/modules/cjs/loader.js","function":"Module.load","line":985,"method":"load","native":false},{"column":14,"file":"internal/modules/cjs/loader.js","function":"Module._load","line":878,"method":"_load","native":false},{"column":19,"file":"internal/modules/cjs/loader.js","function":"Module.require","line":1025,"method":"require","native":false}],"timestamp":"2020-12-12 17:29:08"}
{"error":{"diagnosticText":"\u001b[96msrc/routes/logs/logs.ts\u001b[0m:\u001b[93m2\u001b[0m:\u001b[93m1\u001b[0m - \u001b[91merror\u001b[0m\u001b[90m TS6133: \u001b[0m'createReadStream' is declared but its value is never read.\r\n\r\n\u001b[30;47m2\u001b[0m import { createReadStream } from 'fs';\r\n\u001b[30;47m \u001b[0m \u001b[91m~~~~~~~~~~~~~~~~~~~~~~~~~~~~~~~~~~~~~~\u001b[0m\r\n\u001b[96msrc/routes/logs/logs.ts\u001b[0m:\u001b[93m3\u001b[0m:\u001b[93m1\u001b[0m - \u001b[91merror\u001b[0m\u001b[90m TS6133: \u001b[0m'join' is declared but its value is never read.\r\n\r\n\u001b[30;47m3\u001b[0m import { join } from 'path';\r\n\u001b[30;47m \u001b[0m \u001b[91m~~~~~~~~~~~~~~~~~~~~~~~~~~~~\u001b[0m\r\n\u001b[96msrc/routes/logs/logs.ts\u001b[0m:\u001b[93m4\u001b[0m:\u001b[93m1\u001b[0m - \u001b[91merror\u001b[0m\u001b[90m TS6133: \u001b[0m'stdout' is declared but its value is never read.\r\n\r\n\u001b[30;47m4\u001b[0m import { stdout } from 'process';\r\n\u001b[30;47m \u001b[0m \u001b[91m~~~~~~~~~~~~~~~~~~~~~~~~~~~~~~~~~\u001b[0m\r\n\u001b[96msrc/routes/logs/logs.ts\u001b[0m:\u001b[93m5\u001b[0m:\u001b[93m1\u001b[0m - \u001b[91merror\u001b[0m\u001b[90m TS6133: \u001b[0m'createInterface' is declared but its value is never read.\r\n\r\n\u001b[30;47m5\u001b[0m import { createInterface } from 'readline';\r\n\u001b[30;47m \u001b[0m \u001b[91m~~~~~~~~~~~~~~~~~~~~~~~~~~~~~~~~~~~~~~~~~~~\u001b[0m\r\n\r\n","diagnosticCodes":[6133,6133,6133,6133]},"level":"error","message":"uncaughtException: ⨯ Unable to compile TypeScript:\n\u001b[96msrc/routes/logs/logs.ts\u001b[0m:\u001b[93m2\u001b[0m:\u001b[93m1\u001b[0m - \u001b[91merror\u001b[0m\u001b[90m TS6133: \u001b[0m'createReadStream' is declared but its value is never read.\r\n\r\n\u001b[30;47m2\u001b[0m import { createReadStream } from 'fs';\r\n\u001b[30;47m \u001b[0m \u001b[91m~~~~~~~~~~~~~~~~~~~~~~~~~~~~~~~~~~~~~~\u001b[0m\r\n\u001b[96msrc/routes/logs/logs.ts\u001b[0m:\u001b[93m3\u001b[0m:\u001b[93m1\u001b[0m - \u001b[91merror\u001b[0m\u001b[90m TS6133: \u001b[0m'join' is declared but its value is never read.\r\n\r\n\u001b[30;47m3\u001b[0m import { join } from 'path';\r\n\u001b[30;47m \u001b[0m \u001b[91m~~~~~~~~~~~~~~~~~~~~~~~~~~~~\u001b[0m\r\n\u001b[96msrc/routes/logs/logs.ts\u001b[0m:\u001b[93m4\u001b[0m:\u001b[93m1\u001b[0m - \u001b[91merror\u001b[0m\u001b[90m TS6133: \u001b[0m'stdout' is declared but its value is never read.\r\n\r\n\u001b[30;47m4\u001b[0m import { stdout } from 'process';\r\n\u001b[30;47m \u001b[0m \u001b[91m~~~~~~~~~~~~~~~~~~~~~~~~~~~~~~~~~\u001b[0m\r\n\u001b[96msrc/routes/logs/logs.ts\u001b[0m:\u001b[93m5\u001b[0m:\u001b[93m1\u001b[0m - \u001b[91merror\u001b[0m\u001b[90m TS6133: \u001b[0m'createInterface' is declared but its value is never read.\r\n\r\n\u001b[30;47m5\u001b[0m import { createInterface } from 'readline';\r\n\u001b[30;47m \u001b[0m \u001b[91m~~~~~~~~~~~~~~~~~~~~~~~~~~~~~~~~~~~~~~~~~~~\u001b[0m\r\n\r\n\nTSError: ⨯ Unable to compile TypeScript:\n\u001b[96msrc/routes/logs/logs.ts\u001b[0m:\u001b[93m2\u001b[0m:\u001b[93m1\u001b[0m - \u001b[91merror\u001b[0m\u001b[90m TS6133: \u001b[0m'createReadStream' is declared but its value is never read.\r\n\r\n\u001b[30;47m2\u001b[0m import { createReadStream } from 'fs';\r\n\u001b[30;47m \u001b[0m \u001b[91m~~~~~~~~~~~~~~~~~~~~~~~~~~~~~~~~~~~~~~\u001b[0m\r\n\u001b[96msrc/routes/logs/logs.ts\u001b[0m:\u001b[93m3\u001b[0m:\u001b[93m1\u001b[0m - \u001b[91merror\u001b[0m\u001b[90m TS6133: \u001b[0m'join' is declared but its value is never read.\r\n\r\n\u001b[30;47m3\u001b[0m import { join } from 'path';\r\n\u001b[30;47m \u001b[0m \u001b[91m~~~~~~~~~~~~~~~~~~~~~~~~~~~~\u001b[0m\r\n\u001b[96msrc/routes/logs/logs.ts\u001b[0m:\u001b[93m4\u001b[0m:\u001b[93m1\u001b[0m - \u001b[91merror\u001b[0m\u001b[90m TS6133: \u001b[0m'stdout' is declared but its value is never read.\r\n\r\n\u001b[30;47m4\u001b[0m import { stdout } from 'process';\r\n\u001b[30;47m \u001b[0m \u001b[91m~~~~~~~~~~~~~~~~~~~~~~~~~~~~~~~~~\u001b[0m\r\n\u001b[96msrc/routes/logs/logs.ts\u001b[0m:\u001b[93m5\u001b[0m:\u001b[93m1\u001b[0m - \u001b[91merror\u001b[0m\u001b[90m TS6133: \u001b[0m'createInterface' is declared but its value is never read.\r\n\r\n\u001b[30;47m5\u001b[0m import { createInterface } from 'readline';\r\n\u001b[30;47m \u001b[0m \u001b[91m~~~~~~~~~~~~~~~~~~~~~~~~~~~~~~~~~~~~~~~~~~~\u001b[0m\r\n\r\n\n    at createTSError (C:\\Workflow\\projects\\git\\templates\\node-express-typescript-api\\node_modules\\ts-node\\src\\index.ts:513:12)\n    at reportTSError (C:\\Workflow\\projects\\git\\templates\\node-express-typescript-api\\node_modules\\ts-node\\src\\index.ts:517:19)\n    at getOutput (C:\\Workflow\\projects\\git\\templates\\node-express-typescript-api\\node_modules\\ts-node\\src\\index.ts:752:36)\n    at Object.compile (C:\\Workflow\\projects\\git\\templates\\node-express-typescript-api\\node_modules\\ts-node\\src\\index.ts:968:32)\n    at Module.m._compile (C:\\Workflow\\projects\\git\\templates\\node-express-typescript-api\\node_modules\\ts-node\\src\\index.ts:1056:42)\n    at Module._extensions..js (internal/modules/cjs/loader.js:1157:10)\n    at Object.require.extensions.<computed> [as .ts] (C:\\Workflow\\projects\\git\\templates\\node-express-typescript-api\\node_modules\\ts-node\\src\\index.ts:1059:12)\n    at Module.load (internal/modules/cjs/loader.js:985:32)\n    at Function.Module._load (internal/modules/cjs/loader.js:878:14)\n    at Module.require (internal/modules/cjs/loader.js:1025:19)","stack":"TSError: ⨯ Unable to compile TypeScript:\n\u001b[96msrc/routes/logs/logs.ts\u001b[0m:\u001b[93m2\u001b[0m:\u001b[93m1\u001b[0m - \u001b[91merror\u001b[0m\u001b[90m TS6133: \u001b[0m'createReadStream' is declared but its value is never read.\r\n\r\n\u001b[30;47m2\u001b[0m import { createReadStream } from 'fs';\r\n\u001b[30;47m \u001b[0m \u001b[91m~~~~~~~~~~~~~~~~~~~~~~~~~~~~~~~~~~~~~~\u001b[0m\r\n\u001b[96msrc/routes/logs/logs.ts\u001b[0m:\u001b[93m3\u001b[0m:\u001b[93m1\u001b[0m - \u001b[91merror\u001b[0m\u001b[90m TS6133: \u001b[0m'join' is declared but its value is never read.\r\n\r\n\u001b[30;47m3\u001b[0m import { join } from 'path';\r\n\u001b[30;47m \u001b[0m \u001b[91m~~~~~~~~~~~~~~~~~~~~~~~~~~~~\u001b[0m\r\n\u001b[96msrc/routes/logs/logs.ts\u001b[0m:\u001b[93m4\u001b[0m:\u001b[93m1\u001b[0m - \u001b[91merror\u001b[0m\u001b[90m TS6133: \u001b[0m'stdout' is declared but its value is never read.\r\n\r\n\u001b[30;47m4\u001b[0m import { stdout } from 'process';\r\n\u001b[30;47m \u001b[0m \u001b[91m~~~~~~~~~~~~~~~~~~~~~~~~~~~~~~~~~\u001b[0m\r\n\u001b[96msrc/routes/logs/logs.ts\u001b[0m:\u001b[93m5\u001b[0m:\u001b[93m1\u001b[0m - \u001b[91merror\u001b[0m\u001b[90m TS6133: \u001b[0m'createInterface' is declared but its value is never read.\r\n\r\n\u001b[30;47m5\u001b[0m import { createInterface } from 'readline';\r\n\u001b[30;47m \u001b[0m \u001b[91m~~~~~~~~~~~~~~~~~~~~~~~~~~~~~~~~~~~~~~~~~~~\u001b[0m\r\n\r\n\n    at createTSError (C:\\Workflow\\projects\\git\\templates\\node-express-typescript-api\\node_modules\\ts-node\\src\\index.ts:513:12)\n    at reportTSError (C:\\Workflow\\projects\\git\\templates\\node-express-typescript-api\\node_modules\\ts-node\\src\\index.ts:517:19)\n    at getOutput (C:\\Workflow\\projects\\git\\templates\\node-express-typescript-api\\node_modules\\ts-node\\src\\index.ts:752:36)\n    at Object.compile (C:\\Workflow\\projects\\git\\templates\\node-express-typescript-api\\node_modules\\ts-node\\src\\index.ts:968:32)\n    at Module.m._compile (C:\\Workflow\\projects\\git\\templates\\node-express-typescript-api\\node_modules\\ts-node\\src\\index.ts:1056:42)\n    at Module._extensions..js (internal/modules/cjs/loader.js:1157:10)\n    at Object.require.extensions.<computed> [as .ts] (C:\\Workflow\\projects\\git\\templates\\node-express-typescript-api\\node_modules\\ts-node\\src\\index.ts:1059:12)\n    at Module.load (internal/modules/cjs/loader.js:985:32)\n    at Function.Module._load (internal/modules/cjs/loader.js:878:14)\n    at Module.require (internal/modules/cjs/loader.js:1025:19)","exception":true,"date":"Sat Dec 12 2020 17:29:13 GMT+0100 (GMT+01:00)","process":{"pid":1008,"uid":null,"gid":null,"cwd":"C:\\Workflow\\projects\\git\\templates\\node-express-typescript-api","execPath":"C:\\Program Files\\nodejs\\node.exe","version":"v12.18.3","argv":["C:\\Workflow\\projects\\git\\templates\\node-express-typescript-api\\node_modules\\ts-node\\dist\\bin.js","C:\\Workflow\\projects\\git\\templates\\node-express-typescript-api\\src\\index.ts"],"memoryUsage":{"rss":158289920,"heapTotal":130928640,"heapUsed":108527112,"external":2238046,"arrayBuffers":410424}},"os":{"loadavg":[0,0,0],"uptime":22597},"trace":[{"column":12,"file":"C:\\Workflow\\projects\\git\\templates\\node-express-typescript-api\\node_modules\\ts-node\\src\\index.ts","function":"createTSError","line":513,"method":null,"native":false},{"column":19,"file":"C:\\Workflow\\projects\\git\\templates\\node-express-typescript-api\\node_modules\\ts-node\\src\\index.ts","function":"reportTSError","line":517,"method":null,"native":false},{"column":36,"file":"C:\\Workflow\\projects\\git\\templates\\node-express-typescript-api\\node_modules\\ts-node\\src\\index.ts","function":"getOutput","line":752,"method":null,"native":false},{"column":32,"file":"C:\\Workflow\\projects\\git\\templates\\node-express-typescript-api\\node_modules\\ts-node\\src\\index.ts","function":"Object.compile","line":968,"method":"compile","native":false},{"column":42,"file":"C:\\Workflow\\projects\\git\\templates\\node-express-typescript-api\\node_modules\\ts-node\\src\\index.ts","function":"Module.m._compile","line":1056,"method":"_compile","native":false},{"column":10,"file":"internal/modules/cjs/loader.js","function":"Module._extensions..js","line":1157,"method":".js","native":false},{"column":12,"file":"C:\\Workflow\\projects\\git\\templates\\node-express-typescript-api\\node_modules\\ts-node\\src\\index.ts","function":"Object.require.extensions.<computed> [as .ts]","line":1059,"method":"ts]","native":false},{"column":32,"file":"internal/modules/cjs/loader.js","function":"Module.load","line":985,"method":"load","native":false},{"column":14,"file":"internal/modules/cjs/loader.js","function":"Module._load","line":878,"method":"_load","native":false},{"column":19,"file":"internal/modules/cjs/loader.js","function":"Module.require","line":1025,"method":"require","native":false}],"timestamp":"2020-12-12 17:29:13"}
{"error":{"diagnosticText":"\u001b[96msrc/routes/logs/logs.ts\u001b[0m:\u001b[93m2\u001b[0m:\u001b[93m10\u001b[0m - \u001b[91merror\u001b[0m\u001b[90m TS2305: \u001b[0mModule '\"C:/Workflow/projects/git/templates/node-express-typescript-api/src/server/logger\"' has no exported member 'today'.\r\n\r\n\u001b[30;47m2\u001b[0m import { today } from '../../server/logger';\r\n\u001b[30;47m \u001b[0m \u001b[91m         ~~~~~\u001b[0m\r\n\r\n","diagnosticCodes":[2305]},"level":"error","message":"uncaughtException: ⨯ Unable to compile TypeScript:\n\u001b[96msrc/routes/logs/logs.ts\u001b[0m:\u001b[93m2\u001b[0m:\u001b[93m10\u001b[0m - \u001b[91merror\u001b[0m\u001b[90m TS2305: \u001b[0mModule '\"C:/Workflow/projects/git/templates/node-express-typescript-api/src/server/logger\"' has no exported member 'today'.\r\n\r\n\u001b[30;47m2\u001b[0m import { today } from '../../server/logger';\r\n\u001b[30;47m \u001b[0m \u001b[91m         ~~~~~\u001b[0m\r\n\r\n\nTSError: ⨯ Unable to compile TypeScript:\n\u001b[96msrc/routes/logs/logs.ts\u001b[0m:\u001b[93m2\u001b[0m:\u001b[93m10\u001b[0m - \u001b[91merror\u001b[0m\u001b[90m TS2305: \u001b[0mModule '\"C:/Workflow/projects/git/templates/node-express-typescript-api/src/server/logger\"' has no exported member 'today'.\r\n\r\n\u001b[30;47m2\u001b[0m import { today } from '../../server/logger';\r\n\u001b[30;47m \u001b[0m \u001b[91m         ~~~~~\u001b[0m\r\n\r\n\n    at createTSError (C:\\Workflow\\projects\\git\\templates\\node-express-typescript-api\\node_modules\\ts-node\\src\\index.ts:513:12)\n    at reportTSError (C:\\Workflow\\projects\\git\\templates\\node-express-typescript-api\\node_modules\\ts-node\\src\\index.ts:517:19)\n    at getOutput (C:\\Workflow\\projects\\git\\templates\\node-express-typescript-api\\node_modules\\ts-node\\src\\index.ts:752:36)\n    at Object.compile (C:\\Workflow\\projects\\git\\templates\\node-express-typescript-api\\node_modules\\ts-node\\src\\index.ts:968:32)\n    at Module.m._compile (C:\\Workflow\\projects\\git\\templates\\node-express-typescript-api\\node_modules\\ts-node\\src\\index.ts:1056:42)\n    at Module._extensions..js (internal/modules/cjs/loader.js:1157:10)\n    at Object.require.extensions.<computed> [as .ts] (C:\\Workflow\\projects\\git\\templates\\node-express-typescript-api\\node_modules\\ts-node\\src\\index.ts:1059:12)\n    at Module.load (internal/modules/cjs/loader.js:985:32)\n    at Function.Module._load (internal/modules/cjs/loader.js:878:14)\n    at Module.require (internal/modules/cjs/loader.js:1025:19)","stack":"TSError: ⨯ Unable to compile TypeScript:\n\u001b[96msrc/routes/logs/logs.ts\u001b[0m:\u001b[93m2\u001b[0m:\u001b[93m10\u001b[0m - \u001b[91merror\u001b[0m\u001b[90m TS2305: \u001b[0mModule '\"C:/Workflow/projects/git/templates/node-express-typescript-api/src/server/logger\"' has no exported member 'today'.\r\n\r\n\u001b[30;47m2\u001b[0m import { today } from '../../server/logger';\r\n\u001b[30;47m \u001b[0m \u001b[91m         ~~~~~\u001b[0m\r\n\r\n\n    at createTSError (C:\\Workflow\\projects\\git\\templates\\node-express-typescript-api\\node_modules\\ts-node\\src\\index.ts:513:12)\n    at reportTSError (C:\\Workflow\\projects\\git\\templates\\node-express-typescript-api\\node_modules\\ts-node\\src\\index.ts:517:19)\n    at getOutput (C:\\Workflow\\projects\\git\\templates\\node-express-typescript-api\\node_modules\\ts-node\\src\\index.ts:752:36)\n    at Object.compile (C:\\Workflow\\projects\\git\\templates\\node-express-typescript-api\\node_modules\\ts-node\\src\\index.ts:968:32)\n    at Module.m._compile (C:\\Workflow\\projects\\git\\templates\\node-express-typescript-api\\node_modules\\ts-node\\src\\index.ts:1056:42)\n    at Module._extensions..js (internal/modules/cjs/loader.js:1157:10)\n    at Object.require.extensions.<computed> [as .ts] (C:\\Workflow\\projects\\git\\templates\\node-express-typescript-api\\node_modules\\ts-node\\src\\index.ts:1059:12)\n    at Module.load (internal/modules/cjs/loader.js:985:32)\n    at Function.Module._load (internal/modules/cjs/loader.js:878:14)\n    at Module.require (internal/modules/cjs/loader.js:1025:19)","exception":true,"date":"Sat Dec 12 2020 17:40:49 GMT+0100 (GMT+01:00)","process":{"pid":15492,"uid":null,"gid":null,"cwd":"C:\\Workflow\\projects\\git\\templates\\node-express-typescript-api","execPath":"C:\\Program Files\\nodejs\\node.exe","version":"v12.18.3","argv":["C:\\Workflow\\projects\\git\\templates\\node-express-typescript-api\\node_modules\\ts-node\\dist\\bin.js","C:\\Workflow\\projects\\git\\templates\\node-express-typescript-api\\src\\index.ts"],"memoryUsage":{"rss":160514048,"heapTotal":131190784,"heapUsed":109473704,"external":2225905,"arrayBuffers":398283}},"os":{"loadavg":[0,0,0],"uptime":23293},"trace":[{"column":12,"file":"C:\\Workflow\\projects\\git\\templates\\node-express-typescript-api\\node_modules\\ts-node\\src\\index.ts","function":"createTSError","line":513,"method":null,"native":false},{"column":19,"file":"C:\\Workflow\\projects\\git\\templates\\node-express-typescript-api\\node_modules\\ts-node\\src\\index.ts","function":"reportTSError","line":517,"method":null,"native":false},{"column":36,"file":"C:\\Workflow\\projects\\git\\templates\\node-express-typescript-api\\node_modules\\ts-node\\src\\index.ts","function":"getOutput","line":752,"method":null,"native":false},{"column":32,"file":"C:\\Workflow\\projects\\git\\templates\\node-express-typescript-api\\node_modules\\ts-node\\src\\index.ts","function":"Object.compile","line":968,"method":"compile","native":false},{"column":42,"file":"C:\\Workflow\\projects\\git\\templates\\node-express-typescript-api\\node_modules\\ts-node\\src\\index.ts","function":"Module.m._compile","line":1056,"method":"_compile","native":false},{"column":10,"file":"internal/modules/cjs/loader.js","function":"Module._extensions..js","line":1157,"method":".js","native":false},{"column":12,"file":"C:\\Workflow\\projects\\git\\templates\\node-express-typescript-api\\node_modules\\ts-node\\src\\index.ts","function":"Object.require.extensions.<computed> [as .ts]","line":1059,"method":"ts]","native":false},{"column":32,"file":"internal/modules/cjs/loader.js","function":"Module.load","line":985,"method":"load","native":false},{"column":14,"file":"internal/modules/cjs/loader.js","function":"Module._load","line":878,"method":"_load","native":false},{"column":19,"file":"internal/modules/cjs/loader.js","function":"Module.require","line":1025,"method":"require","native":false}],"timestamp":"2020-12-12 17:40:49"}
{"error":{"diagnosticText":"\u001b[96msrc/routes/logs/logs.ts\u001b[0m:\u001b[93m2\u001b[0m:\u001b[93m10\u001b[0m - \u001b[91merror\u001b[0m\u001b[90m TS2305: \u001b[0mModule '\"C:/Workflow/projects/git/templates/node-express-typescript-api/src/server/logger\"' has no exported member 'today'.\r\n\r\n\u001b[30;47m2\u001b[0m import { today } from '../../server/logger';\r\n\u001b[30;47m \u001b[0m \u001b[91m         ~~~~~\u001b[0m\r\n\r\n","diagnosticCodes":[2305]},"level":"error","message":"uncaughtException: ⨯ Unable to compile TypeScript:\n\u001b[96msrc/routes/logs/logs.ts\u001b[0m:\u001b[93m2\u001b[0m:\u001b[93m10\u001b[0m - \u001b[91merror\u001b[0m\u001b[90m TS2305: \u001b[0mModule '\"C:/Workflow/projects/git/templates/node-express-typescript-api/src/server/logger\"' has no exported member 'today'.\r\n\r\n\u001b[30;47m2\u001b[0m import { today } from '../../server/logger';\r\n\u001b[30;47m \u001b[0m \u001b[91m         ~~~~~\u001b[0m\r\n\r\n\nTSError: ⨯ Unable to compile TypeScript:\n\u001b[96msrc/routes/logs/logs.ts\u001b[0m:\u001b[93m2\u001b[0m:\u001b[93m10\u001b[0m - \u001b[91merror\u001b[0m\u001b[90m TS2305: \u001b[0mModule '\"C:/Workflow/projects/git/templates/node-express-typescript-api/src/server/logger\"' has no exported member 'today'.\r\n\r\n\u001b[30;47m2\u001b[0m import { today } from '../../server/logger';\r\n\u001b[30;47m \u001b[0m \u001b[91m         ~~~~~\u001b[0m\r\n\r\n\n    at createTSError (C:\\Workflow\\projects\\git\\templates\\node-express-typescript-api\\node_modules\\ts-node\\src\\index.ts:513:12)\n    at reportTSError (C:\\Workflow\\projects\\git\\templates\\node-express-typescript-api\\node_modules\\ts-node\\src\\index.ts:517:19)\n    at getOutput (C:\\Workflow\\projects\\git\\templates\\node-express-typescript-api\\node_modules\\ts-node\\src\\index.ts:752:36)\n    at Object.compile (C:\\Workflow\\projects\\git\\templates\\node-express-typescript-api\\node_modules\\ts-node\\src\\index.ts:968:32)\n    at Module.m._compile (C:\\Workflow\\projects\\git\\templates\\node-express-typescript-api\\node_modules\\ts-node\\src\\index.ts:1056:42)\n    at Module._extensions..js (internal/modules/cjs/loader.js:1157:10)\n    at Object.require.extensions.<computed> [as .ts] (C:\\Workflow\\projects\\git\\templates\\node-express-typescript-api\\node_modules\\ts-node\\src\\index.ts:1059:12)\n    at Module.load (internal/modules/cjs/loader.js:985:32)\n    at Function.Module._load (internal/modules/cjs/loader.js:878:14)\n    at Module.require (internal/modules/cjs/loader.js:1025:19)","stack":"TSError: ⨯ Unable to compile TypeScript:\n\u001b[96msrc/routes/logs/logs.ts\u001b[0m:\u001b[93m2\u001b[0m:\u001b[93m10\u001b[0m - \u001b[91merror\u001b[0m\u001b[90m TS2305: \u001b[0mModule '\"C:/Workflow/projects/git/templates/node-express-typescript-api/src/server/logger\"' has no exported member 'today'.\r\n\r\n\u001b[30;47m2\u001b[0m import { today } from '../../server/logger';\r\n\u001b[30;47m \u001b[0m \u001b[91m         ~~~~~\u001b[0m\r\n\r\n\n    at createTSError (C:\\Workflow\\projects\\git\\templates\\node-express-typescript-api\\node_modules\\ts-node\\src\\index.ts:513:12)\n    at reportTSError (C:\\Workflow\\projects\\git\\templates\\node-express-typescript-api\\node_modules\\ts-node\\src\\index.ts:517:19)\n    at getOutput (C:\\Workflow\\projects\\git\\templates\\node-express-typescript-api\\node_modules\\ts-node\\src\\index.ts:752:36)\n    at Object.compile (C:\\Workflow\\projects\\git\\templates\\node-express-typescript-api\\node_modules\\ts-node\\src\\index.ts:968:32)\n    at Module.m._compile (C:\\Workflow\\projects\\git\\templates\\node-express-typescript-api\\node_modules\\ts-node\\src\\index.ts:1056:42)\n    at Module._extensions..js (internal/modules/cjs/loader.js:1157:10)\n    at Object.require.extensions.<computed> [as .ts] (C:\\Workflow\\projects\\git\\templates\\node-express-typescript-api\\node_modules\\ts-node\\src\\index.ts:1059:12)\n    at Module.load (internal/modules/cjs/loader.js:985:32)\n    at Function.Module._load (internal/modules/cjs/loader.js:878:14)\n    at Module.require (internal/modules/cjs/loader.js:1025:19)","exception":true,"date":"Sat Dec 12 2020 17:40:57 GMT+0100 (GMT+01:00)","process":{"pid":13656,"uid":null,"gid":null,"cwd":"C:\\Workflow\\projects\\git\\templates\\node-express-typescript-api","execPath":"C:\\Program Files\\nodejs\\node.exe","version":"v12.18.3","argv":["C:\\Workflow\\projects\\git\\templates\\node-express-typescript-api\\node_modules\\ts-node\\dist\\bin.js","C:\\Workflow\\projects\\git\\templates\\node-express-typescript-api\\src\\index.ts"],"memoryUsage":{"rss":161226752,"heapTotal":131190784,"heapUsed":109478288,"external":2225905,"arrayBuffers":398283}},"os":{"loadavg":[0,0,0],"uptime":23301},"trace":[{"column":12,"file":"C:\\Workflow\\projects\\git\\templates\\node-express-typescript-api\\node_modules\\ts-node\\src\\index.ts","function":"createTSError","line":513,"method":null,"native":false},{"column":19,"file":"C:\\Workflow\\projects\\git\\templates\\node-express-typescript-api\\node_modules\\ts-node\\src\\index.ts","function":"reportTSError","line":517,"method":null,"native":false},{"column":36,"file":"C:\\Workflow\\projects\\git\\templates\\node-express-typescript-api\\node_modules\\ts-node\\src\\index.ts","function":"getOutput","line":752,"method":null,"native":false},{"column":32,"file":"C:\\Workflow\\projects\\git\\templates\\node-express-typescript-api\\node_modules\\ts-node\\src\\index.ts","function":"Object.compile","line":968,"method":"compile","native":false},{"column":42,"file":"C:\\Workflow\\projects\\git\\templates\\node-express-typescript-api\\node_modules\\ts-node\\src\\index.ts","function":"Module.m._compile","line":1056,"method":"_compile","native":false},{"column":10,"file":"internal/modules/cjs/loader.js","function":"Module._extensions..js","line":1157,"method":".js","native":false},{"column":12,"file":"C:\\Workflow\\projects\\git\\templates\\node-express-typescript-api\\node_modules\\ts-node\\src\\index.ts","function":"Object.require.extensions.<computed> [as .ts]","line":1059,"method":"ts]","native":false},{"column":32,"file":"internal/modules/cjs/loader.js","function":"Module.load","line":985,"method":"load","native":false},{"column":14,"file":"internal/modules/cjs/loader.js","function":"Module._load","line":878,"method":"_load","native":false},{"column":19,"file":"internal/modules/cjs/loader.js","function":"Module.require","line":1025,"method":"require","native":false}],"timestamp":"2020-12-12 17:40:57"}
{"message":"IP address: ::1, user: - | HTTP/1.1 GET /api responded with 200 - 16.44 ms - PostmanRuntime/7.26.8\n","level":"info","timestamp":"2020-12-12 17:41:33"}
{"error":{"diagnosticText":"\u001b[96msrc/routes/api/api.ts\u001b[0m:\u001b[93m2\u001b[0m:\u001b[93m1\u001b[0m - \u001b[91merror\u001b[0m\u001b[90m TS6133: \u001b[0m'userController' is declared but its value is never read.\r\n\r\n\u001b[30;47m2\u001b[0m import { router as userController } from './controllers/user/user';\r\n\u001b[30;47m \u001b[0m \u001b[91m~~~~~~~~~~~~~~~~~~~~~~~~~~~~~~~~~~~~~~~~~~~~~~~~~~~~~~~~~~~~~~~~~~~\u001b[0m\r\n\r\n","diagnosticCodes":[6133]},"level":"error","message":"uncaughtException: ⨯ Unable to compile TypeScript:\n\u001b[96msrc/routes/api/api.ts\u001b[0m:\u001b[93m2\u001b[0m:\u001b[93m1\u001b[0m - \u001b[91merror\u001b[0m\u001b[90m TS6133: \u001b[0m'userController' is declared but its value is never read.\r\n\r\n\u001b[30;47m2\u001b[0m import { router as userController } from './controllers/user/user';\r\n\u001b[30;47m \u001b[0m \u001b[91m~~~~~~~~~~~~~~~~~~~~~~~~~~~~~~~~~~~~~~~~~~~~~~~~~~~~~~~~~~~~~~~~~~~\u001b[0m\r\n\r\n\nTSError: ⨯ Unable to compile TypeScript:\n\u001b[96msrc/routes/api/api.ts\u001b[0m:\u001b[93m2\u001b[0m:\u001b[93m1\u001b[0m - \u001b[91merror\u001b[0m\u001b[90m TS6133: \u001b[0m'userController' is declared but its value is never read.\r\n\r\n\u001b[30;47m2\u001b[0m import { router as userController } from './controllers/user/user';\r\n\u001b[30;47m \u001b[0m \u001b[91m~~~~~~~~~~~~~~~~~~~~~~~~~~~~~~~~~~~~~~~~~~~~~~~~~~~~~~~~~~~~~~~~~~~\u001b[0m\r\n\r\n\n    at createTSError (C:\\Workflow\\projects\\git\\templates\\node-express-typescript-api\\node_modules\\ts-node\\src\\index.ts:513:12)\n    at reportTSError (C:\\Workflow\\projects\\git\\templates\\node-express-typescript-api\\node_modules\\ts-node\\src\\index.ts:517:19)\n    at getOutput (C:\\Workflow\\projects\\git\\templates\\node-express-typescript-api\\node_modules\\ts-node\\src\\index.ts:752:36)\n    at Object.compile (C:\\Workflow\\projects\\git\\templates\\node-express-typescript-api\\node_modules\\ts-node\\src\\index.ts:968:32)\n    at Module.m._compile (C:\\Workflow\\projects\\git\\templates\\node-express-typescript-api\\node_modules\\ts-node\\src\\index.ts:1056:42)\n    at Module._extensions..js (internal/modules/cjs/loader.js:1157:10)\n    at Object.require.extensions.<computed> [as .ts] (C:\\Workflow\\projects\\git\\templates\\node-express-typescript-api\\node_modules\\ts-node\\src\\index.ts:1059:12)\n    at Module.load (internal/modules/cjs/loader.js:985:32)\n    at Function.Module._load (internal/modules/cjs/loader.js:878:14)\n    at Module.require (internal/modules/cjs/loader.js:1025:19)","stack":"TSError: ⨯ Unable to compile TypeScript:\n\u001b[96msrc/routes/api/api.ts\u001b[0m:\u001b[93m2\u001b[0m:\u001b[93m1\u001b[0m - \u001b[91merror\u001b[0m\u001b[90m TS6133: \u001b[0m'userController' is declared but its value is never read.\r\n\r\n\u001b[30;47m2\u001b[0m import { router as userController } from './controllers/user/user';\r\n\u001b[30;47m \u001b[0m \u001b[91m~~~~~~~~~~~~~~~~~~~~~~~~~~~~~~~~~~~~~~~~~~~~~~~~~~~~~~~~~~~~~~~~~~~\u001b[0m\r\n\r\n\n    at createTSError (C:\\Workflow\\projects\\git\\templates\\node-express-typescript-api\\node_modules\\ts-node\\src\\index.ts:513:12)\n    at reportTSError (C:\\Workflow\\projects\\git\\templates\\node-express-typescript-api\\node_modules\\ts-node\\src\\index.ts:517:19)\n    at getOutput (C:\\Workflow\\projects\\git\\templates\\node-express-typescript-api\\node_modules\\ts-node\\src\\index.ts:752:36)\n    at Object.compile (C:\\Workflow\\projects\\git\\templates\\node-express-typescript-api\\node_modules\\ts-node\\src\\index.ts:968:32)\n    at Module.m._compile (C:\\Workflow\\projects\\git\\templates\\node-express-typescript-api\\node_modules\\ts-node\\src\\index.ts:1056:42)\n    at Module._extensions..js (internal/modules/cjs/loader.js:1157:10)\n    at Object.require.extensions.<computed> [as .ts] (C:\\Workflow\\projects\\git\\templates\\node-express-typescript-api\\node_modules\\ts-node\\src\\index.ts:1059:12)\n    at Module.load (internal/modules/cjs/loader.js:985:32)\n    at Function.Module._load (internal/modules/cjs/loader.js:878:14)\n    at Module.require (internal/modules/cjs/loader.js:1025:19)","exception":true,"date":"Sat Dec 12 2020 17:43:58 GMT+0100 (GMT+01:00)","process":{"pid":3976,"uid":null,"gid":null,"cwd":"C:\\Workflow\\projects\\git\\templates\\node-express-typescript-api","execPath":"C:\\Program Files\\nodejs\\node.exe","version":"v12.18.3","argv":["C:\\Workflow\\projects\\git\\templates\\node-express-typescript-api\\node_modules\\ts-node\\dist\\bin.js","C:\\Workflow\\projects\\git\\templates\\node-express-typescript-api\\src\\index.ts"],"memoryUsage":{"rss":158113792,"heapTotal":131190784,"heapUsed":107432776,"external":2225905,"arrayBuffers":398283}},"os":{"loadavg":[0,0,0],"uptime":23482},"trace":[{"column":12,"file":"C:\\Workflow\\projects\\git\\templates\\node-express-typescript-api\\node_modules\\ts-node\\src\\index.ts","function":"createTSError","line":513,"method":null,"native":false},{"column":19,"file":"C:\\Workflow\\projects\\git\\templates\\node-express-typescript-api\\node_modules\\ts-node\\src\\index.ts","function":"reportTSError","line":517,"method":null,"native":false},{"column":36,"file":"C:\\Workflow\\projects\\git\\templates\\node-express-typescript-api\\node_modules\\ts-node\\src\\index.ts","function":"getOutput","line":752,"method":null,"native":false},{"column":32,"file":"C:\\Workflow\\projects\\git\\templates\\node-express-typescript-api\\node_modules\\ts-node\\src\\index.ts","function":"Object.compile","line":968,"method":"compile","native":false},{"column":42,"file":"C:\\Workflow\\projects\\git\\templates\\node-express-typescript-api\\node_modules\\ts-node\\src\\index.ts","function":"Module.m._compile","line":1056,"method":"_compile","native":false},{"column":10,"file":"internal/modules/cjs/loader.js","function":"Module._extensions..js","line":1157,"method":".js","native":false},{"column":12,"file":"C:\\Workflow\\projects\\git\\templates\\node-express-typescript-api\\node_modules\\ts-node\\src\\index.ts","function":"Object.require.extensions.<computed> [as .ts]","line":1059,"method":"ts]","native":false},{"column":32,"file":"internal/modules/cjs/loader.js","function":"Module.load","line":985,"method":"load","native":false},{"column":14,"file":"internal/modules/cjs/loader.js","function":"Module._load","line":878,"method":"_load","native":false},{"column":19,"file":"internal/modules/cjs/loader.js","function":"Module.require","line":1025,"method":"require","native":false}],"timestamp":"2020-12-12 17:43:58"}
{"error":{"diagnosticText":"\u001b[96msrc/routes/api/api.ts\u001b[0m:\u001b[93m11\u001b[0m:\u001b[93m23\u001b[0m - \u001b[91merror\u001b[0m\u001b[90m TS2304: \u001b[0mCannot find name 'uploadController'.\r\n\r\n\u001b[30;47m11\u001b[0m router.use('/upload', uploadController);\r\n\u001b[30;47m  \u001b[0m \u001b[91m                      ~~~~~~~~~~~~~~~~\u001b[0m\r\n\r\n","diagnosticCodes":[2304]},"level":"error","message":"uncaughtException: ⨯ Unable to compile TypeScript:\n\u001b[96msrc/routes/api/api.ts\u001b[0m:\u001b[93m11\u001b[0m:\u001b[93m23\u001b[0m - \u001b[91merror\u001b[0m\u001b[90m TS2304: \u001b[0mCannot find name 'uploadController'.\r\n\r\n\u001b[30;47m11\u001b[0m router.use('/upload', uploadController);\r\n\u001b[30;47m  \u001b[0m \u001b[91m                      ~~~~~~~~~~~~~~~~\u001b[0m\r\n\r\n\nTSError: ⨯ Unable to compile TypeScript:\n\u001b[96msrc/routes/api/api.ts\u001b[0m:\u001b[93m11\u001b[0m:\u001b[93m23\u001b[0m - \u001b[91merror\u001b[0m\u001b[90m TS2304: \u001b[0mCannot find name 'uploadController'.\r\n\r\n\u001b[30;47m11\u001b[0m router.use('/upload', uploadController);\r\n\u001b[30;47m  \u001b[0m \u001b[91m                      ~~~~~~~~~~~~~~~~\u001b[0m\r\n\r\n\n    at createTSError (C:\\Workflow\\projects\\git\\templates\\node-express-typescript-api\\node_modules\\ts-node\\src\\index.ts:513:12)\n    at reportTSError (C:\\Workflow\\projects\\git\\templates\\node-express-typescript-api\\node_modules\\ts-node\\src\\index.ts:517:19)\n    at getOutput (C:\\Workflow\\projects\\git\\templates\\node-express-typescript-api\\node_modules\\ts-node\\src\\index.ts:752:36)\n    at Object.compile (C:\\Workflow\\projects\\git\\templates\\node-express-typescript-api\\node_modules\\ts-node\\src\\index.ts:968:32)\n    at Module.m._compile (C:\\Workflow\\projects\\git\\templates\\node-express-typescript-api\\node_modules\\ts-node\\src\\index.ts:1056:42)\n    at Module._extensions..js (internal/modules/cjs/loader.js:1157:10)\n    at Object.require.extensions.<computed> [as .ts] (C:\\Workflow\\projects\\git\\templates\\node-express-typescript-api\\node_modules\\ts-node\\src\\index.ts:1059:12)\n    at Module.load (internal/modules/cjs/loader.js:985:32)\n    at Function.Module._load (internal/modules/cjs/loader.js:878:14)\n    at Module.require (internal/modules/cjs/loader.js:1025:19)","stack":"TSError: ⨯ Unable to compile TypeScript:\n\u001b[96msrc/routes/api/api.ts\u001b[0m:\u001b[93m11\u001b[0m:\u001b[93m23\u001b[0m - \u001b[91merror\u001b[0m\u001b[90m TS2304: \u001b[0mCannot find name 'uploadController'.\r\n\r\n\u001b[30;47m11\u001b[0m router.use('/upload', uploadController);\r\n\u001b[30;47m  \u001b[0m \u001b[91m                      ~~~~~~~~~~~~~~~~\u001b[0m\r\n\r\n\n    at createTSError (C:\\Workflow\\projects\\git\\templates\\node-express-typescript-api\\node_modules\\ts-node\\src\\index.ts:513:12)\n    at reportTSError (C:\\Workflow\\projects\\git\\templates\\node-express-typescript-api\\node_modules\\ts-node\\src\\index.ts:517:19)\n    at getOutput (C:\\Workflow\\projects\\git\\templates\\node-express-typescript-api\\node_modules\\ts-node\\src\\index.ts:752:36)\n    at Object.compile (C:\\Workflow\\projects\\git\\templates\\node-express-typescript-api\\node_modules\\ts-node\\src\\index.ts:968:32)\n    at Module.m._compile (C:\\Workflow\\projects\\git\\templates\\node-express-typescript-api\\node_modules\\ts-node\\src\\index.ts:1056:42)\n    at Module._extensions..js (internal/modules/cjs/loader.js:1157:10)\n    at Object.require.extensions.<computed> [as .ts] (C:\\Workflow\\projects\\git\\templates\\node-express-typescript-api\\node_modules\\ts-node\\src\\index.ts:1059:12)\n    at Module.load (internal/modules/cjs/loader.js:985:32)\n    at Function.Module._load (internal/modules/cjs/loader.js:878:14)\n    at Module.require (internal/modules/cjs/loader.js:1025:19)","exception":true,"date":"Sat Dec 12 2020 17:44:11 GMT+0100 (GMT+01:00)","process":{"pid":4748,"uid":null,"gid":null,"cwd":"C:\\Workflow\\projects\\git\\templates\\node-express-typescript-api","execPath":"C:\\Program Files\\nodejs\\node.exe","version":"v12.18.3","argv":["C:\\Workflow\\projects\\git\\templates\\node-express-typescript-api\\node_modules\\ts-node\\dist\\bin.js","C:\\Workflow\\projects\\git\\templates\\node-express-typescript-api\\src\\index.ts"],"memoryUsage":{"rss":158367744,"heapTotal":131452928,"heapUsed":106971024,"external":2187420,"arrayBuffers":359798}},"os":{"loadavg":[0,0,0],"uptime":23494},"trace":[{"column":12,"file":"C:\\Workflow\\projects\\git\\templates\\node-express-typescript-api\\node_modules\\ts-node\\src\\index.ts","function":"createTSError","line":513,"method":null,"native":false},{"column":19,"file":"C:\\Workflow\\projects\\git\\templates\\node-express-typescript-api\\node_modules\\ts-node\\src\\index.ts","function":"reportTSError","line":517,"method":null,"native":false},{"column":36,"file":"C:\\Workflow\\projects\\git\\templates\\node-express-typescript-api\\node_modules\\ts-node\\src\\index.ts","function":"getOutput","line":752,"method":null,"native":false},{"column":32,"file":"C:\\Workflow\\projects\\git\\templates\\node-express-typescript-api\\node_modules\\ts-node\\src\\index.ts","function":"Object.compile","line":968,"method":"compile","native":false},{"column":42,"file":"C:\\Workflow\\projects\\git\\templates\\node-express-typescript-api\\node_modules\\ts-node\\src\\index.ts","function":"Module.m._compile","line":1056,"method":"_compile","native":false},{"column":10,"file":"internal/modules/cjs/loader.js","function":"Module._extensions..js","line":1157,"method":".js","native":false},{"column":12,"file":"C:\\Workflow\\projects\\git\\templates\\node-express-typescript-api\\node_modules\\ts-node\\src\\index.ts","function":"Object.require.extensions.<computed> [as .ts]","line":1059,"method":"ts]","native":false},{"column":32,"file":"internal/modules/cjs/loader.js","function":"Module.load","line":985,"method":"load","native":false},{"column":14,"file":"internal/modules/cjs/loader.js","function":"Module._load","line":878,"method":"_load","native":false},{"column":19,"file":"internal/modules/cjs/loader.js","function":"Module.require","line":1025,"method":"require","native":false}],"timestamp":"2020-12-12 17:44:11"}
